-- The C compiler identification is GNU 13.3.0
-- The CXX compiler identification is GNU 13.3.0
-- Detecting C compiler ABI info
-- Detecting C compiler ABI info - done
-- Check for working C compiler: /usr/bin/cc - skipped
-- Detecting C compile features
-- Detecting C compile features - done
-- Detecting CXX compiler ABI info
-- Detecting CXX compiler ABI info - done
-- Check for working CXX compiler: /usr/bin/c++ - skipped
-- Detecting CXX compile features
-- Detecting CXX compile features - done
-- Found ament_cmake: 2.5.5 (/opt/ros/jazzy/share/ament_cmake/cmake)
-- Found Python3: /home/aditya/venv-ardupilot/bin/python3 (found version "3.12.3") found components: Interpreter 
-- Override CMake install command with custom implementation using symlinks instead of copying resources
-- Found rclcpp: 28.1.16 (/opt/ros/jazzy/share/rclcpp/cmake)
-- Found rosidl_generator_c: 4.6.7 (/opt/ros/jazzy/share/rosidl_generator_c/cmake)
-- Found rosidl_generator_cpp: 4.6.7 (/opt/ros/jazzy/share/rosidl_generator_cpp/cmake)
-- Using all available rosidl_typesupport_c: rosidl_typesupport_fastrtps_c;rosidl_typesupport_introspection_c
-- Using all available rosidl_typesupport_cpp: rosidl_typesupport_fastrtps_cpp;rosidl_typesupport_introspection_cpp
-- Found rmw_implementation_cmake: 7.3.3 (/opt/ros/jazzy/share/rmw_implementation_cmake/cmake)
-- Found rmw_fastrtps_cpp: 8.4.3 (/opt/ros/jazzy/share/rmw_fastrtps_cpp/cmake)
-- Found OpenSSL: /usr/lib/x86_64-linux-gnu/libcrypto.so (found version "3.0.13")  
-- Found FastRTPS: /opt/ros/jazzy/include (Required is at least version "2.13") 
-- Using RMW implementation 'rmw_fastrtps_cpp' as default
-- Found std_msgs: 5.3.6 (/opt/ros/jazzy/share/std_msgs/cmake)
-- Found rclpy: 7.1.9 (/opt/ros/jazzy/share/rclpy/cmake)
-- Found PkgConfig: /usr/bin/pkg-config (found version "1.8.1") 
-- Checking for module 'libserial'
--   Found libserial, version 1.0.0
-- Configuring done (4.3s)
-- Generating done (0.0s)
-- Build files have been written to: /home/aditya/Dexter/build/dexter_firmware
[ 25%] Building CXX object CMakeFiles/simple_serial_receiver.dir/src/simple_serial_receiver.cpp.o
[ 50%] Building CXX object CMakeFiles/simple_serial_transmitter.dir/src/simple_serial_transmitter.cpp.o
[ 50%] Built target ament_cmake_python_symlink_dexter_firmware
running egg_info
creating dexter_firmware.egg-info
writing dexter_firmware.egg-info/PKG-INFO
writing dependency_links to dexter_firmware.egg-info/dependency_links.txt
writing top-level names to dexter_firmware.egg-info/top_level.txt
writing manifest file 'dexter_firmware.egg-info/SOURCES.txt'
reading manifest file 'dexter_firmware.egg-info/SOURCES.txt'
writing manifest file 'dexter_firmware.egg-info/SOURCES.txt'
[ 50%] Built target ament_cmake_python_build_dexter_firmware_egg
[ 75%] Linking CXX executable simple_serial_receiver
[ 75%] Built target simple_serial_receiver
[100%] Linking CXX executable simple_serial_transmitter
[100%] Built target simple_serial_transmitter
-- Install configuration: ""
-- Execute custom install script
-- Symlinking: /home/aditya/Dexter/install/dexter_firmware/share/dexter_firmware/environment/pythonpath.sh
-- Symlinking: /home/aditya/Dexter/install/dexter_firmware/share/dexter_firmware/environment/pythonpath.dsv
-- Symlinking: /home/aditya/Dexter/install/dexter_firmware/lib/python3.12/site-packages/dexter_firmware-0.0.0-py3.12.egg-info/PKG-INFO
-- Symlinking: /home/aditya/Dexter/install/dexter_firmware/lib/python3.12/site-packages/dexter_firmware-0.0.0-py3.12.egg-info/SOURCES.txt
-- Symlinking: /home/aditya/Dexter/install/dexter_firmware/lib/python3.12/site-packages/dexter_firmware-0.0.0-py3.12.egg-info/dependency_links.txt
-- Symlinking: /home/aditya/Dexter/install/dexter_firmware/lib/python3.12/site-packages/dexter_firmware-0.0.0-py3.12.egg-info/top_level.txt
-- Symlinking: /home/aditya/Dexter/install/dexter_firmware/lib/python3.12/site-packages/dexter_firmware/__init__.py
-- Symlinking: /home/aditya/Dexter/install/dexter_firmware/lib/python3.12/site-packages/dexter_firmware/simple_serial_receiver.py
-- Symlinking: /home/aditya/Dexter/install/dexter_firmware/lib/python3.12/site-packages/dexter_firmware/simple_serial_transmitter.py
-- Symlinking: /home/aditya/Dexter/install/dexter_firmware/bin/simple_serial_receiver
-- Symlinking: /home/aditya/Dexter/install/dexter_firmware/bin/simple_serial_transmitter
-- Symlinking: /home/aditya/Dexter/install/dexter_firmware/lib/dexter_firmware/simple_serial_transmitter.py
-- Symlinking: /home/aditya/Dexter/install/dexter_firmware/lib/dexter_firmware/simple_serial_receiver.py
-- Symlinking: /home/aditya/Dexter/install/dexter_firmware/share/ament_index/resource_index/package_run_dependencies/dexter_firmware
-- Symlinking: /home/aditya/Dexter/install/dexter_firmware/share/ament_index/resource_index/parent_prefix_path/dexter_firmware
-- Symlinking: /home/aditya/Dexter/install/dexter_firmware/share/dexter_firmware/environment/ament_prefix_path.sh
-- Symlinking: /home/aditya/Dexter/install/dexter_firmware/share/dexter_firmware/environment/ament_prefix_path.dsv
-- Symlinking: /home/aditya/Dexter/install/dexter_firmware/share/dexter_firmware/environment/path.sh
-- Symlinking: /home/aditya/Dexter/install/dexter_firmware/share/dexter_firmware/environment/path.dsv
-- Symlinking: /home/aditya/Dexter/install/dexter_firmware/share/dexter_firmware/local_setup.bash
-- Symlinking: /home/aditya/Dexter/install/dexter_firmware/share/dexter_firmware/local_setup.sh
-- Symlinking: /home/aditya/Dexter/install/dexter_firmware/share/dexter_firmware/local_setup.zsh
-- Symlinking: /home/aditya/Dexter/install/dexter_firmware/share/dexter_firmware/local_setup.dsv
-- Symlinking: /home/aditya/Dexter/install/dexter_firmware/share/dexter_firmware/package.dsv
-- Symlinking: /home/aditya/Dexter/install/dexter_firmware/share/ament_index/resource_index/packages/dexter_firmware
-- Symlinking: /home/aditya/Dexter/install/dexter_firmware/share/dexter_firmware/cmake/dexter_firmwareConfig.cmake
-- Symlinking: /home/aditya/Dexter/install/dexter_firmware/share/dexter_firmware/cmake/dexter_firmwareConfig-version.cmake
-- Symlinking: /home/aditya/Dexter/install/dexter_firmware/share/dexter_firmware/package.xml
Listing '/home/aditya/Dexter/install/dexter_firmware/lib/python3.12/site-packages/dexter_firmware'...
Compiling '/home/aditya/Dexter/install/dexter_firmware/lib/python3.12/site-packages/dexter_firmware/__init__.py'...
Compiling '/home/aditya/Dexter/install/dexter_firmware/lib/python3.12/site-packages/dexter_firmware/simple_serial_receiver.py'...
Compiling '/home/aditya/Dexter/install/dexter_firmware/lib/python3.12/site-packages/dexter_firmware/simple_serial_transmitter.py'...
