-- The C compiler identification is GNU 13.3.0
-- The CXX compiler identification is GNU 13.3.0
-- Detecting C compiler ABI info
-- Detecting C compiler ABI info - done
-- Check for working C compiler: /usr/bin/cc - skipped
-- Detecting C compile features
-- Detecting C compile features - done
-- Detecting CXX compiler ABI info
-- Detecting CXX compiler ABI info - done
-- Check for working CXX compiler: /usr/bin/c++ - skipped
-- Detecting CXX compile features
-- Detecting CXX compile features - done
-- Found ament_cmake: 2.5.5 (/opt/ros/jazzy/share/ament_cmake/cmake)
-- Found Python3: /home/aditya/venv-ardupilot/bin/python3 (found version "3.12.3") found components: Interpreter 
-- Override CMake install command with custom implementation using symlinks instead of copying resources
-- Configuring done (2.3s)
-- Generating done (0.0s)
-- Build files have been written to: /home/aditya/Dexter/build/dexter_bringup
-- Install configuration: ""
-- Execute custom install script
-- Symlinking: /home/aditya/Dexter/install/dexter_bringup/share/dexter_bringup/launch/real_robot.launch.py
-- Symlinking: /home/aditya/Dexter/install/dexter_bringup/share/dexter_bringup/launch/simulated_robot.launch.py
-- Symlinking: /home/aditya/Dexter/install/dexter_bringup/share/ament_index/resource_index/package_run_dependencies/dexter_bringup
-- Symlinking: /home/aditya/Dexter/install/dexter_bringup/share/ament_index/resource_index/parent_prefix_path/dexter_bringup
-- Symlinking: /home/aditya/Dexter/install/dexter_bringup/share/dexter_bringup/environment/ament_prefix_path.sh
-- Symlinking: /home/aditya/Dexter/install/dexter_bringup/share/dexter_bringup/environment/ament_prefix_path.dsv
-- Symlinking: /home/aditya/Dexter/install/dexter_bringup/share/dexter_bringup/environment/path.sh
-- Symlinking: /home/aditya/Dexter/install/dexter_bringup/share/dexter_bringup/environment/path.dsv
-- Symlinking: /home/aditya/Dexter/install/dexter_bringup/share/dexter_bringup/local_setup.bash
-- Symlinking: /home/aditya/Dexter/install/dexter_bringup/share/dexter_bringup/local_setup.sh
-- Symlinking: /home/aditya/Dexter/install/dexter_bringup/share/dexter_bringup/local_setup.zsh
-- Symlinking: /home/aditya/Dexter/install/dexter_bringup/share/dexter_bringup/local_setup.dsv
-- Symlinking: /home/aditya/Dexter/install/dexter_bringup/share/dexter_bringup/package.dsv
-- Symlinking: /home/aditya/Dexter/install/dexter_bringup/share/ament_index/resource_index/packages/dexter_bringup
-- Symlinking: /home/aditya/Dexter/install/dexter_bringup/share/dexter_bringup/cmake/dexter_bringupConfig.cmake
-- Symlinking: /home/aditya/Dexter/install/dexter_bringup/share/dexter_bringup/cmake/dexter_bringupConfig-version.cmake
-- Symlinking: /home/aditya/Dexter/install/dexter_bringup/share/dexter_bringup/package.xml
