-- Found ament_cmake: 2.5.5 (/opt/ros/jazzy/share/ament_cmake/cmake)
-- Override CMake install command with custom implementation using symlinks instead of copying resources
-- Found trajectory_msgs: 5.3.6 (/opt/ros/jazzy/share/trajectory_msgs/cmake)
-- Found rosidl_generator_c: 4.6.7 (/opt/ros/jazzy/share/rosidl_generator_c/cmake)
-- Found rosidl_generator_cpp: 4.6.7 (/opt/ros/jazzy/share/rosidl_generator_cpp/cmake)
-- Using all available rosidl_typesupport_c: rosidl_typesupport_fastrtps_c;rosidl_typesupport_introspection_c
-- Using all available rosidl_typesupport_cpp: rosidl_typesupport_fastrtps_cpp;rosidl_typesupport_introspection_cpp
-- Found sensor_msgs: 5.3.6 (/opt/ros/jazzy/share/sensor_msgs/cmake)
-- Found rclcpp: 28.1.16 (/opt/ros/jazzy/share/rclcpp/cmake)
-- Found rmw_implementation_cmake: 7.3.3 (/opt/ros/jazzy/share/rmw_implementation_cmake/cmake)
-- Found rmw_fastrtps_cpp: 8.4.3 (/opt/ros/jazzy/share/rmw_fastrtps_cpp/cmake)
-- Using RMW implementation 'rmw_fastrtps_cpp' as default
-- Found rclpy: 7.1.9 (/opt/ros/jazzy/share/rclpy/cmake)
-- Found hardware_interface: 4.42.2 (/opt/ros/jazzy/share/hardware_interface/cmake)
-- Configuring done (2.8s)
-- Generating done (0.0s)
-- Build files have been written to: /home/aditya/Dexter/build/dexter_controller
[ 25%] Built target ament_cmake_python_symlink_dexter_controller
[ 50%] Built target slider_control
[100%] Built target dexter_controller
running egg_info
writing dexter_controller.egg-info/PKG-INFO
writing dependency_links to dexter_controller.egg-info/dependency_links.txt
writing top-level names to dexter_controller.egg-info/top_level.txt
reading manifest file 'dexter_controller.egg-info/SOURCES.txt'
writing manifest file 'dexter_controller.egg-info/SOURCES.txt'
[100%] Built target ament_cmake_python_build_dexter_controller_egg
-- Install configuration: ""
-- Execute custom install script
-- Up-to-date symlink: /home/aditya/Dexter/install/dexter_controller/share/dexter_controller//dexter_controller.xml
-- Up-to-date symlink: /home/aditya/Dexter/install/dexter_controller/share/dexter_controller/environment/pythonpath.sh
-- Up-to-date symlink: /home/aditya/Dexter/install/dexter_controller/share/dexter_controller/environment/pythonpath.dsv
-- Up-to-date symlink: /home/aditya/Dexter/install/dexter_controller/lib/python3.12/site-packages/dexter_controller-0.0.0-py3.12.egg-info/PKG-INFO
-- Up-to-date symlink: /home/aditya/Dexter/install/dexter_controller/lib/python3.12/site-packages/dexter_controller-0.0.0-py3.12.egg-info/SOURCES.txt
-- Up-to-date symlink: /home/aditya/Dexter/install/dexter_controller/lib/python3.12/site-packages/dexter_controller-0.0.0-py3.12.egg-info/dependency_links.txt
-- Up-to-date symlink: /home/aditya/Dexter/install/dexter_controller/lib/python3.12/site-packages/dexter_controller-0.0.0-py3.12.egg-info/top_level.txt
-- Up-to-date symlink: /home/aditya/Dexter/install/dexter_controller/lib/python3.12/site-packages/dexter_controller/__init__.py
-- Up-to-date symlink: /home/aditya/Dexter/install/dexter_controller/lib/python3.12/site-packages/dexter_controller/slider_control.py
-- Up-to-date symlink: /home/aditya/Dexter/install/dexter_controller/lib/dexter_controller/slider_control
-- Up-to-date symlink: /home/aditya/Dexter/install/dexter_controller/lib/libdexter_controller.so
-- Up-to-date symlink: /home/aditya/Dexter/install/dexter_controller/include/include/dexter_controller/dexter_interface.hpp
-- Up-to-date symlink: /home/aditya/Dexter/install/dexter_controller/share/dexter_controller/launch/controller.launch.py
-- Up-to-date symlink: /home/aditya/Dexter/install/dexter_controller/share/dexter_controller/launch/slider_controller.launch.py
-- Up-to-date symlink: /home/aditya/Dexter/install/dexter_controller/share/dexter_controller/config/dexter_controllers.yaml
-- Up-to-date symlink: /home/aditya/Dexter/install/dexter_controller/lib/dexter_controller/slider_control.py
-- Up-to-date symlink: /home/aditya/Dexter/install/dexter_controller/share/dexter_controller/environment/library_path.sh
-- Up-to-date symlink: /home/aditya/Dexter/install/dexter_controller/share/dexter_controller/environment/library_path.dsv
-- Up-to-date symlink: /home/aditya/Dexter/install/dexter_controller/share/ament_index/resource_index/package_run_dependencies/dexter_controller
-- Up-to-date symlink: /home/aditya/Dexter/install/dexter_controller/share/ament_index/resource_index/parent_prefix_path/dexter_controller
-- Up-to-date symlink: /home/aditya/Dexter/install/dexter_controller/share/dexter_controller/environment/ament_prefix_path.sh
-- Up-to-date symlink: /home/aditya/Dexter/install/dexter_controller/share/dexter_controller/environment/ament_prefix_path.dsv
-- Up-to-date symlink: /home/aditya/Dexter/install/dexter_controller/share/dexter_controller/environment/path.sh
-- Up-to-date symlink: /home/aditya/Dexter/install/dexter_controller/share/dexter_controller/environment/path.dsv
-- Up-to-date symlink: /home/aditya/Dexter/install/dexter_controller/share/dexter_controller/local_setup.bash
-- Up-to-date symlink: /home/aditya/Dexter/install/dexter_controller/share/dexter_controller/local_setup.sh
-- Up-to-date symlink: /home/aditya/Dexter/install/dexter_controller/share/dexter_controller/local_setup.zsh
-- Up-to-date symlink: /home/aditya/Dexter/install/dexter_controller/share/dexter_controller/local_setup.dsv
-- Symlinking: /home/aditya/Dexter/install/dexter_controller/share/dexter_controller/package.dsv
-- Up-to-date symlink: /home/aditya/Dexter/install/dexter_controller/share/ament_index/resource_index/packages/dexter_controller
-- Up-to-date symlink: /home/aditya/Dexter/install/dexter_controller/share/ament_index/resource_index/hardware_interface__pluginlib__plugin/dexter_controller
-- Up-to-date symlink: /home/aditya/Dexter/install/dexter_controller/share/dexter_controller/cmake/ament_cmake_export_include_directories-extras.cmake
-- Up-to-date symlink: /home/aditya/Dexter/install/dexter_controller/share/dexter_controller/cmake/ament_cmake_export_libraries-extras.cmake
-- Up-to-date symlink: /home/aditya/Dexter/install/dexter_controller/share/dexter_controller/cmake/ament_cmake_export_dependencies-extras.cmake
-- Up-to-date symlink: /home/aditya/Dexter/install/dexter_controller/share/dexter_controller/cmake/dexter_controllerConfig.cmake
-- Up-to-date symlink: /home/aditya/Dexter/install/dexter_controller/share/dexter_controller/cmake/dexter_controllerConfig-version.cmake
-- Up-to-date symlink: /home/aditya/Dexter/install/dexter_controller/share/dexter_controller/package.xml
Listing '/home/aditya/Dexter/install/dexter_controller/lib/python3.12/site-packages/dexter_controller'...
