[0.027s] Invoking command in '/home/aditya/Dexter/build/dexter_controller': CMAKE_PREFIX_PATH=/home/aditya/Dexter/install/dexter_description:/home/aditya/Dexter/install/dexter_utils:/home/aditya/Dexter/install/dexter_bringup:/home/aditya/Dexter/install/dexter_remote:/home/aditya/Dexter/install/dexter_cpp_examples:/home/aditya/Dexter/install/dexter_msgs:/home/aditya/Dexter/install/dexter_moveit:/home/aditya/Dexter/install/dexter_firmware:/home/aditya/Dexter/install/dexter_controller:/home/aditya/ros2_ws/install/my_robot_bringup:/home/aditya/ros2_ws/install/my_cpp_pkg:/home/aditya/ros2_ws/install/my_robot_interfaces:/opt/ros/jazzy/opt/gz_sim_vendor:/opt/ros/jazzy/opt/gz_sensors_vendor:/opt/ros/jazzy/opt/gz_physics_vendor:/opt/ros/jazzy/opt/sdformat_vendor:/opt/ros/jazzy/opt/gz_gui_vendor:/opt/ros/jazzy/opt/gz_transport_vendor:/opt/ros/jazzy/opt/gz_rendering_vendor:/opt/ros/jazzy/opt/gz_plugin_vendor:/opt/ros/jazzy/opt/gz_fuel_tools_vendor:/opt/ros/jazzy/opt/gz_msgs_vendor:/opt/ros/jazzy/opt/gz_common_vendor:/opt/ros/jazzy/opt/gz_math_vendor:/opt/ros/jazzy/opt/gz_utils_vendor:/opt/ros/jazzy/opt/gz_tools_vendor:/opt/ros/jazzy/opt/gz_ogre_next_vendor:/opt/ros/jazzy/opt/gz_dartsim_vendor:/opt/ros/jazzy/opt/gz_cmake_vendor:/home/aditya/Dexter/install/dexter_py_examples:/home/aditya/ros2_ws/install/my_py_pkg:/opt/ros/jazzy DEBUGINFOD_URLS=https://debuginfod.ubuntu.com PS1=\[\e]0;\u@\h: \w\a\]${debian_chroot:+($debian_chroot)}\[\033[01;32m\]\u@\h\[\033[00m\]:\[\033[01;34m\]\w\[\033[00m\]\$ VIRTUAL_ENV_PROMPT=(venv-ardupilot) /usr/bin/cmake /home/aditya/Dexter/dexter_controller -DCMAKE_INSTALL_PREFIX=/home/aditya/Dexter/install/dexter_controller
[0.064s] -- Found ament_cmake: 2.5.5 (/opt/ros/jazzy/share/ament_cmake/cmake)
[0.692s] -- Override CMake install command with custom implementation using symlinks instead of copying resources
[0.712s] -- Found trajectory_msgs: 5.3.6 (/opt/ros/jazzy/share/trajectory_msgs/cmake)
[0.794s] -- Found rosidl_generator_c: 4.6.7 (/opt/ros/jazzy/share/rosidl_generator_c/cmake)
[0.819s] -- Found rosidl_generator_cpp: 4.6.7 (/opt/ros/jazzy/share/rosidl_generator_cpp/cmake)
[0.845s] -- Using all available rosidl_typesupport_c: rosidl_typesupport_fastrtps_c;rosidl_typesupport_introspection_c
[0.885s] -- Using all available rosidl_typesupport_cpp: rosidl_typesupport_fastrtps_cpp;rosidl_typesupport_introspection_cpp
[1.103s] -- Found sensor_msgs: 5.3.6 (/opt/ros/jazzy/share/sensor_msgs/cmake)
[1.213s] -- Found rclcpp: 28.1.16 (/opt/ros/jazzy/share/rclcpp/cmake)
[1.319s] -- Found rmw_implementation_cmake: 7.3.3 (/opt/ros/jazzy/share/rmw_implementation_cmake/cmake)
[1.324s] -- Found rmw_fastrtps_cpp: 8.4.3 (/opt/ros/jazzy/share/rmw_fastrtps_cpp/cmake)
[1.531s] -- Using RMW implementation 'rmw_fastrtps_cpp' as default
[1.721s] -- Found rclpy: 7.1.9 (/opt/ros/jazzy/share/rclpy/cmake)
[1.721s] -- Found hardware_interface: 4.42.2 (/opt/ros/jazzy/share/hardware_interface/cmake)
[2.839s] -- Configuring done (2.8s)
[2.902s] -- Generating done (0.0s)
[2.919s] -- Build files have been written to: /home/aditya/Dexter/build/dexter_controller
[2.942s] Invoked command in '/home/aditya/Dexter/build/dexter_controller' returned '0': CMAKE_PREFIX_PATH=/home/aditya/Dexter/install/dexter_description:/home/aditya/Dexter/install/dexter_utils:/home/aditya/Dexter/install/dexter_bringup:/home/aditya/Dexter/install/dexter_remote:/home/aditya/Dexter/install/dexter_cpp_examples:/home/aditya/Dexter/install/dexter_msgs:/home/aditya/Dexter/install/dexter_moveit:/home/aditya/Dexter/install/dexter_firmware:/home/aditya/Dexter/install/dexter_controller:/home/aditya/ros2_ws/install/my_robot_bringup:/home/aditya/ros2_ws/install/my_cpp_pkg:/home/aditya/ros2_ws/install/my_robot_interfaces:/opt/ros/jazzy/opt/gz_sim_vendor:/opt/ros/jazzy/opt/gz_sensors_vendor:/opt/ros/jazzy/opt/gz_physics_vendor:/opt/ros/jazzy/opt/sdformat_vendor:/opt/ros/jazzy/opt/gz_gui_vendor:/opt/ros/jazzy/opt/gz_transport_vendor:/opt/ros/jazzy/opt/gz_rendering_vendor:/opt/ros/jazzy/opt/gz_plugin_vendor:/opt/ros/jazzy/opt/gz_fuel_tools_vendor:/opt/ros/jazzy/opt/gz_msgs_vendor:/opt/ros/jazzy/opt/gz_common_vendor:/opt/ros/jazzy/opt/gz_math_vendor:/opt/ros/jazzy/opt/gz_utils_vendor:/opt/ros/jazzy/opt/gz_tools_vendor:/opt/ros/jazzy/opt/gz_ogre_next_vendor:/opt/ros/jazzy/opt/gz_dartsim_vendor:/opt/ros/jazzy/opt/gz_cmake_vendor:/home/aditya/Dexter/install/dexter_py_examples:/home/aditya/ros2_ws/install/my_py_pkg:/opt/ros/jazzy DEBUGINFOD_URLS=https://debuginfod.ubuntu.com PS1=\[\e]0;\u@\h: \w\a\]${debian_chroot:+($debian_chroot)}\[\033[01;32m\]\u@\h\[\033[00m\]:\[\033[01;34m\]\w\[\033[00m\]\$ VIRTUAL_ENV_PROMPT=(venv-ardupilot) /usr/bin/cmake /home/aditya/Dexter/dexter_controller -DCMAKE_INSTALL_PREFIX=/home/aditya/Dexter/install/dexter_controller
[2.945s] Invoking command in '/home/aditya/Dexter/build/dexter_controller': CMAKE_PREFIX_PATH=/home/aditya/Dexter/install/dexter_description:/home/aditya/Dexter/install/dexter_utils:/home/aditya/Dexter/install/dexter_bringup:/home/aditya/Dexter/install/dexter_remote:/home/aditya/Dexter/install/dexter_cpp_examples:/home/aditya/Dexter/install/dexter_msgs:/home/aditya/Dexter/install/dexter_moveit:/home/aditya/Dexter/install/dexter_firmware:/home/aditya/Dexter/install/dexter_controller:/home/aditya/ros2_ws/install/my_robot_bringup:/home/aditya/ros2_ws/install/my_cpp_pkg:/home/aditya/ros2_ws/install/my_robot_interfaces:/opt/ros/jazzy/opt/gz_sim_vendor:/opt/ros/jazzy/opt/gz_sensors_vendor:/opt/ros/jazzy/opt/gz_physics_vendor:/opt/ros/jazzy/opt/sdformat_vendor:/opt/ros/jazzy/opt/gz_gui_vendor:/opt/ros/jazzy/opt/gz_transport_vendor:/opt/ros/jazzy/opt/gz_rendering_vendor:/opt/ros/jazzy/opt/gz_plugin_vendor:/opt/ros/jazzy/opt/gz_fuel_tools_vendor:/opt/ros/jazzy/opt/gz_msgs_vendor:/opt/ros/jazzy/opt/gz_common_vendor:/opt/ros/jazzy/opt/gz_math_vendor:/opt/ros/jazzy/opt/gz_utils_vendor:/opt/ros/jazzy/opt/gz_tools_vendor:/opt/ros/jazzy/opt/gz_ogre_next_vendor:/opt/ros/jazzy/opt/gz_dartsim_vendor:/opt/ros/jazzy/opt/gz_cmake_vendor:/home/aditya/Dexter/install/dexter_py_examples:/home/aditya/ros2_ws/install/my_py_pkg:/opt/ros/jazzy DEBUGINFOD_URLS=https://debuginfod.ubuntu.com PS1=\[\e]0;\u@\h: \w\a\]${debian_chroot:+($debian_chroot)}\[\033[01;32m\]\u@\h\[\033[00m\]:\[\033[01;34m\]\w\[\033[00m\]\$ VIRTUAL_ENV_PROMPT=(venv-ardupilot) /usr/bin/cmake --build /home/aditya/Dexter/build/dexter_controller -- -j28 -l28
[3.118s] [ 25%] Built target ament_cmake_python_symlink_dexter_controller
[3.119s] [ 50%] Built target slider_control
[3.127s] [100%] Built target dexter_controller
[3.764s] running egg_info
[3.824s] writing dexter_controller.egg-info/PKG-INFO
[3.825s] writing dependency_links to dexter_controller.egg-info/dependency_links.txt
[3.825s] writing top-level names to dexter_controller.egg-info/top_level.txt
[3.991s] reading manifest file 'dexter_controller.egg-info/SOURCES.txt'
[3.994s] writing manifest file 'dexter_controller.egg-info/SOURCES.txt'
[4.068s] [100%] Built target ament_cmake_python_build_dexter_controller_egg
[4.249s] Invoked command in '/home/aditya/Dexter/build/dexter_controller' returned '0': CMAKE_PREFIX_PATH=/home/aditya/Dexter/install/dexter_description:/home/aditya/Dexter/install/dexter_utils:/home/aditya/Dexter/install/dexter_bringup:/home/aditya/Dexter/install/dexter_remote:/home/aditya/Dexter/install/dexter_cpp_examples:/home/aditya/Dexter/install/dexter_msgs:/home/aditya/Dexter/install/dexter_moveit:/home/aditya/Dexter/install/dexter_firmware:/home/aditya/Dexter/install/dexter_controller:/home/aditya/ros2_ws/install/my_robot_bringup:/home/aditya/ros2_ws/install/my_cpp_pkg:/home/aditya/ros2_ws/install/my_robot_interfaces:/opt/ros/jazzy/opt/gz_sim_vendor:/opt/ros/jazzy/opt/gz_sensors_vendor:/opt/ros/jazzy/opt/gz_physics_vendor:/opt/ros/jazzy/opt/sdformat_vendor:/opt/ros/jazzy/opt/gz_gui_vendor:/opt/ros/jazzy/opt/gz_transport_vendor:/opt/ros/jazzy/opt/gz_rendering_vendor:/opt/ros/jazzy/opt/gz_plugin_vendor:/opt/ros/jazzy/opt/gz_fuel_tools_vendor:/opt/ros/jazzy/opt/gz_msgs_vendor:/opt/ros/jazzy/opt/gz_common_vendor:/opt/ros/jazzy/opt/gz_math_vendor:/opt/ros/jazzy/opt/gz_utils_vendor:/opt/ros/jazzy/opt/gz_tools_vendor:/opt/ros/jazzy/opt/gz_ogre_next_vendor:/opt/ros/jazzy/opt/gz_dartsim_vendor:/opt/ros/jazzy/opt/gz_cmake_vendor:/home/aditya/Dexter/install/dexter_py_examples:/home/aditya/ros2_ws/install/my_py_pkg:/opt/ros/jazzy DEBUGINFOD_URLS=https://debuginfod.ubuntu.com PS1=\[\e]0;\u@\h: \w\a\]${debian_chroot:+($debian_chroot)}\[\033[01;32m\]\u@\h\[\033[00m\]:\[\033[01;34m\]\w\[\033[00m\]\$ VIRTUAL_ENV_PROMPT=(venv-ardupilot) /usr/bin/cmake --build /home/aditya/Dexter/build/dexter_controller -- -j28 -l28
[4.251s] Invoking command in '/home/aditya/Dexter/build/dexter_controller': CMAKE_PREFIX_PATH=/home/aditya/Dexter/install/dexter_description:/home/aditya/Dexter/install/dexter_utils:/home/aditya/Dexter/install/dexter_bringup:/home/aditya/Dexter/install/dexter_remote:/home/aditya/Dexter/install/dexter_cpp_examples:/home/aditya/Dexter/install/dexter_msgs:/home/aditya/Dexter/install/dexter_moveit:/home/aditya/Dexter/install/dexter_firmware:/home/aditya/Dexter/install/dexter_controller:/home/aditya/ros2_ws/install/my_robot_bringup:/home/aditya/ros2_ws/install/my_cpp_pkg:/home/aditya/ros2_ws/install/my_robot_interfaces:/opt/ros/jazzy/opt/gz_sim_vendor:/opt/ros/jazzy/opt/gz_sensors_vendor:/opt/ros/jazzy/opt/gz_physics_vendor:/opt/ros/jazzy/opt/sdformat_vendor:/opt/ros/jazzy/opt/gz_gui_vendor:/opt/ros/jazzy/opt/gz_transport_vendor:/opt/ros/jazzy/opt/gz_rendering_vendor:/opt/ros/jazzy/opt/gz_plugin_vendor:/opt/ros/jazzy/opt/gz_fuel_tools_vendor:/opt/ros/jazzy/opt/gz_msgs_vendor:/opt/ros/jazzy/opt/gz_common_vendor:/opt/ros/jazzy/opt/gz_math_vendor:/opt/ros/jazzy/opt/gz_utils_vendor:/opt/ros/jazzy/opt/gz_tools_vendor:/opt/ros/jazzy/opt/gz_ogre_next_vendor:/opt/ros/jazzy/opt/gz_dartsim_vendor:/opt/ros/jazzy/opt/gz_cmake_vendor:/home/aditya/Dexter/install/dexter_py_examples:/home/aditya/ros2_ws/install/my_py_pkg:/opt/ros/jazzy DEBUGINFOD_URLS=https://debuginfod.ubuntu.com PS1=\[\e]0;\u@\h: \w\a\]${debian_chroot:+($debian_chroot)}\[\033[01;32m\]\u@\h\[\033[00m\]:\[\033[01;34m\]\w\[\033[00m\]\$ VIRTUAL_ENV_PROMPT=(venv-ardupilot) /usr/bin/cmake --install /home/aditya/Dexter/build/dexter_controller
[4.271s] -- Install configuration: ""
[4.273s] -- Execute custom install script
[4.275s] -- Up-to-date symlink: /home/aditya/Dexter/install/dexter_controller/share/dexter_controller//dexter_controller.xml
[4.275s] -- Up-to-date symlink: /home/aditya/Dexter/install/dexter_controller/share/dexter_controller/environment/pythonpath.sh
[4.276s] -- Up-to-date symlink: /home/aditya/Dexter/install/dexter_controller/share/dexter_controller/environment/pythonpath.dsv
[4.277s] -- Up-to-date symlink: /home/aditya/Dexter/install/dexter_controller/lib/python3.12/site-packages/dexter_controller-0.0.0-py3.12.egg-info/PKG-INFO
[4.278s] -- Up-to-date symlink: /home/aditya/Dexter/install/dexter_controller/lib/python3.12/site-packages/dexter_controller-0.0.0-py3.12.egg-info/SOURCES.txt
[4.278s] -- Up-to-date symlink: /home/aditya/Dexter/install/dexter_controller/lib/python3.12/site-packages/dexter_controller-0.0.0-py3.12.egg-info/dependency_links.txt
[4.278s] -- Up-to-date symlink: /home/aditya/Dexter/install/dexter_controller/lib/python3.12/site-packages/dexter_controller-0.0.0-py3.12.egg-info/top_level.txt
[4.279s] -- Up-to-date symlink: /home/aditya/Dexter/install/dexter_controller/lib/python3.12/site-packages/dexter_controller/__init__.py
[4.280s] -- Up-to-date symlink: /home/aditya/Dexter/install/dexter_controller/lib/python3.12/site-packages/dexter_controller/slider_control.py
[4.281s] -- Up-to-date symlink: /home/aditya/Dexter/install/dexter_controller/lib/dexter_controller/slider_control
[4.282s] -- Up-to-date symlink: /home/aditya/Dexter/install/dexter_controller/lib/libdexter_controller.so
[4.283s] -- Up-to-date symlink: /home/aditya/Dexter/install/dexter_controller/include/include/dexter_controller/dexter_interface.hpp
[4.284s] -- Up-to-date symlink: /home/aditya/Dexter/install/dexter_controller/share/dexter_controller/launch/controller.launch.py
[4.285s] -- Up-to-date symlink: /home/aditya/Dexter/install/dexter_controller/share/dexter_controller/launch/slider_controller.launch.py
[4.285s] -- Up-to-date symlink: /home/aditya/Dexter/install/dexter_controller/share/dexter_controller/config/dexter_controllers.yaml
[4.286s] -- Up-to-date symlink: /home/aditya/Dexter/install/dexter_controller/lib/dexter_controller/slider_control.py
[4.286s] -- Up-to-date symlink: /home/aditya/Dexter/install/dexter_controller/share/dexter_controller/environment/library_path.sh
[4.287s] -- Up-to-date symlink: /home/aditya/Dexter/install/dexter_controller/share/dexter_controller/environment/library_path.dsv
[4.287s] -- Up-to-date symlink: /home/aditya/Dexter/install/dexter_controller/share/ament_index/resource_index/package_run_dependencies/dexter_controller
[4.288s] -- Up-to-date symlink: /home/aditya/Dexter/install/dexter_controller/share/ament_index/resource_index/parent_prefix_path/dexter_controller
[4.289s] -- Up-to-date symlink: /home/aditya/Dexter/install/dexter_controller/share/dexter_controller/environment/ament_prefix_path.sh
[4.289s] -- Up-to-date symlink: /home/aditya/Dexter/install/dexter_controller/share/dexter_controller/environment/ament_prefix_path.dsv
[4.289s] -- Up-to-date symlink: /home/aditya/Dexter/install/dexter_controller/share/dexter_controller/environment/path.sh
[4.290s] -- Up-to-date symlink: /home/aditya/Dexter/install/dexter_controller/share/dexter_controller/environment/path.dsv
[4.291s] -- Up-to-date symlink: /home/aditya/Dexter/install/dexter_controller/share/dexter_controller/local_setup.bash
[4.291s] -- Up-to-date symlink: /home/aditya/Dexter/install/dexter_controller/share/dexter_controller/local_setup.sh
[4.292s] -- Up-to-date symlink: /home/aditya/Dexter/install/dexter_controller/share/dexter_controller/local_setup.zsh
[4.293s] -- Up-to-date symlink: /home/aditya/Dexter/install/dexter_controller/share/dexter_controller/local_setup.dsv
[4.293s] -- Symlinking: /home/aditya/Dexter/install/dexter_controller/share/dexter_controller/package.dsv
[4.318s] -- Up-to-date symlink: /home/aditya/Dexter/install/dexter_controller/share/ament_index/resource_index/packages/dexter_controller
[4.319s] -- Up-to-date symlink: /home/aditya/Dexter/install/dexter_controller/share/ament_index/resource_index/hardware_interface__pluginlib__plugin/dexter_controller
[4.320s] -- Up-to-date symlink: /home/aditya/Dexter/install/dexter_controller/share/dexter_controller/cmake/ament_cmake_export_include_directories-extras.cmake
[4.320s] -- Up-to-date symlink: /home/aditya/Dexter/install/dexter_controller/share/dexter_controller/cmake/ament_cmake_export_libraries-extras.cmake
[4.321s] -- Up-to-date symlink: /home/aditya/Dexter/install/dexter_controller/share/dexter_controller/cmake/ament_cmake_export_dependencies-extras.cmake
[4.321s] -- Up-to-date symlink: /home/aditya/Dexter/install/dexter_controller/share/dexter_controller/cmake/dexter_controllerConfig.cmake
[4.322s] -- Up-to-date symlink: /home/aditya/Dexter/install/dexter_controller/share/dexter_controller/cmake/dexter_controllerConfig-version.cmake
[4.322s] -- Up-to-date symlink: /home/aditya/Dexter/install/dexter_controller/share/dexter_controller/package.xml
[4.428s] Listing '/home/aditya/Dexter/install/dexter_controller/lib/python3.12/site-packages/dexter_controller'...
[4.449s] Invoked command in '/home/aditya/Dexter/build/dexter_controller' returned '0': CMAKE_PREFIX_PATH=/home/aditya/Dexter/install/dexter_description:/home/aditya/Dexter/install/dexter_utils:/home/aditya/Dexter/install/dexter_bringup:/home/aditya/Dexter/install/dexter_remote:/home/aditya/Dexter/install/dexter_cpp_examples:/home/aditya/Dexter/install/dexter_msgs:/home/aditya/Dexter/install/dexter_moveit:/home/aditya/Dexter/install/dexter_firmware:/home/aditya/Dexter/install/dexter_controller:/home/aditya/ros2_ws/install/my_robot_bringup:/home/aditya/ros2_ws/install/my_cpp_pkg:/home/aditya/ros2_ws/install/my_robot_interfaces:/opt/ros/jazzy/opt/gz_sim_vendor:/opt/ros/jazzy/opt/gz_sensors_vendor:/opt/ros/jazzy/opt/gz_physics_vendor:/opt/ros/jazzy/opt/sdformat_vendor:/opt/ros/jazzy/opt/gz_gui_vendor:/opt/ros/jazzy/opt/gz_transport_vendor:/opt/ros/jazzy/opt/gz_rendering_vendor:/opt/ros/jazzy/opt/gz_plugin_vendor:/opt/ros/jazzy/opt/gz_fuel_tools_vendor:/opt/ros/jazzy/opt/gz_msgs_vendor:/opt/ros/jazzy/opt/gz_common_vendor:/opt/ros/jazzy/opt/gz_math_vendor:/opt/ros/jazzy/opt/gz_utils_vendor:/opt/ros/jazzy/opt/gz_tools_vendor:/opt/ros/jazzy/opt/gz_ogre_next_vendor:/opt/ros/jazzy/opt/gz_dartsim_vendor:/opt/ros/jazzy/opt/gz_cmake_vendor:/home/aditya/Dexter/install/dexter_py_examples:/home/aditya/ros2_ws/install/my_py_pkg:/opt/ros/jazzy DEBUGINFOD_URLS=https://debuginfod.ubuntu.com PS1=\[\e]0;\u@\h: \w\a\]${debian_chroot:+($debian_chroot)}\[\033[01;32m\]\u@\h\[\033[00m\]:\[\033[01;34m\]\w\[\033[00m\]\$ VIRTUAL_ENV_PROMPT=(venv-ardupilot) /usr/bin/cmake --install /home/aditya/Dexter/build/dexter_controller
