running develop
Removing /home/aditya/Dexter/install/dexter_py_examples/lib/python3.12/site-packages/dexter-py-examples.egg-link (link to .)
running egg_info
writing ../build/dexter_py_examples/dexter_py_examples.egg-info/PKG-INFO
writing dependency_links to ../build/dexter_py_examples/dexter_py_examples.egg-info/dependency_links.txt
writing entry points to ../build/dexter_py_examples/dexter_py_examples.egg-info/entry_points.txt
writing requirements to ../build/dexter_py_examples/dexter_py_examples.egg-info/requires.txt
writing top-level names to ../build/dexter_py_examples/dexter_py_examples.egg-info/top_level.txt
reading manifest file '../build/dexter_py_examples/dexter_py_examples.egg-info/SOURCES.txt'
writing manifest file '../build/dexter_py_examples/dexter_py_examples.egg-info/SOURCES.txt'
running build
running build_py
creating /home/aditya/Dexter/build/dexter_py_examples/build
creating /home/aditya/Dexter/build/dexter_py_examples/build/lib
creating /home/aditya/Dexter/build/dexter_py_examples/build/lib/dexter_py_examples
copying dexter_py_examples/simple_service_client.py -> /home/aditya/Dexter/build/dexter_py_examples/build/lib/dexter_py_examples
copying dexter_py_examples/simple_action_client.py -> /home/aditya/Dexter/build/dexter_py_examples/build/lib/dexter_py_examples
copying dexter_py_examples/simple_parameter.py -> /home/aditya/Dexter/build/dexter_py_examples/build/lib/dexter_py_examples
copying dexter_py_examples/simple_publisher.py -> /home/aditya/Dexter/build/dexter_py_examples/build/lib/dexter_py_examples
copying dexter_py_examples/simple_service_server.py -> /home/aditya/Dexter/build/dexter_py_examples/build/lib/dexter_py_examples
copying dexter_py_examples/simple_action_server.py -> /home/aditya/Dexter/build/dexter_py_examples/build/lib/dexter_py_examples
copying dexter_py_examples/simple_subscriber.py -> /home/aditya/Dexter/build/dexter_py_examples/build/lib/dexter_py_examples
copying dexter_py_examples/simple_moveit_interface.py -> /home/aditya/Dexter/build/dexter_py_examples/build/lib/dexter_py_examples
copying dexter_py_examples/__init__.py -> /home/aditya/Dexter/build/dexter_py_examples/build/lib/dexter_py_examples
running install
running install_lib
creating /home/aditya/Dexter/install/dexter_py_examples/lib/python3.12/site-packages/dexter_py_examples
copying /home/aditya/Dexter/build/dexter_py_examples/build/lib/dexter_py_examples/simple_service_client.py -> /home/aditya/Dexter/install/dexter_py_examples/lib/python3.12/site-packages/dexter_py_examples
copying /home/aditya/Dexter/build/dexter_py_examples/build/lib/dexter_py_examples/simple_action_client.py -> /home/aditya/Dexter/install/dexter_py_examples/lib/python3.12/site-packages/dexter_py_examples
copying /home/aditya/Dexter/build/dexter_py_examples/build/lib/dexter_py_examples/simple_parameter.py -> /home/aditya/Dexter/install/dexter_py_examples/lib/python3.12/site-packages/dexter_py_examples
copying /home/aditya/Dexter/build/dexter_py_examples/build/lib/dexter_py_examples/simple_publisher.py -> /home/aditya/Dexter/install/dexter_py_examples/lib/python3.12/site-packages/dexter_py_examples
copying /home/aditya/Dexter/build/dexter_py_examples/build/lib/dexter_py_examples/simple_service_server.py -> /home/aditya/Dexter/install/dexter_py_examples/lib/python3.12/site-packages/dexter_py_examples
copying /home/aditya/Dexter/build/dexter_py_examples/build/lib/dexter_py_examples/simple_action_server.py -> /home/aditya/Dexter/install/dexter_py_examples/lib/python3.12/site-packages/dexter_py_examples
copying /home/aditya/Dexter/build/dexter_py_examples/build/lib/dexter_py_examples/simple_subscriber.py -> /home/aditya/Dexter/install/dexter_py_examples/lib/python3.12/site-packages/dexter_py_examples
copying /home/aditya/Dexter/build/dexter_py_examples/build/lib/dexter_py_examples/simple_moveit_interface.py -> /home/aditya/Dexter/install/dexter_py_examples/lib/python3.12/site-packages/dexter_py_examples
copying /home/aditya/Dexter/build/dexter_py_examples/build/lib/dexter_py_examples/__init__.py -> /home/aditya/Dexter/install/dexter_py_examples/lib/python3.12/site-packages/dexter_py_examples
byte-compiling /home/aditya/Dexter/install/dexter_py_examples/lib/python3.12/site-packages/dexter_py_examples/simple_service_client.py to simple_service_client.cpython-312.pyc
byte-compiling /home/aditya/Dexter/install/dexter_py_examples/lib/python3.12/site-packages/dexter_py_examples/simple_action_client.py to simple_action_client.cpython-312.pyc
byte-compiling /home/aditya/Dexter/install/dexter_py_examples/lib/python3.12/site-packages/dexter_py_examples/simple_parameter.py to simple_parameter.cpython-312.pyc
byte-compiling /home/aditya/Dexter/install/dexter_py_examples/lib/python3.12/site-packages/dexter_py_examples/simple_publisher.py to simple_publisher.cpython-312.pyc
byte-compiling /home/aditya/Dexter/install/dexter_py_examples/lib/python3.12/site-packages/dexter_py_examples/simple_service_server.py to simple_service_server.cpython-312.pyc
byte-compiling /home/aditya/Dexter/install/dexter_py_examples/lib/python3.12/site-packages/dexter_py_examples/simple_action_server.py to simple_action_server.cpython-312.pyc
byte-compiling /home/aditya/Dexter/install/dexter_py_examples/lib/python3.12/site-packages/dexter_py_examples/simple_subscriber.py to simple_subscriber.cpython-312.pyc
byte-compiling /home/aditya/Dexter/install/dexter_py_examples/lib/python3.12/site-packages/dexter_py_examples/simple_moveit_interface.py to simple_moveit_interface.cpython-312.pyc
byte-compiling /home/aditya/Dexter/install/dexter_py_examples/lib/python3.12/site-packages/dexter_py_examples/__init__.py to __init__.cpython-312.pyc
running install_data
copying resource/dexter_py_examples -> /home/aditya/Dexter/install/dexter_py_examples/share/ament_index/resource_index/packages
copying package.xml -> /home/aditya/Dexter/install/dexter_py_examples/share/dexter_py_examples
copying launch/simple_moveit_interface.launch.py -> /home/aditya/Dexter/install/dexter_py_examples/share/dexter_py_examples/launch
running install_egg_info
Copying ../build/dexter_py_examples/dexter_py_examples.egg-info to /home/aditya/Dexter/install/dexter_py_examples/lib/python3.12/site-packages/dexter_py_examples-0.0.0-py3.12.egg-info
running install_scripts
Installing simple_action_client script to /home/aditya/Dexter/install/dexter_py_examples/lib/dexter_py_examples
Installing simple_action_server script to /home/aditya/Dexter/install/dexter_py_examples/lib/dexter_py_examples
Installing simple_moveit_interface script to /home/aditya/Dexter/install/dexter_py_examples/lib/dexter_py_examples
Installing simple_parameter script to /home/aditya/Dexter/install/dexter_py_examples/lib/dexter_py_examples
Installing simple_publisher script to /home/aditya/Dexter/install/dexter_py_examples/lib/dexter_py_examples
Installing simple_service_client script to /home/aditya/Dexter/install/dexter_py_examples/lib/dexter_py_examples
Installing simple_service_server script to /home/aditya/Dexter/install/dexter_py_examples/lib/dexter_py_examples
Installing simple_subscriber script to /home/aditya/Dexter/install/dexter_py_examples/lib/dexter_py_examples
writing list of installed files to '/home/aditya/Dexter/build/dexter_py_examples/install.log'
