-- The C compiler identification is GNU 13.3.0
-- The CXX compiler identification is GNU 13.3.0
-- Detecting C compiler ABI info
-- Detecting C compiler ABI info - done
-- Check for working C compiler: /usr/bin/cc - skipped
-- Detecting C compile features
-- Detecting C compile features - done
-- Detecting CXX compiler ABI info
-- Detecting CXX compiler ABI info - done
-- Check for working CXX compiler: /usr/bin/c++ - skipped
-- Detecting CXX compile features
-- Detecting CXX compile features - done
-- Found ament_cmake: 2.5.5 (/opt/ros/jazzy/share/ament_cmake/cmake)
-- Found Python3: /home/aditya/venv-ardupilot/bin/python3 (found version "3.12.3") found components: Interpreter 
-- Override CMake install command with custom implementation using symlinks instead of copying resources
-- Found std_msgs: 5.3.6 (/opt/ros/jazzy/share/std_msgs/cmake)
-- Found rosidl_generator_c: 4.6.7 (/opt/ros/jazzy/share/rosidl_generator_c/cmake)
-- Found rosidl_generator_cpp: 4.6.7 (/opt/ros/jazzy/share/rosidl_generator_cpp/cmake)
-- Using all available rosidl_typesupport_c: rosidl_typesupport_fastrtps_c;rosidl_typesupport_introspection_c
-- Using all available rosidl_typesupport_cpp: rosidl_typesupport_fastrtps_cpp;rosidl_typesupport_introspection_cpp
-- Found rosidl_default_generators: 1.6.0 (/opt/ros/jazzy/share/rosidl_default_generators/cmake)
-- Found rosidl_adapter: 4.6.7 (/opt/ros/jazzy/share/rosidl_adapter/cmake)
-- Found ament_cmake_ros: 0.12.0 (/opt/ros/jazzy/share/ament_cmake_ros/cmake)
-- Using all available rosidl_typesupport_c: rosidl_typesupport_fastrtps_c;rosidl_typesupport_introspection_c
-- Using all available rosidl_typesupport_cpp: rosidl_typesupport_fastrtps_cpp;rosidl_typesupport_introspection_cpp
-- Found python_cmake_module: 0.11.1 (/opt/ros/jazzy/share/python_cmake_module/cmake)
-- Found PythonExtra: /home/aditya/venv-ardupilot/bin/python3  
-- Found Python3: /home/aditya/venv-ardupilot/bin/python3 (found version "3.12.3") found components: Interpreter Development NumPy Development.Module Development.Embed 
-- Configuring done (9.8s)
-- Generating done (0.1s)
-- Build files have been written to: /home/aditya/Dexter/build/dexter_msgs
[  1%] Generating type hashes for ROS interfaces
[  1%] Built target ament_cmake_python_symlink_dexter_msgs
running egg_info
creating dexter_msgs.egg-info
writing dexter_msgs.egg-info/PKG-INFO
writing dependency_links to dexter_msgs.egg-info/dependency_links.txt
writing top-level names to dexter_msgs.egg-info/top_level.txt
writing manifest file 'dexter_msgs.egg-info/SOURCES.txt'
reading manifest file 'dexter_msgs.egg-info/SOURCES.txt'
writing manifest file 'dexter_msgs.egg-info/SOURCES.txt'
[  1%] Built target dexter_msgs__rosidl_generator_type_description
[  1%] Built target ament_cmake_python_build_dexter_msgs_egg
[  2%] Generating C code for ROS interfaces
[  4%] Generating C++ code for ROS interfaces
[  4%] Built target dexter_msgs__cpp
[  5%] Building C object CMakeFiles/dexter_msgs__rosidl_generator_c.dir/rosidl_generator_c/dexter_msgs/srv/detail/add_two_ints__functions.c.o
[  6%] Building C object CMakeFiles/dexter_msgs__rosidl_generator_c.dir/rosidl_generator_c/dexter_msgs/srv/detail/add_two_ints__type_support.c.o
[  8%] Building C object CMakeFiles/dexter_msgs__rosidl_generator_c.dir/rosidl_generator_c/dexter_msgs/srv/detail/add_two_ints__description.c.o
[  9%] Building C object CMakeFiles/dexter_msgs__rosidl_generator_c.dir/rosidl_generator_c/dexter_msgs/srv/detail/euler_to_quaternion__description.c.o
[ 12%] Building C object CMakeFiles/dexter_msgs__rosidl_generator_c.dir/rosidl_generator_c/dexter_msgs/srv/detail/euler_to_quaternion__type_support.c.o
[ 12%] Building C object CMakeFiles/dexter_msgs__rosidl_generator_c.dir/rosidl_generator_c/dexter_msgs/srv/detail/euler_to_quaternion__functions.c.o
[ 13%] Building C object CMakeFiles/dexter_msgs__rosidl_generator_c.dir/rosidl_generator_c/dexter_msgs/srv/detail/quaternion_to_euler__description.c.o
[ 14%] Building C object CMakeFiles/dexter_msgs__rosidl_generator_c.dir/rosidl_generator_c/dexter_msgs/action/detail/fibonacci__type_support.c.o
[ 16%] Building C object CMakeFiles/dexter_msgs__rosidl_generator_c.dir/rosidl_generator_c/dexter_msgs/action/detail/dexter_task__functions.c.o
[ 17%] Building C object CMakeFiles/dexter_msgs__rosidl_generator_c.dir/rosidl_generator_c/dexter_msgs/srv/detail/quaternion_to_euler__functions.c.o
[ 18%] Building C object CMakeFiles/dexter_msgs__rosidl_generator_c.dir/rosidl_generator_c/dexter_msgs/srv/detail/quaternion_to_euler__type_support.c.o
[ 20%] Building C object CMakeFiles/dexter_msgs__rosidl_generator_c.dir/rosidl_generator_c/dexter_msgs/action/detail/fibonacci__functions.c.o
[ 21%] Building C object CMakeFiles/dexter_msgs__rosidl_generator_c.dir/rosidl_generator_c/dexter_msgs/action/detail/fibonacci__description.c.o
[ 22%] Building C object CMakeFiles/dexter_msgs__rosidl_generator_c.dir/rosidl_generator_c/dexter_msgs/action/detail/dexter_task__description.c.o
[ 24%] Building C object CMakeFiles/dexter_msgs__rosidl_generator_c.dir/rosidl_generator_c/dexter_msgs/action/detail/dexter_task__type_support.c.o
[ 25%] Linking C shared library libdexter_msgs__rosidl_generator_c.so
[ 25%] Built target dexter_msgs__rosidl_generator_c
[ 27%] Generating C++ type support dispatch for ROS interfaces
[ 28%] Generating C++ type support for eProsima Fast-RTPS
[ 31%] Generating C type support for eProsima Fast-RTPS
[ 31%] Generating C introspection for ROS interfaces
[ 32%] Generating C type support dispatch for ROS interfaces
[ 33%] Generating C++ introspection for ROS interfaces
[ 35%] Building CXX object CMakeFiles/dexter_msgs__rosidl_typesupport_c.dir/rosidl_typesupport_c/dexter_msgs/action/dexter_task__type_support.cpp.o
[ 39%] Building CXX object CMakeFiles/dexter_msgs__rosidl_typesupport_c.dir/rosidl_typesupport_c/dexter_msgs/action/fibonacci__type_support.cpp.o
[ 39%] Building CXX object CMakeFiles/dexter_msgs__rosidl_typesupport_c.dir/rosidl_typesupport_c/dexter_msgs/srv/euler_to_quaternion__type_support.cpp.o
[ 39%] Building CXX object CMakeFiles/dexter_msgs__rosidl_typesupport_c.dir/rosidl_typesupport_c/dexter_msgs/srv/quaternion_to_euler__type_support.cpp.o
[ 40%] Building CXX object CMakeFiles/dexter_msgs__rosidl_typesupport_c.dir/rosidl_typesupport_c/dexter_msgs/srv/add_two_ints__type_support.cpp.o
[ 43%] Building CXX object CMakeFiles/dexter_msgs__rosidl_typesupport_introspection_cpp.dir/rosidl_typesupport_introspection_cpp/dexter_msgs/srv/detail/add_two_ints__type_support.cpp.o
[ 43%] Building CXX object CMakeFiles/dexter_msgs__rosidl_typesupport_introspection_cpp.dir/rosidl_typesupport_introspection_cpp/dexter_msgs/action/detail/fibonacci__type_support.cpp.o
[ 44%] Building CXX object CMakeFiles/dexter_msgs__rosidl_typesupport_introspection_cpp.dir/rosidl_typesupport_introspection_cpp/dexter_msgs/srv/detail/euler_to_quaternion__type_support.cpp.o
[ 45%] Building CXX object CMakeFiles/dexter_msgs__rosidl_typesupport_introspection_cpp.dir/rosidl_typesupport_introspection_cpp/dexter_msgs/srv/detail/quaternion_to_euler__type_support.cpp.o
[ 47%] Building CXX object CMakeFiles/dexter_msgs__rosidl_typesupport_introspection_cpp.dir/rosidl_typesupport_introspection_cpp/dexter_msgs/action/detail/dexter_task__type_support.cpp.o
[ 50%] Building C object CMakeFiles/dexter_msgs__rosidl_typesupport_introspection_c.dir/rosidl_typesupport_introspection_c/dexter_msgs/srv/detail/add_two_ints__type_support.c.o
[ 51%] Building C object CMakeFiles/dexter_msgs__rosidl_typesupport_introspection_c.dir/rosidl_typesupport_introspection_c/dexter_msgs/srv/detail/euler_to_quaternion__type_support.c.o
[ 51%] Building C object CMakeFiles/dexter_msgs__rosidl_typesupport_introspection_c.dir/rosidl_typesupport_introspection_c/dexter_msgs/srv/detail/quaternion_to_euler__type_support.c.o
[ 52%] Building C object CMakeFiles/dexter_msgs__rosidl_typesupport_introspection_c.dir/rosidl_typesupport_introspection_c/dexter_msgs/action/detail/dexter_task__type_support.c.o
[ 54%] Building C object CMakeFiles/dexter_msgs__rosidl_typesupport_introspection_c.dir/rosidl_typesupport_introspection_c/dexter_msgs/action/detail/fibonacci__type_support.c.o
[ 59%] Building CXX object CMakeFiles/dexter_msgs__rosidl_typesupport_cpp.dir/rosidl_typesupport_cpp/dexter_msgs/srv/add_two_ints__type_support.cpp.o
[ 59%] Building CXX object CMakeFiles/dexter_msgs__rosidl_typesupport_cpp.dir/rosidl_typesupport_cpp/dexter_msgs/srv/euler_to_quaternion__type_support.cpp.o
[ 59%] Building CXX object CMakeFiles/dexter_msgs__rosidl_typesupport_cpp.dir/rosidl_typesupport_cpp/dexter_msgs/srv/quaternion_to_euler__type_support.cpp.o
[ 59%] Building CXX object CMakeFiles/dexter_msgs__rosidl_typesupport_cpp.dir/rosidl_typesupport_cpp/dexter_msgs/action/fibonacci__type_support.cpp.o
[ 60%] Linking CXX shared library libdexter_msgs__rosidl_typesupport_c.so
[ 62%] Building CXX object CMakeFiles/dexter_msgs__rosidl_typesupport_cpp.dir/rosidl_typesupport_cpp/dexter_msgs/action/dexter_task__type_support.cpp.o
[ 62%] Built target dexter_msgs__rosidl_typesupport_c
[ 63%] Linking C shared library libdexter_msgs__rosidl_typesupport_introspection_c.so
[ 63%] Built target dexter_msgs__rosidl_typesupport_introspection_c
[ 64%] Building CXX object CMakeFiles/dexter_msgs__rosidl_typesupport_fastrtps_cpp.dir/rosidl_typesupport_fastrtps_cpp/dexter_msgs/srv/detail/dds_fastrtps/add_two_ints__type_support.cpp.o
[ 66%] Building CXX object CMakeFiles/dexter_msgs__rosidl_typesupport_fastrtps_cpp.dir/rosidl_typesupport_fastrtps_cpp/dexter_msgs/action/detail/dds_fastrtps/dexter_task__type_support.cpp.o
[ 67%] Building CXX object CMakeFiles/dexter_msgs__rosidl_typesupport_fastrtps_cpp.dir/rosidl_typesupport_fastrtps_cpp/dexter_msgs/srv/detail/dds_fastrtps/quaternion_to_euler__type_support.cpp.o
[ 68%] Building CXX object CMakeFiles/dexter_msgs__rosidl_typesupport_fastrtps_cpp.dir/rosidl_typesupport_fastrtps_cpp/dexter_msgs/action/detail/dds_fastrtps/fibonacci__type_support.cpp.o
[ 70%] Building CXX object CMakeFiles/dexter_msgs__rosidl_typesupport_fastrtps_cpp.dir/rosidl_typesupport_fastrtps_cpp/dexter_msgs/srv/detail/dds_fastrtps/euler_to_quaternion__type_support.cpp.o
[ 71%] Building CXX object CMakeFiles/dexter_msgs__rosidl_typesupport_fastrtps_c.dir/rosidl_typesupport_fastrtps_c/dexter_msgs/srv/detail/add_two_ints__type_support_c.cpp.o
[ 74%] Building CXX object CMakeFiles/dexter_msgs__rosidl_typesupport_fastrtps_c.dir/rosidl_typesupport_fastrtps_c/dexter_msgs/action/detail/dexter_task__type_support_c.cpp.o
[ 74%] Building CXX object CMakeFiles/dexter_msgs__rosidl_typesupport_fastrtps_c.dir/rosidl_typesupport_fastrtps_c/dexter_msgs/srv/detail/euler_to_quaternion__type_support_c.cpp.o
[ 75%] Building CXX object CMakeFiles/dexter_msgs__rosidl_typesupport_fastrtps_c.dir/rosidl_typesupport_fastrtps_c/dexter_msgs/action/detail/fibonacci__type_support_c.cpp.o
[ 77%] Building CXX object CMakeFiles/dexter_msgs__rosidl_typesupport_fastrtps_c.dir/rosidl_typesupport_fastrtps_c/dexter_msgs/srv/detail/quaternion_to_euler__type_support_c.cpp.o
[ 78%] Linking CXX shared library libdexter_msgs__rosidl_typesupport_introspection_cpp.so
[ 78%] Built target dexter_msgs__rosidl_typesupport_introspection_cpp
[ 79%] Linking CXX shared library libdexter_msgs__rosidl_typesupport_cpp.so
[ 79%] Built target dexter_msgs__rosidl_typesupport_cpp
[ 81%] Linking CXX shared library libdexter_msgs__rosidl_typesupport_fastrtps_c.so
[ 81%] Built target dexter_msgs__rosidl_typesupport_fastrtps_c
[ 82%] Linking CXX shared library libdexter_msgs__rosidl_typesupport_fastrtps_cpp.so
[ 82%] Built target dexter_msgs__rosidl_typesupport_fastrtps_cpp
[ 82%] Built target dexter_msgs
[ 83%] Generating Python code for ROS interfaces
[ 83%] Built target dexter_msgs__py
[ 85%] Building C object CMakeFiles/dexter_msgs__rosidl_generator_py.dir/rosidl_generator_py/dexter_msgs/srv/_quaternion_to_euler_s.c.o
[ 86%] Building C object CMakeFiles/dexter_msgs__rosidl_generator_py.dir/rosidl_generator_py/dexter_msgs/srv/_add_two_ints_s.c.o
[ 87%] Building C object CMakeFiles/dexter_msgs__rosidl_generator_py.dir/rosidl_generator_py/dexter_msgs/srv/_euler_to_quaternion_s.c.o
[ 89%] Building C object CMakeFiles/dexter_msgs__rosidl_generator_py.dir/rosidl_generator_py/dexter_msgs/action/_dexter_task_s.c.o
[ 90%] Building C object CMakeFiles/dexter_msgs__rosidl_generator_py.dir/rosidl_generator_py/dexter_msgs/action/_fibonacci_s.c.o
[ 91%] Linking C shared library libdexter_msgs__rosidl_generator_py.so
[ 91%] Built target dexter_msgs__rosidl_generator_py
[ 93%] Building C object CMakeFiles/dexter_msgs_s__rosidl_typesupport_introspection_c.dir/rosidl_generator_py/dexter_msgs/_dexter_msgs_s.ep.rosidl_typesupport_introspection_c.c.o
[ 94%] Building C object CMakeFiles/dexter_msgs_s__rosidl_typesupport_c.dir/rosidl_generator_py/dexter_msgs/_dexter_msgs_s.ep.rosidl_typesupport_c.c.o
[ 95%] Building C object CMakeFiles/dexter_msgs_s__rosidl_typesupport_fastrtps_c.dir/rosidl_generator_py/dexter_msgs/_dexter_msgs_s.ep.rosidl_typesupport_fastrtps_c.c.o
[ 98%] Linking C shared module rosidl_generator_py/dexter_msgs/dexter_msgs_s__rosidl_typesupport_introspection_c.so
[ 98%] Linking C shared module rosidl_generator_py/dexter_msgs/dexter_msgs_s__rosidl_typesupport_c.so
[100%] Linking C shared module rosidl_generator_py/dexter_msgs/dexter_msgs_s__rosidl_typesupport_fastrtps_c.so
[100%] Built target dexter_msgs_s__rosidl_typesupport_c
[100%] Built target dexter_msgs_s__rosidl_typesupport_introspection_c
[100%] Built target dexter_msgs_s__rosidl_typesupport_fastrtps_c
-- Install configuration: ""
-- Execute custom install script
-- Symlinking: /home/aditya/Dexter/install/dexter_msgs/share/ament_index/resource_index/rosidl_interfaces/dexter_msgs
-- Symlinking: /home/aditya/Dexter/install/dexter_msgs/share/dexter_msgs/srv/AddTwoInts.json
-- Symlinking: /home/aditya/Dexter/install/dexter_msgs/share/dexter_msgs/srv/EulerToQuaternion.json
-- Symlinking: /home/aditya/Dexter/install/dexter_msgs/share/dexter_msgs/srv/QuaternionToEuler.json
-- Symlinking: /home/aditya/Dexter/install/dexter_msgs/share/dexter_msgs/action/Fibonacci.json
-- Symlinking: /home/aditya/Dexter/install/dexter_msgs/share/dexter_msgs/action/DexterTask.json
-- Symlinking: /home/aditya/Dexter/install/dexter_msgs/include/dexter_msgs/dexter_msgs/action/detail/dexter_task__functions.h
-- Symlinking: /home/aditya/Dexter/install/dexter_msgs/include/dexter_msgs/dexter_msgs/action/detail/dexter_task__struct.h
-- Symlinking: /home/aditya/Dexter/install/dexter_msgs/include/dexter_msgs/dexter_msgs/action/detail/dexter_task__type_support.h
-- Symlinking: /home/aditya/Dexter/install/dexter_msgs/include/dexter_msgs/dexter_msgs/action/detail/fibonacci__functions.h
-- Symlinking: /home/aditya/Dexter/install/dexter_msgs/include/dexter_msgs/dexter_msgs/action/detail/fibonacci__struct.h
-- Symlinking: /home/aditya/Dexter/install/dexter_msgs/include/dexter_msgs/dexter_msgs/action/detail/fibonacci__type_support.h
-- Symlinking: /home/aditya/Dexter/install/dexter_msgs/include/dexter_msgs/dexter_msgs/action/dexter_task.h
-- Symlinking: /home/aditya/Dexter/install/dexter_msgs/include/dexter_msgs/dexter_msgs/action/fibonacci.h
-- Symlinking: /home/aditya/Dexter/install/dexter_msgs/include/dexter_msgs/dexter_msgs/msg/rosidl_generator_c__visibility_control.h
-- Symlinking: /home/aditya/Dexter/install/dexter_msgs/include/dexter_msgs/dexter_msgs/srv/add_two_ints.h
-- Symlinking: /home/aditya/Dexter/install/dexter_msgs/include/dexter_msgs/dexter_msgs/srv/detail/add_two_ints__functions.h
-- Symlinking: /home/aditya/Dexter/install/dexter_msgs/include/dexter_msgs/dexter_msgs/srv/detail/add_two_ints__struct.h
-- Symlinking: /home/aditya/Dexter/install/dexter_msgs/include/dexter_msgs/dexter_msgs/srv/detail/add_two_ints__type_support.h
-- Symlinking: /home/aditya/Dexter/install/dexter_msgs/include/dexter_msgs/dexter_msgs/srv/detail/euler_to_quaternion__functions.h
-- Symlinking: /home/aditya/Dexter/install/dexter_msgs/include/dexter_msgs/dexter_msgs/srv/detail/euler_to_quaternion__struct.h
-- Symlinking: /home/aditya/Dexter/install/dexter_msgs/include/dexter_msgs/dexter_msgs/srv/detail/euler_to_quaternion__type_support.h
-- Symlinking: /home/aditya/Dexter/install/dexter_msgs/include/dexter_msgs/dexter_msgs/srv/detail/quaternion_to_euler__functions.h
-- Symlinking: /home/aditya/Dexter/install/dexter_msgs/include/dexter_msgs/dexter_msgs/srv/detail/quaternion_to_euler__struct.h
-- Symlinking: /home/aditya/Dexter/install/dexter_msgs/include/dexter_msgs/dexter_msgs/srv/detail/quaternion_to_euler__type_support.h
-- Symlinking: /home/aditya/Dexter/install/dexter_msgs/include/dexter_msgs/dexter_msgs/srv/euler_to_quaternion.h
-- Symlinking: /home/aditya/Dexter/install/dexter_msgs/include/dexter_msgs/dexter_msgs/srv/quaternion_to_euler.h
-- Symlinking: /home/aditya/Dexter/install/dexter_msgs/share/dexter_msgs/environment/library_path.sh
-- Symlinking: /home/aditya/Dexter/install/dexter_msgs/share/dexter_msgs/environment/library_path.dsv
-- Symlinking: /home/aditya/Dexter/install/dexter_msgs/include/dexter_msgs/dexter_msgs/action/detail/dexter_task__rosidl_typesupport_fastrtps_c.h
-- Symlinking: /home/aditya/Dexter/install/dexter_msgs/include/dexter_msgs/dexter_msgs/action/detail/fibonacci__rosidl_typesupport_fastrtps_c.h
-- Symlinking: /home/aditya/Dexter/install/dexter_msgs/include/dexter_msgs/dexter_msgs/msg/rosidl_typesupport_fastrtps_c__visibility_control.h
-- Symlinking: /home/aditya/Dexter/install/dexter_msgs/include/dexter_msgs/dexter_msgs/srv/detail/add_two_ints__rosidl_typesupport_fastrtps_c.h
-- Symlinking: /home/aditya/Dexter/install/dexter_msgs/include/dexter_msgs/dexter_msgs/srv/detail/euler_to_quaternion__rosidl_typesupport_fastrtps_c.h
-- Symlinking: /home/aditya/Dexter/install/dexter_msgs/include/dexter_msgs/dexter_msgs/srv/detail/quaternion_to_euler__rosidl_typesupport_fastrtps_c.h
-- Symlinking: /home/aditya/Dexter/install/dexter_msgs/include/dexter_msgs/dexter_msgs/action/detail/dexter_task__builder.hpp
-- Symlinking: /home/aditya/Dexter/install/dexter_msgs/include/dexter_msgs/dexter_msgs/action/detail/dexter_task__struct.hpp
-- Symlinking: /home/aditya/Dexter/install/dexter_msgs/include/dexter_msgs/dexter_msgs/action/detail/dexter_task__traits.hpp
-- Symlinking: /home/aditya/Dexter/install/dexter_msgs/include/dexter_msgs/dexter_msgs/action/detail/dexter_task__type_support.hpp
-- Symlinking: /home/aditya/Dexter/install/dexter_msgs/include/dexter_msgs/dexter_msgs/action/detail/fibonacci__builder.hpp
-- Symlinking: /home/aditya/Dexter/install/dexter_msgs/include/dexter_msgs/dexter_msgs/action/detail/fibonacci__struct.hpp
-- Symlinking: /home/aditya/Dexter/install/dexter_msgs/include/dexter_msgs/dexter_msgs/action/detail/fibonacci__traits.hpp
-- Symlinking: /home/aditya/Dexter/install/dexter_msgs/include/dexter_msgs/dexter_msgs/action/detail/fibonacci__type_support.hpp
-- Symlinking: /home/aditya/Dexter/install/dexter_msgs/include/dexter_msgs/dexter_msgs/action/dexter_task.hpp
-- Symlinking: /home/aditya/Dexter/install/dexter_msgs/include/dexter_msgs/dexter_msgs/action/fibonacci.hpp
-- Symlinking: /home/aditya/Dexter/install/dexter_msgs/include/dexter_msgs/dexter_msgs/msg/rosidl_generator_cpp__visibility_control.hpp
-- Symlinking: /home/aditya/Dexter/install/dexter_msgs/include/dexter_msgs/dexter_msgs/srv/add_two_ints.hpp
-- Symlinking: /home/aditya/Dexter/install/dexter_msgs/include/dexter_msgs/dexter_msgs/srv/detail/add_two_ints__builder.hpp
-- Symlinking: /home/aditya/Dexter/install/dexter_msgs/include/dexter_msgs/dexter_msgs/srv/detail/add_two_ints__struct.hpp
-- Symlinking: /home/aditya/Dexter/install/dexter_msgs/include/dexter_msgs/dexter_msgs/srv/detail/add_two_ints__traits.hpp
-- Symlinking: /home/aditya/Dexter/install/dexter_msgs/include/dexter_msgs/dexter_msgs/srv/detail/add_two_ints__type_support.hpp
-- Symlinking: /home/aditya/Dexter/install/dexter_msgs/include/dexter_msgs/dexter_msgs/srv/detail/euler_to_quaternion__builder.hpp
-- Symlinking: /home/aditya/Dexter/install/dexter_msgs/include/dexter_msgs/dexter_msgs/srv/detail/euler_to_quaternion__struct.hpp
-- Symlinking: /home/aditya/Dexter/install/dexter_msgs/include/dexter_msgs/dexter_msgs/srv/detail/euler_to_quaternion__traits.hpp
-- Symlinking: /home/aditya/Dexter/install/dexter_msgs/include/dexter_msgs/dexter_msgs/srv/detail/euler_to_quaternion__type_support.hpp
-- Symlinking: /home/aditya/Dexter/install/dexter_msgs/include/dexter_msgs/dexter_msgs/srv/detail/quaternion_to_euler__builder.hpp
-- Symlinking: /home/aditya/Dexter/install/dexter_msgs/include/dexter_msgs/dexter_msgs/srv/detail/quaternion_to_euler__struct.hpp
-- Symlinking: /home/aditya/Dexter/install/dexter_msgs/include/dexter_msgs/dexter_msgs/srv/detail/quaternion_to_euler__traits.hpp
-- Symlinking: /home/aditya/Dexter/install/dexter_msgs/include/dexter_msgs/dexter_msgs/srv/detail/quaternion_to_euler__type_support.hpp
-- Symlinking: /home/aditya/Dexter/install/dexter_msgs/include/dexter_msgs/dexter_msgs/srv/euler_to_quaternion.hpp
-- Symlinking: /home/aditya/Dexter/install/dexter_msgs/include/dexter_msgs/dexter_msgs/srv/quaternion_to_euler.hpp
-- Symlinking: /home/aditya/Dexter/install/dexter_msgs/include/dexter_msgs/dexter_msgs/action/detail/dexter_task__rosidl_typesupport_fastrtps_cpp.hpp
-- Symlinking: /home/aditya/Dexter/install/dexter_msgs/include/dexter_msgs/dexter_msgs/action/detail/fibonacci__rosidl_typesupport_fastrtps_cpp.hpp
-- Symlinking: /home/aditya/Dexter/install/dexter_msgs/include/dexter_msgs/dexter_msgs/msg/rosidl_typesupport_fastrtps_cpp__visibility_control.h
-- Symlinking: /home/aditya/Dexter/install/dexter_msgs/include/dexter_msgs/dexter_msgs/srv/detail/add_two_ints__rosidl_typesupport_fastrtps_cpp.hpp
-- Symlinking: /home/aditya/Dexter/install/dexter_msgs/include/dexter_msgs/dexter_msgs/srv/detail/euler_to_quaternion__rosidl_typesupport_fastrtps_cpp.hpp
-- Symlinking: /home/aditya/Dexter/install/dexter_msgs/include/dexter_msgs/dexter_msgs/srv/detail/quaternion_to_euler__rosidl_typesupport_fastrtps_cpp.hpp
-- Symlinking: /home/aditya/Dexter/install/dexter_msgs/include/dexter_msgs/dexter_msgs/action/detail/dexter_task__rosidl_typesupport_introspection_c.h
-- Symlinking: /home/aditya/Dexter/install/dexter_msgs/include/dexter_msgs/dexter_msgs/action/detail/fibonacci__rosidl_typesupport_introspection_c.h
-- Symlinking: /home/aditya/Dexter/install/dexter_msgs/include/dexter_msgs/dexter_msgs/msg/rosidl_typesupport_introspection_c__visibility_control.h
-- Symlinking: /home/aditya/Dexter/install/dexter_msgs/include/dexter_msgs/dexter_msgs/srv/detail/add_two_ints__rosidl_typesupport_introspection_c.h
-- Symlinking: /home/aditya/Dexter/install/dexter_msgs/include/dexter_msgs/dexter_msgs/srv/detail/euler_to_quaternion__rosidl_typesupport_introspection_c.h
-- Symlinking: /home/aditya/Dexter/install/dexter_msgs/include/dexter_msgs/dexter_msgs/srv/detail/quaternion_to_euler__rosidl_typesupport_introspection_c.h
-- Symlinking: /home/aditya/Dexter/install/dexter_msgs/include/dexter_msgs/dexter_msgs/action/detail/dexter_task__rosidl_typesupport_introspection_cpp.hpp
-- Symlinking: /home/aditya/Dexter/install/dexter_msgs/include/dexter_msgs/dexter_msgs/action/detail/fibonacci__rosidl_typesupport_introspection_cpp.hpp
-- Symlinking: /home/aditya/Dexter/install/dexter_msgs/include/dexter_msgs/dexter_msgs/srv/detail/add_two_ints__rosidl_typesupport_introspection_cpp.hpp
-- Symlinking: /home/aditya/Dexter/install/dexter_msgs/include/dexter_msgs/dexter_msgs/srv/detail/euler_to_quaternion__rosidl_typesupport_introspection_cpp.hpp
-- Symlinking: /home/aditya/Dexter/install/dexter_msgs/include/dexter_msgs/dexter_msgs/srv/detail/quaternion_to_euler__rosidl_typesupport_introspection_cpp.hpp
-- Symlinking: /home/aditya/Dexter/install/dexter_msgs/share/dexter_msgs/environment/pythonpath.sh
-- Symlinking: /home/aditya/Dexter/install/dexter_msgs/share/dexter_msgs/environment/pythonpath.dsv
-- Symlinking: /home/aditya/Dexter/install/dexter_msgs/lib/python3.12/site-packages/dexter_msgs-0.0.0-py3.12.egg-info/PKG-INFO
-- Symlinking: /home/aditya/Dexter/install/dexter_msgs/lib/python3.12/site-packages/dexter_msgs-0.0.0-py3.12.egg-info/SOURCES.txt
-- Symlinking: /home/aditya/Dexter/install/dexter_msgs/lib/python3.12/site-packages/dexter_msgs-0.0.0-py3.12.egg-info/dependency_links.txt
-- Symlinking: /home/aditya/Dexter/install/dexter_msgs/lib/python3.12/site-packages/dexter_msgs-0.0.0-py3.12.egg-info/top_level.txt
-- Symlinking: /home/aditya/Dexter/install/dexter_msgs/lib/python3.12/site-packages/dexter_msgs/__init__.py
-- Symlinking: /home/aditya/Dexter/install/dexter_msgs/lib/python3.12/site-packages/dexter_msgs/_dexter_msgs_s.ep.rosidl_typesupport_c.c
-- Symlinking: /home/aditya/Dexter/install/dexter_msgs/lib/python3.12/site-packages/dexter_msgs/_dexter_msgs_s.ep.rosidl_typesupport_fastrtps_c.c
-- Symlinking: /home/aditya/Dexter/install/dexter_msgs/lib/python3.12/site-packages/dexter_msgs/_dexter_msgs_s.ep.rosidl_typesupport_introspection_c.c
-- Symlinking: /home/aditya/Dexter/install/dexter_msgs/lib/python3.12/site-packages/dexter_msgs/action/__init__.py
-- Symlinking: /home/aditya/Dexter/install/dexter_msgs/lib/python3.12/site-packages/dexter_msgs/action/_dexter_task.py
-- Symlinking: /home/aditya/Dexter/install/dexter_msgs/lib/python3.12/site-packages/dexter_msgs/action/_dexter_task_s.c
-- Symlinking: /home/aditya/Dexter/install/dexter_msgs/lib/python3.12/site-packages/dexter_msgs/action/_fibonacci.py
-- Symlinking: /home/aditya/Dexter/install/dexter_msgs/lib/python3.12/site-packages/dexter_msgs/action/_fibonacci_s.c
-- Symlinking: /home/aditya/Dexter/install/dexter_msgs/lib/python3.12/site-packages/dexter_msgs/dexter_msgs_s__rosidl_typesupport_c.so
-- Symlinking: /home/aditya/Dexter/install/dexter_msgs/lib/python3.12/site-packages/dexter_msgs/dexter_msgs_s__rosidl_typesupport_fastrtps_c.so
-- Symlinking: /home/aditya/Dexter/install/dexter_msgs/lib/python3.12/site-packages/dexter_msgs/dexter_msgs_s__rosidl_typesupport_introspection_c.so
-- Symlinking: /home/aditya/Dexter/install/dexter_msgs/lib/python3.12/site-packages/dexter_msgs/srv/__init__.py
-- Symlinking: /home/aditya/Dexter/install/dexter_msgs/lib/python3.12/site-packages/dexter_msgs/srv/_add_two_ints.py
-- Symlinking: /home/aditya/Dexter/install/dexter_msgs/lib/python3.12/site-packages/dexter_msgs/srv/_add_two_ints_s.c
-- Symlinking: /home/aditya/Dexter/install/dexter_msgs/lib/python3.12/site-packages/dexter_msgs/srv/_euler_to_quaternion.py
-- Symlinking: /home/aditya/Dexter/install/dexter_msgs/lib/python3.12/site-packages/dexter_msgs/srv/_euler_to_quaternion_s.c
-- Symlinking: /home/aditya/Dexter/install/dexter_msgs/lib/python3.12/site-packages/dexter_msgs/srv/_quaternion_to_euler.py
-- Symlinking: /home/aditya/Dexter/install/dexter_msgs/lib/python3.12/site-packages/dexter_msgs/srv/_quaternion_to_euler_s.c
-- Up-to-date symlink: /home/aditya/Dexter/install/dexter_msgs/lib/python3.12/site-packages/dexter_msgs/dexter_msgs_s__rosidl_typesupport_fastrtps_c.so
-- Up-to-date symlink: /home/aditya/Dexter/install/dexter_msgs/lib/python3.12/site-packages/dexter_msgs/dexter_msgs_s__rosidl_typesupport_introspection_c.so
-- Up-to-date symlink: /home/aditya/Dexter/install/dexter_msgs/lib/python3.12/site-packages/dexter_msgs/dexter_msgs_s__rosidl_typesupport_c.so
-- Symlinking: /home/aditya/Dexter/install/dexter_msgs/share/dexter_msgs/srv/AddTwoInts.idl
-- Symlinking: /home/aditya/Dexter/install/dexter_msgs/share/dexter_msgs/srv/EulerToQuaternion.idl
-- Symlinking: /home/aditya/Dexter/install/dexter_msgs/share/dexter_msgs/srv/QuaternionToEuler.idl
-- Symlinking: /home/aditya/Dexter/install/dexter_msgs/share/dexter_msgs/action/Fibonacci.idl
-- Symlinking: /home/aditya/Dexter/install/dexter_msgs/share/dexter_msgs/action/DexterTask.idl
-- Symlinking: /home/aditya/Dexter/install/dexter_msgs/share/dexter_msgs/srv/AddTwoInts.srv
-- Symlinking: /home/aditya/Dexter/install/dexter_msgs/share/dexter_msgs/srv/EulerToQuaternion.srv
-- Symlinking: /home/aditya/Dexter/install/dexter_msgs/share/dexter_msgs/srv/QuaternionToEuler.srv
-- Symlinking: /home/aditya/Dexter/install/dexter_msgs/share/dexter_msgs/action/Fibonacci.action
-- Symlinking: /home/aditya/Dexter/install/dexter_msgs/share/dexter_msgs/action/DexterTask.action
-- Symlinking: /home/aditya/Dexter/install/dexter_msgs/share/ament_index/resource_index/package_run_dependencies/dexter_msgs
-- Symlinking: /home/aditya/Dexter/install/dexter_msgs/share/ament_index/resource_index/parent_prefix_path/dexter_msgs
-- Symlinking: /home/aditya/Dexter/install/dexter_msgs/share/dexter_msgs/environment/ament_prefix_path.sh
-- Symlinking: /home/aditya/Dexter/install/dexter_msgs/share/dexter_msgs/environment/ament_prefix_path.dsv
-- Symlinking: /home/aditya/Dexter/install/dexter_msgs/share/dexter_msgs/environment/path.sh
-- Symlinking: /home/aditya/Dexter/install/dexter_msgs/share/dexter_msgs/environment/path.dsv
-- Symlinking: /home/aditya/Dexter/install/dexter_msgs/share/dexter_msgs/local_setup.bash
-- Symlinking: /home/aditya/Dexter/install/dexter_msgs/share/dexter_msgs/local_setup.sh
-- Symlinking: /home/aditya/Dexter/install/dexter_msgs/share/dexter_msgs/local_setup.zsh
-- Symlinking: /home/aditya/Dexter/install/dexter_msgs/share/dexter_msgs/local_setup.dsv
-- Symlinking: /home/aditya/Dexter/install/dexter_msgs/share/dexter_msgs/package.dsv
-- Symlinking: /home/aditya/Dexter/install/dexter_msgs/share/ament_index/resource_index/packages/dexter_msgs
-- Symlinking: /home/aditya/Dexter/install/dexter_msgs/share/dexter_msgs/cmake/rosidl_cmake-extras.cmake
-- Symlinking: /home/aditya/Dexter/install/dexter_msgs/share/dexter_msgs/cmake/ament_cmake_export_dependencies-extras.cmake
-- Symlinking: /home/aditya/Dexter/install/dexter_msgs/share/dexter_msgs/cmake/ament_cmake_export_include_directories-extras.cmake
-- Symlinking: /home/aditya/Dexter/install/dexter_msgs/share/dexter_msgs/cmake/ament_cmake_export_libraries-extras.cmake
-- Symlinking: /home/aditya/Dexter/install/dexter_msgs/share/dexter_msgs/cmake/ament_cmake_export_targets-extras.cmake
-- Symlinking: /home/aditya/Dexter/install/dexter_msgs/share/dexter_msgs/cmake/rosidl_cmake_export_typesupport_targets-extras.cmake
-- Symlinking: /home/aditya/Dexter/install/dexter_msgs/share/dexter_msgs/cmake/rosidl_cmake_export_typesupport_libraries-extras.cmake
-- Symlinking: /home/aditya/Dexter/install/dexter_msgs/share/dexter_msgs/cmake/dexter_msgsConfig.cmake
-- Symlinking: /home/aditya/Dexter/install/dexter_msgs/share/dexter_msgs/cmake/dexter_msgsConfig-version.cmake
-- Symlinking: /home/aditya/Dexter/install/dexter_msgs/share/dexter_msgs/package.xml
-- Installing: /home/aditya/Dexter/install/dexter_msgs/lib/libdexter_msgs__rosidl_generator_c.so
-- Set non-toolchain portion of runtime path of "/home/aditya/Dexter/install/dexter_msgs/lib/libdexter_msgs__rosidl_generator_c.so" to ""
-- Installing: /home/aditya/Dexter/install/dexter_msgs/lib/libdexter_msgs__rosidl_typesupport_fastrtps_c.so
-- Set non-toolchain portion of runtime path of "/home/aditya/Dexter/install/dexter_msgs/lib/libdexter_msgs__rosidl_typesupport_fastrtps_c.so" to ""
-- Installing: /home/aditya/Dexter/install/dexter_msgs/lib/libdexter_msgs__rosidl_typesupport_fastrtps_cpp.so
-- Set non-toolchain portion of runtime path of "/home/aditya/Dexter/install/dexter_msgs/lib/libdexter_msgs__rosidl_typesupport_fastrtps_cpp.so" to ""
-- Installing: /home/aditya/Dexter/install/dexter_msgs/lib/libdexter_msgs__rosidl_typesupport_introspection_c.so
-- Set non-toolchain portion of runtime path of "/home/aditya/Dexter/install/dexter_msgs/lib/libdexter_msgs__rosidl_typesupport_introspection_c.so" to ""
-- Installing: /home/aditya/Dexter/install/dexter_msgs/lib/libdexter_msgs__rosidl_typesupport_c.so
-- Set non-toolchain portion of runtime path of "/home/aditya/Dexter/install/dexter_msgs/lib/libdexter_msgs__rosidl_typesupport_c.so" to ""
-- Installing: /home/aditya/Dexter/install/dexter_msgs/lib/libdexter_msgs__rosidl_typesupport_introspection_cpp.so
-- Set non-toolchain portion of runtime path of "/home/aditya/Dexter/install/dexter_msgs/lib/libdexter_msgs__rosidl_typesupport_introspection_cpp.so" to ""
-- Installing: /home/aditya/Dexter/install/dexter_msgs/lib/libdexter_msgs__rosidl_typesupport_cpp.so
-- Set non-toolchain portion of runtime path of "/home/aditya/Dexter/install/dexter_msgs/lib/libdexter_msgs__rosidl_typesupport_cpp.so" to ""
Listing '/home/aditya/Dexter/install/dexter_msgs/lib/python3.12/site-packages/dexter_msgs'...
Compiling '/home/aditya/Dexter/install/dexter_msgs/lib/python3.12/site-packages/dexter_msgs/__init__.py'...
Listing '/home/aditya/Dexter/install/dexter_msgs/lib/python3.12/site-packages/dexter_msgs/action'...
Compiling '/home/aditya/Dexter/install/dexter_msgs/lib/python3.12/site-packages/dexter_msgs/action/__init__.py'...
Compiling '/home/aditya/Dexter/install/dexter_msgs/lib/python3.12/site-packages/dexter_msgs/action/_dexter_task.py'...
Compiling '/home/aditya/Dexter/install/dexter_msgs/lib/python3.12/site-packages/dexter_msgs/action/_fibonacci.py'...
Listing '/home/aditya/Dexter/install/dexter_msgs/lib/python3.12/site-packages/dexter_msgs/srv'...
Compiling '/home/aditya/Dexter/install/dexter_msgs/lib/python3.12/site-packages/dexter_msgs/srv/__init__.py'...
Compiling '/home/aditya/Dexter/install/dexter_msgs/lib/python3.12/site-packages/dexter_msgs/srv/_add_two_ints.py'...
Compiling '/home/aditya/Dexter/install/dexter_msgs/lib/python3.12/site-packages/dexter_msgs/srv/_euler_to_quaternion.py'...
Compiling '/home/aditya/Dexter/install/dexter_msgs/lib/python3.12/site-packages/dexter_msgs/srv/_quaternion_to_euler.py'...
-- Installing: /home/aditya/Dexter/install/dexter_msgs/lib/libdexter_msgs__rosidl_generator_py.so
-- Set non-toolchain portion of runtime path of "/home/aditya/Dexter/install/dexter_msgs/lib/libdexter_msgs__rosidl_generator_py.so" to ""
-- Installing: /home/aditya/Dexter/install/dexter_msgs/share/dexter_msgs/cmake/export_dexter_msgs__rosidl_generator_cExport.cmake
-- Installing: /home/aditya/Dexter/install/dexter_msgs/share/dexter_msgs/cmake/export_dexter_msgs__rosidl_generator_cExport-noconfig.cmake
-- Installing: /home/aditya/Dexter/install/dexter_msgs/share/dexter_msgs/cmake/export_dexter_msgs__rosidl_typesupport_fastrtps_cExport.cmake
-- Installing: /home/aditya/Dexter/install/dexter_msgs/share/dexter_msgs/cmake/export_dexter_msgs__rosidl_typesupport_fastrtps_cExport-noconfig.cmake
-- Installing: /home/aditya/Dexter/install/dexter_msgs/share/dexter_msgs/cmake/export_dexter_msgs__rosidl_generator_cppExport.cmake
-- Installing: /home/aditya/Dexter/install/dexter_msgs/share/dexter_msgs/cmake/export_dexter_msgs__rosidl_typesupport_fastrtps_cppExport.cmake
-- Installing: /home/aditya/Dexter/install/dexter_msgs/share/dexter_msgs/cmake/export_dexter_msgs__rosidl_typesupport_fastrtps_cppExport-noconfig.cmake
-- Installing: /home/aditya/Dexter/install/dexter_msgs/share/dexter_msgs/cmake/dexter_msgs__rosidl_typesupport_introspection_cExport.cmake
-- Installing: /home/aditya/Dexter/install/dexter_msgs/share/dexter_msgs/cmake/dexter_msgs__rosidl_typesupport_introspection_cExport-noconfig.cmake
-- Installing: /home/aditya/Dexter/install/dexter_msgs/share/dexter_msgs/cmake/dexter_msgs__rosidl_typesupport_cExport.cmake
-- Installing: /home/aditya/Dexter/install/dexter_msgs/share/dexter_msgs/cmake/dexter_msgs__rosidl_typesupport_cExport-noconfig.cmake
-- Installing: /home/aditya/Dexter/install/dexter_msgs/share/dexter_msgs/cmake/dexter_msgs__rosidl_typesupport_introspection_cppExport.cmake
-- Installing: /home/aditya/Dexter/install/dexter_msgs/share/dexter_msgs/cmake/dexter_msgs__rosidl_typesupport_introspection_cppExport-noconfig.cmake
-- Installing: /home/aditya/Dexter/install/dexter_msgs/share/dexter_msgs/cmake/dexter_msgs__rosidl_typesupport_cppExport.cmake
-- Installing: /home/aditya/Dexter/install/dexter_msgs/share/dexter_msgs/cmake/dexter_msgs__rosidl_typesupport_cppExport-noconfig.cmake
-- Installing: /home/aditya/Dexter/install/dexter_msgs/share/dexter_msgs/cmake/export_dexter_msgs__rosidl_generator_pyExport.cmake
-- Installing: /home/aditya/Dexter/install/dexter_msgs/share/dexter_msgs/cmake/export_dexter_msgs__rosidl_generator_pyExport-noconfig.cmake
