[0.052s] Invoking command in '/home/aditya/Dexter/build/dexter_msgs': CMAKE_PREFIX_PATH=${CMAKE_PREFIX_PATH}:/home/aditya/ros2_ws/install/my_py_pkg:/opt/ros/jazzy DEBUGINFOD_URLS=https://debuginfod.ubuntu.com VIRTUAL_ENV_PROMPT=(venv-ardupilot) /usr/bin/cmake /home/aditya/Dexter/dexter_msgs -DAMENT_CMAKE_SYMLINK_INSTALL=1 -DCMAKE_INSTALL_PREFIX=/home/aditya/Dexter/install/dexter_msgs
[0.278s] -- The C compiler identification is GNU 13.3.0
[0.472s] -- The CXX compiler identification is GNU 13.3.0
[0.525s] -- Detecting C compiler ABI info
[0.773s] -- Detecting C compiler ABI info - done
[0.803s] -- Check for working C compiler: /usr/bin/cc - skipped
[0.804s] -- Detecting C compile features
[0.805s] -- Detecting C compile features - done
[0.834s] -- Detecting CXX compiler ABI info
[1.094s] -- Detecting CXX compiler ABI info - done
[1.122s] -- Check for working CXX compiler: /usr/bin/c++ - skipped
[1.123s] -- Detecting CXX compile features
[1.124s] -- Detecting CXX compile features - done
[1.166s] -- Found ament_cmake: 2.5.5 (/opt/ros/jazzy/share/ament_cmake/cmake)
[1.609s] -- Found Python3: /home/aditya/venv-ardupilot/bin/python3 (found version "3.12.3") found components: Interpreter 
[1.862s] -- Override CMake install command with custom implementation using symlinks instead of copying resources
[2.026s] -- Found std_msgs: 5.3.6 (/opt/ros/jazzy/share/std_msgs/cmake)
[2.209s] -- Found rosidl_generator_c: 4.6.7 (/opt/ros/jazzy/share/rosidl_generator_c/cmake)
[2.266s] -- Found rosidl_generator_cpp: 4.6.7 (/opt/ros/jazzy/share/rosidl_generator_cpp/cmake)
[2.338s] -- Using all available rosidl_typesupport_c: rosidl_typesupport_fastrtps_c;rosidl_typesupport_introspection_c
[2.409s] -- Using all available rosidl_typesupport_cpp: rosidl_typesupport_fastrtps_cpp;rosidl_typesupport_introspection_cpp
[2.539s] -- Found rosidl_default_generators: 1.6.0 (/opt/ros/jazzy/share/rosidl_default_generators/cmake)
[2.608s] -- Found rosidl_adapter: 4.6.7 (/opt/ros/jazzy/share/rosidl_adapter/cmake)
[4.687s] -- Found ament_cmake_ros: 0.12.0 (/opt/ros/jazzy/share/ament_cmake_ros/cmake)
[6.985s] -- Using all available rosidl_typesupport_c: rosidl_typesupport_fastrtps_c;rosidl_typesupport_introspection_c
[7.890s] -- Using all available rosidl_typesupport_cpp: rosidl_typesupport_fastrtps_cpp;rosidl_typesupport_introspection_cpp
[7.905s] -- Found python_cmake_module: 0.11.1 (/opt/ros/jazzy/share/python_cmake_module/cmake)
[8.348s] -- Found PythonExtra: /home/aditya/venv-ardupilot/bin/python3  
[9.729s] -- Found Python3: /home/aditya/venv-ardupilot/bin/python3 (found version "3.12.3") found components: Interpreter Development NumPy Development.Module Development.Embed 
[9.899s] -- Configuring done (9.8s)
[10.025s] -- Generating done (0.1s)
[10.057s] -- Build files have been written to: /home/aditya/Dexter/build/dexter_msgs
[10.080s] Invoked command in '/home/aditya/Dexter/build/dexter_msgs' returned '0': CMAKE_PREFIX_PATH=${CMAKE_PREFIX_PATH}:/home/aditya/ros2_ws/install/my_py_pkg:/opt/ros/jazzy DEBUGINFOD_URLS=https://debuginfod.ubuntu.com VIRTUAL_ENV_PROMPT=(venv-ardupilot) /usr/bin/cmake /home/aditya/Dexter/dexter_msgs -DAMENT_CMAKE_SYMLINK_INSTALL=1 -DCMAKE_INSTALL_PREFIX=/home/aditya/Dexter/install/dexter_msgs
[10.082s] Invoking command in '/home/aditya/Dexter/build/dexter_msgs': CMAKE_PREFIX_PATH=${CMAKE_PREFIX_PATH}:/home/aditya/ros2_ws/install/my_py_pkg:/opt/ros/jazzy DEBUGINFOD_URLS=https://debuginfod.ubuntu.com VIRTUAL_ENV_PROMPT=(venv-ardupilot) /usr/bin/cmake --build /home/aditya/Dexter/build/dexter_msgs -- -j28 -l28
[10.243s] [  1%] Generating type hashes for ROS interfaces
[10.265s] [  1%] Built target ament_cmake_python_symlink_dexter_msgs
[10.975s] running egg_info
[11.034s] creating dexter_msgs.egg-info
[11.034s] writing dexter_msgs.egg-info/PKG-INFO
[11.035s] writing dependency_links to dexter_msgs.egg-info/dependency_links.txt
[11.036s] writing top-level names to dexter_msgs.egg-info/top_level.txt
[11.036s] writing manifest file 'dexter_msgs.egg-info/SOURCES.txt'
[11.232s] reading manifest file 'dexter_msgs.egg-info/SOURCES.txt'
[11.234s] writing manifest file 'dexter_msgs.egg-info/SOURCES.txt'
[11.296s] [  1%] Built target dexter_msgs__rosidl_generator_type_description
[11.323s] [  1%] Built target ament_cmake_python_build_dexter_msgs_egg
[11.327s] [  2%] Generating C code for ROS interfaces
[11.365s] [  4%] Generating C++ code for ROS interfaces
[13.841s] [  4%] Built target dexter_msgs__cpp
[14.183s] [  5%] Building C object CMakeFiles/dexter_msgs__rosidl_generator_c.dir/rosidl_generator_c/dexter_msgs/srv/detail/add_two_ints__functions.c.o
[14.186s] [  6%] Building C object CMakeFiles/dexter_msgs__rosidl_generator_c.dir/rosidl_generator_c/dexter_msgs/srv/detail/add_two_ints__type_support.c.o
[14.186s] [  8%] Building C object CMakeFiles/dexter_msgs__rosidl_generator_c.dir/rosidl_generator_c/dexter_msgs/srv/detail/add_two_ints__description.c.o
[14.188s] [  9%] Building C object CMakeFiles/dexter_msgs__rosidl_generator_c.dir/rosidl_generator_c/dexter_msgs/srv/detail/euler_to_quaternion__description.c.o
[14.188s] [ 12%] Building C object CMakeFiles/dexter_msgs__rosidl_generator_c.dir/rosidl_generator_c/dexter_msgs/srv/detail/euler_to_quaternion__type_support.c.o
[14.189s] [ 12%] Building C object CMakeFiles/dexter_msgs__rosidl_generator_c.dir/rosidl_generator_c/dexter_msgs/srv/detail/euler_to_quaternion__functions.c.o
[14.190s] [ 13%] Building C object CMakeFiles/dexter_msgs__rosidl_generator_c.dir/rosidl_generator_c/dexter_msgs/srv/detail/quaternion_to_euler__description.c.o
[14.190s] [ 14%] Building C object CMakeFiles/dexter_msgs__rosidl_generator_c.dir/rosidl_generator_c/dexter_msgs/action/detail/fibonacci__type_support.c.o
[14.191s] [ 16%] Building C object CMakeFiles/dexter_msgs__rosidl_generator_c.dir/rosidl_generator_c/dexter_msgs/action/detail/dexter_task__functions.c.o
[14.192s] [ 17%] Building C object CMakeFiles/dexter_msgs__rosidl_generator_c.dir/rosidl_generator_c/dexter_msgs/srv/detail/quaternion_to_euler__functions.c.o
[14.192s] [ 18%] Building C object CMakeFiles/dexter_msgs__rosidl_generator_c.dir/rosidl_generator_c/dexter_msgs/srv/detail/quaternion_to_euler__type_support.c.o
[14.193s] [ 20%] Building C object CMakeFiles/dexter_msgs__rosidl_generator_c.dir/rosidl_generator_c/dexter_msgs/action/detail/fibonacci__functions.c.o
[14.193s] [ 21%] Building C object CMakeFiles/dexter_msgs__rosidl_generator_c.dir/rosidl_generator_c/dexter_msgs/action/detail/fibonacci__description.c.o
[14.196s] [ 22%] Building C object CMakeFiles/dexter_msgs__rosidl_generator_c.dir/rosidl_generator_c/dexter_msgs/action/detail/dexter_task__description.c.o
[14.196s] [ 24%] Building C object CMakeFiles/dexter_msgs__rosidl_generator_c.dir/rosidl_generator_c/dexter_msgs/action/detail/dexter_task__type_support.c.o
[14.707s] [ 25%] Linking C shared library libdexter_msgs__rosidl_generator_c.so
[14.837s] [ 25%] Built target dexter_msgs__rosidl_generator_c
[14.866s] [ 27%] Generating C++ type support dispatch for ROS interfaces
[14.866s] [ 28%] Generating C++ type support for eProsima Fast-RTPS
[14.867s] [ 31%] Generating C type support for eProsima Fast-RTPS
[14.867s] [ 31%] Generating C introspection for ROS interfaces
[14.873s] [ 32%] Generating C type support dispatch for ROS interfaces
[14.874s] [ 33%] Generating C++ introspection for ROS interfaces
[16.608s] [ 35%] Building CXX object CMakeFiles/dexter_msgs__rosidl_typesupport_c.dir/rosidl_typesupport_c/dexter_msgs/action/dexter_task__type_support.cpp.o
[16.609s] [ 39%] Building CXX object CMakeFiles/dexter_msgs__rosidl_typesupport_c.dir/rosidl_typesupport_c/dexter_msgs/action/fibonacci__type_support.cpp.o
[16.609s] [ 39%] Building CXX object CMakeFiles/dexter_msgs__rosidl_typesupport_c.dir/rosidl_typesupport_c/dexter_msgs/srv/euler_to_quaternion__type_support.cpp.o
[16.610s] [ 39%] Building CXX object CMakeFiles/dexter_msgs__rosidl_typesupport_c.dir/rosidl_typesupport_c/dexter_msgs/srv/quaternion_to_euler__type_support.cpp.o
[16.610s] [ 40%] Building CXX object CMakeFiles/dexter_msgs__rosidl_typesupport_c.dir/rosidl_typesupport_c/dexter_msgs/srv/add_two_ints__type_support.cpp.o
[16.687s] [ 43%] Building CXX object CMakeFiles/dexter_msgs__rosidl_typesupport_introspection_cpp.dir/rosidl_typesupport_introspection_cpp/dexter_msgs/srv/detail/add_two_ints__type_support.cpp.o
[16.688s] [ 43%] Building CXX object CMakeFiles/dexter_msgs__rosidl_typesupport_introspection_cpp.dir/rosidl_typesupport_introspection_cpp/dexter_msgs/action/detail/fibonacci__type_support.cpp.o
[16.695s] [ 44%] Building CXX object CMakeFiles/dexter_msgs__rosidl_typesupport_introspection_cpp.dir/rosidl_typesupport_introspection_cpp/dexter_msgs/srv/detail/euler_to_quaternion__type_support.cpp.o
[16.696s] [ 45%] Building CXX object CMakeFiles/dexter_msgs__rosidl_typesupport_introspection_cpp.dir/rosidl_typesupport_introspection_cpp/dexter_msgs/srv/detail/quaternion_to_euler__type_support.cpp.o
[16.696s] [ 47%] Building CXX object CMakeFiles/dexter_msgs__rosidl_typesupport_introspection_cpp.dir/rosidl_typesupport_introspection_cpp/dexter_msgs/action/detail/dexter_task__type_support.cpp.o
[16.794s] [ 50%] Building C object CMakeFiles/dexter_msgs__rosidl_typesupport_introspection_c.dir/rosidl_typesupport_introspection_c/dexter_msgs/srv/detail/add_two_ints__type_support.c.o
[16.794s] [ 51%] Building C object CMakeFiles/dexter_msgs__rosidl_typesupport_introspection_c.dir/rosidl_typesupport_introspection_c/dexter_msgs/srv/detail/euler_to_quaternion__type_support.c.o
[16.794s] [ 51%] Building C object CMakeFiles/dexter_msgs__rosidl_typesupport_introspection_c.dir/rosidl_typesupport_introspection_c/dexter_msgs/srv/detail/quaternion_to_euler__type_support.c.o
[16.795s] [ 52%] Building C object CMakeFiles/dexter_msgs__rosidl_typesupport_introspection_c.dir/rosidl_typesupport_introspection_c/dexter_msgs/action/detail/dexter_task__type_support.c.o
[16.795s] [ 54%] Building C object CMakeFiles/dexter_msgs__rosidl_typesupport_introspection_c.dir/rosidl_typesupport_introspection_c/dexter_msgs/action/detail/fibonacci__type_support.c.o
[16.820s] [ 59%] Building CXX object CMakeFiles/dexter_msgs__rosidl_typesupport_cpp.dir/rosidl_typesupport_cpp/dexter_msgs/srv/add_two_ints__type_support.cpp.o
[16.820s] [ 59%] Building CXX object CMakeFiles/dexter_msgs__rosidl_typesupport_cpp.dir/rosidl_typesupport_cpp/dexter_msgs/srv/euler_to_quaternion__type_support.cpp.o
[16.820s] [ 59%] Building CXX object CMakeFiles/dexter_msgs__rosidl_typesupport_cpp.dir/rosidl_typesupport_cpp/dexter_msgs/srv/quaternion_to_euler__type_support.cpp.o
[16.821s] [ 59%] Building CXX object CMakeFiles/dexter_msgs__rosidl_typesupport_cpp.dir/rosidl_typesupport_cpp/dexter_msgs/action/fibonacci__type_support.cpp.o
[16.822s] [ 60%] Linking CXX shared library libdexter_msgs__rosidl_typesupport_c.so
[16.822s] [ 62%] Building CXX object CMakeFiles/dexter_msgs__rosidl_typesupport_cpp.dir/rosidl_typesupport_cpp/dexter_msgs/action/dexter_task__type_support.cpp.o
[16.979s] [ 62%] Built target dexter_msgs__rosidl_typesupport_c
[17.046s] [ 63%] Linking C shared library libdexter_msgs__rosidl_typesupport_introspection_c.so
[17.144s] [ 63%] Built target dexter_msgs__rosidl_typesupport_introspection_c
[17.625s] [ 64%] Building CXX object CMakeFiles/dexter_msgs__rosidl_typesupport_fastrtps_cpp.dir/rosidl_typesupport_fastrtps_cpp/dexter_msgs/srv/detail/dds_fastrtps/add_two_ints__type_support.cpp.o
[17.628s] [ 66%] Building CXX object CMakeFiles/dexter_msgs__rosidl_typesupport_fastrtps_cpp.dir/rosidl_typesupport_fastrtps_cpp/dexter_msgs/action/detail/dds_fastrtps/dexter_task__type_support.cpp.o
[17.629s] [ 67%] Building CXX object CMakeFiles/dexter_msgs__rosidl_typesupport_fastrtps_cpp.dir/rosidl_typesupport_fastrtps_cpp/dexter_msgs/srv/detail/dds_fastrtps/quaternion_to_euler__type_support.cpp.o
[17.630s] [ 68%] Building CXX object CMakeFiles/dexter_msgs__rosidl_typesupport_fastrtps_cpp.dir/rosidl_typesupport_fastrtps_cpp/dexter_msgs/action/detail/dds_fastrtps/fibonacci__type_support.cpp.o
[17.632s] [ 70%] Building CXX object CMakeFiles/dexter_msgs__rosidl_typesupport_fastrtps_cpp.dir/rosidl_typesupport_fastrtps_cpp/dexter_msgs/srv/detail/dds_fastrtps/euler_to_quaternion__type_support.cpp.o
[18.296s] [ 71%] Building CXX object CMakeFiles/dexter_msgs__rosidl_typesupport_fastrtps_c.dir/rosidl_typesupport_fastrtps_c/dexter_msgs/srv/detail/add_two_ints__type_support_c.cpp.o
[18.303s] [ 74%] Building CXX object CMakeFiles/dexter_msgs__rosidl_typesupport_fastrtps_c.dir/rosidl_typesupport_fastrtps_c/dexter_msgs/action/detail/dexter_task__type_support_c.cpp.o
[18.304s] [ 74%] Building CXX object CMakeFiles/dexter_msgs__rosidl_typesupport_fastrtps_c.dir/rosidl_typesupport_fastrtps_c/dexter_msgs/srv/detail/euler_to_quaternion__type_support_c.cpp.o
[18.306s] [ 75%] Building CXX object CMakeFiles/dexter_msgs__rosidl_typesupport_fastrtps_c.dir/rosidl_typesupport_fastrtps_c/dexter_msgs/action/detail/fibonacci__type_support_c.cpp.o
[18.309s] [ 77%] Building CXX object CMakeFiles/dexter_msgs__rosidl_typesupport_fastrtps_c.dir/rosidl_typesupport_fastrtps_c/dexter_msgs/srv/detail/quaternion_to_euler__type_support_c.cpp.o
[18.842s] [ 78%] Linking CXX shared library libdexter_msgs__rosidl_typesupport_introspection_cpp.so
[19.094s] [ 78%] Built target dexter_msgs__rosidl_typesupport_introspection_cpp
[19.155s] [ 79%] Linking CXX shared library libdexter_msgs__rosidl_typesupport_cpp.so
[19.411s] [ 79%] Built target dexter_msgs__rosidl_typesupport_cpp
[19.997s] [ 81%] Linking CXX shared library libdexter_msgs__rosidl_typesupport_fastrtps_c.so
[20.154s] [ 81%] Built target dexter_msgs__rosidl_typesupport_fastrtps_c
[21.066s] [ 82%] Linking CXX shared library libdexter_msgs__rosidl_typesupport_fastrtps_cpp.so
[21.339s] [ 82%] Built target dexter_msgs__rosidl_typesupport_fastrtps_cpp
[21.407s] [ 82%] Built target dexter_msgs
[21.482s] [ 83%] Generating Python code for ROS interfaces
[25.734s] [ 83%] Built target dexter_msgs__py
[25.797s] [ 85%] Building C object CMakeFiles/dexter_msgs__rosidl_generator_py.dir/rosidl_generator_py/dexter_msgs/srv/_quaternion_to_euler_s.c.o
[25.800s] [ 86%] Building C object CMakeFiles/dexter_msgs__rosidl_generator_py.dir/rosidl_generator_py/dexter_msgs/srv/_add_two_ints_s.c.o
[25.802s] [ 87%] Building C object CMakeFiles/dexter_msgs__rosidl_generator_py.dir/rosidl_generator_py/dexter_msgs/srv/_euler_to_quaternion_s.c.o
[25.802s] [ 89%] Building C object CMakeFiles/dexter_msgs__rosidl_generator_py.dir/rosidl_generator_py/dexter_msgs/action/_dexter_task_s.c.o
[25.803s] [ 90%] Building C object CMakeFiles/dexter_msgs__rosidl_generator_py.dir/rosidl_generator_py/dexter_msgs/action/_fibonacci_s.c.o
[26.459s] [ 91%] Linking C shared library libdexter_msgs__rosidl_generator_py.so
[26.570s] [ 91%] Built target dexter_msgs__rosidl_generator_py
[26.636s] [ 93%] Building C object CMakeFiles/dexter_msgs_s__rosidl_typesupport_introspection_c.dir/rosidl_generator_py/dexter_msgs/_dexter_msgs_s.ep.rosidl_typesupport_introspection_c.c.o
[26.639s] [ 94%] Building C object CMakeFiles/dexter_msgs_s__rosidl_typesupport_c.dir/rosidl_generator_py/dexter_msgs/_dexter_msgs_s.ep.rosidl_typesupport_c.c.o
[26.640s] [ 95%] Building C object CMakeFiles/dexter_msgs_s__rosidl_typesupport_fastrtps_c.dir/rosidl_generator_py/dexter_msgs/_dexter_msgs_s.ep.rosidl_typesupport_fastrtps_c.c.o
[27.126s] [ 98%] Linking C shared module rosidl_generator_py/dexter_msgs/dexter_msgs_s__rosidl_typesupport_introspection_c.so
[27.126s] [ 98%] Linking C shared module rosidl_generator_py/dexter_msgs/dexter_msgs_s__rosidl_typesupport_c.so
[27.140s] [100%] Linking C shared module rosidl_generator_py/dexter_msgs/dexter_msgs_s__rosidl_typesupport_fastrtps_c.so
[27.217s] [100%] Built target dexter_msgs_s__rosidl_typesupport_c
[27.219s] [100%] Built target dexter_msgs_s__rosidl_typesupport_introspection_c
[27.245s] [100%] Built target dexter_msgs_s__rosidl_typesupport_fastrtps_c
[27.278s] Invoked command in '/home/aditya/Dexter/build/dexter_msgs' returned '0': CMAKE_PREFIX_PATH=${CMAKE_PREFIX_PATH}:/home/aditya/ros2_ws/install/my_py_pkg:/opt/ros/jazzy DEBUGINFOD_URLS=https://debuginfod.ubuntu.com VIRTUAL_ENV_PROMPT=(venv-ardupilot) /usr/bin/cmake --build /home/aditya/Dexter/build/dexter_msgs -- -j28 -l28
[27.283s] Invoking command in '/home/aditya/Dexter/build/dexter_msgs': CMAKE_PREFIX_PATH=${CMAKE_PREFIX_PATH}:/home/aditya/ros2_ws/install/my_py_pkg:/opt/ros/jazzy DEBUGINFOD_URLS=https://debuginfod.ubuntu.com VIRTUAL_ENV_PROMPT=(venv-ardupilot) /usr/bin/cmake --install /home/aditya/Dexter/build/dexter_msgs
[27.305s] -- Install configuration: ""
[27.306s] -- Execute custom install script
[27.307s] -- Symlinking: /home/aditya/Dexter/install/dexter_msgs/share/ament_index/resource_index/rosidl_interfaces/dexter_msgs
[27.331s] -- Symlinking: /home/aditya/Dexter/install/dexter_msgs/share/dexter_msgs/srv/AddTwoInts.json
[27.358s] -- Symlinking: /home/aditya/Dexter/install/dexter_msgs/share/dexter_msgs/srv/EulerToQuaternion.json
[27.382s] -- Symlinking: /home/aditya/Dexter/install/dexter_msgs/share/dexter_msgs/srv/QuaternionToEuler.json
[27.405s] -- Symlinking: /home/aditya/Dexter/install/dexter_msgs/share/dexter_msgs/action/Fibonacci.json
[27.432s] -- Symlinking: /home/aditya/Dexter/install/dexter_msgs/share/dexter_msgs/action/DexterTask.json
[27.459s] -- Symlinking: /home/aditya/Dexter/install/dexter_msgs/include/dexter_msgs/dexter_msgs/action/detail/dexter_task__functions.h
[27.487s] -- Symlinking: /home/aditya/Dexter/install/dexter_msgs/include/dexter_msgs/dexter_msgs/action/detail/dexter_task__struct.h
[27.511s] -- Symlinking: /home/aditya/Dexter/install/dexter_msgs/include/dexter_msgs/dexter_msgs/action/detail/dexter_task__type_support.h
[27.534s] -- Symlinking: /home/aditya/Dexter/install/dexter_msgs/include/dexter_msgs/dexter_msgs/action/detail/fibonacci__functions.h
[27.560s] -- Symlinking: /home/aditya/Dexter/install/dexter_msgs/include/dexter_msgs/dexter_msgs/action/detail/fibonacci__struct.h
[27.584s] -- Symlinking: /home/aditya/Dexter/install/dexter_msgs/include/dexter_msgs/dexter_msgs/action/detail/fibonacci__type_support.h
[27.608s] -- Symlinking: /home/aditya/Dexter/install/dexter_msgs/include/dexter_msgs/dexter_msgs/action/dexter_task.h
[27.636s] -- Symlinking: /home/aditya/Dexter/install/dexter_msgs/include/dexter_msgs/dexter_msgs/action/fibonacci.h
[27.661s] -- Symlinking: /home/aditya/Dexter/install/dexter_msgs/include/dexter_msgs/dexter_msgs/msg/rosidl_generator_c__visibility_control.h
[27.686s] -- Symlinking: /home/aditya/Dexter/install/dexter_msgs/include/dexter_msgs/dexter_msgs/srv/add_two_ints.h
[27.717s] -- Symlinking: /home/aditya/Dexter/install/dexter_msgs/include/dexter_msgs/dexter_msgs/srv/detail/add_two_ints__functions.h
[27.743s] -- Symlinking: /home/aditya/Dexter/install/dexter_msgs/include/dexter_msgs/dexter_msgs/srv/detail/add_two_ints__struct.h
[27.767s] -- Symlinking: /home/aditya/Dexter/install/dexter_msgs/include/dexter_msgs/dexter_msgs/srv/detail/add_two_ints__type_support.h
[27.792s] -- Symlinking: /home/aditya/Dexter/install/dexter_msgs/include/dexter_msgs/dexter_msgs/srv/detail/euler_to_quaternion__functions.h
[27.816s] -- Symlinking: /home/aditya/Dexter/install/dexter_msgs/include/dexter_msgs/dexter_msgs/srv/detail/euler_to_quaternion__struct.h
[27.843s] -- Symlinking: /home/aditya/Dexter/install/dexter_msgs/include/dexter_msgs/dexter_msgs/srv/detail/euler_to_quaternion__type_support.h
[27.870s] -- Symlinking: /home/aditya/Dexter/install/dexter_msgs/include/dexter_msgs/dexter_msgs/srv/detail/quaternion_to_euler__functions.h
[27.894s] -- Symlinking: /home/aditya/Dexter/install/dexter_msgs/include/dexter_msgs/dexter_msgs/srv/detail/quaternion_to_euler__struct.h
[27.920s] -- Symlinking: /home/aditya/Dexter/install/dexter_msgs/include/dexter_msgs/dexter_msgs/srv/detail/quaternion_to_euler__type_support.h
[27.944s] -- Symlinking: /home/aditya/Dexter/install/dexter_msgs/include/dexter_msgs/dexter_msgs/srv/euler_to_quaternion.h
[27.967s] -- Symlinking: /home/aditya/Dexter/install/dexter_msgs/include/dexter_msgs/dexter_msgs/srv/quaternion_to_euler.h
[27.992s] -- Symlinking: /home/aditya/Dexter/install/dexter_msgs/share/dexter_msgs/environment/library_path.sh
[28.015s] -- Symlinking: /home/aditya/Dexter/install/dexter_msgs/share/dexter_msgs/environment/library_path.dsv
[28.039s] -- Symlinking: /home/aditya/Dexter/install/dexter_msgs/include/dexter_msgs/dexter_msgs/action/detail/dexter_task__rosidl_typesupport_fastrtps_c.h
[28.067s] -- Symlinking: /home/aditya/Dexter/install/dexter_msgs/include/dexter_msgs/dexter_msgs/action/detail/fibonacci__rosidl_typesupport_fastrtps_c.h
[28.092s] -- Symlinking: /home/aditya/Dexter/install/dexter_msgs/include/dexter_msgs/dexter_msgs/msg/rosidl_typesupport_fastrtps_c__visibility_control.h
[28.115s] -- Symlinking: /home/aditya/Dexter/install/dexter_msgs/include/dexter_msgs/dexter_msgs/srv/detail/add_two_ints__rosidl_typesupport_fastrtps_c.h
[28.141s] -- Symlinking: /home/aditya/Dexter/install/dexter_msgs/include/dexter_msgs/dexter_msgs/srv/detail/euler_to_quaternion__rosidl_typesupport_fastrtps_c.h
[28.167s] -- Symlinking: /home/aditya/Dexter/install/dexter_msgs/include/dexter_msgs/dexter_msgs/srv/detail/quaternion_to_euler__rosidl_typesupport_fastrtps_c.h
[28.193s] -- Symlinking: /home/aditya/Dexter/install/dexter_msgs/include/dexter_msgs/dexter_msgs/action/detail/dexter_task__builder.hpp
[28.219s] -- Symlinking: /home/aditya/Dexter/install/dexter_msgs/include/dexter_msgs/dexter_msgs/action/detail/dexter_task__struct.hpp
[28.244s] -- Symlinking: /home/aditya/Dexter/install/dexter_msgs/include/dexter_msgs/dexter_msgs/action/detail/dexter_task__traits.hpp
[28.273s] -- Symlinking: /home/aditya/Dexter/install/dexter_msgs/include/dexter_msgs/dexter_msgs/action/detail/dexter_task__type_support.hpp
[28.296s] -- Symlinking: /home/aditya/Dexter/install/dexter_msgs/include/dexter_msgs/dexter_msgs/action/detail/fibonacci__builder.hpp
[28.321s] -- Symlinking: /home/aditya/Dexter/install/dexter_msgs/include/dexter_msgs/dexter_msgs/action/detail/fibonacci__struct.hpp
[28.349s] -- Symlinking: /home/aditya/Dexter/install/dexter_msgs/include/dexter_msgs/dexter_msgs/action/detail/fibonacci__traits.hpp
[28.375s] -- Symlinking: /home/aditya/Dexter/install/dexter_msgs/include/dexter_msgs/dexter_msgs/action/detail/fibonacci__type_support.hpp
[28.400s] -- Symlinking: /home/aditya/Dexter/install/dexter_msgs/include/dexter_msgs/dexter_msgs/action/dexter_task.hpp
[28.425s] -- Symlinking: /home/aditya/Dexter/install/dexter_msgs/include/dexter_msgs/dexter_msgs/action/fibonacci.hpp
[28.449s] -- Symlinking: /home/aditya/Dexter/install/dexter_msgs/include/dexter_msgs/dexter_msgs/msg/rosidl_generator_cpp__visibility_control.hpp
[28.474s] -- Symlinking: /home/aditya/Dexter/install/dexter_msgs/include/dexter_msgs/dexter_msgs/srv/add_two_ints.hpp
[28.500s] -- Symlinking: /home/aditya/Dexter/install/dexter_msgs/include/dexter_msgs/dexter_msgs/srv/detail/add_two_ints__builder.hpp
[28.523s] -- Symlinking: /home/aditya/Dexter/install/dexter_msgs/include/dexter_msgs/dexter_msgs/srv/detail/add_two_ints__struct.hpp
[28.549s] -- Symlinking: /home/aditya/Dexter/install/dexter_msgs/include/dexter_msgs/dexter_msgs/srv/detail/add_two_ints__traits.hpp
[28.575s] -- Symlinking: /home/aditya/Dexter/install/dexter_msgs/include/dexter_msgs/dexter_msgs/srv/detail/add_two_ints__type_support.hpp
[28.598s] -- Symlinking: /home/aditya/Dexter/install/dexter_msgs/include/dexter_msgs/dexter_msgs/srv/detail/euler_to_quaternion__builder.hpp
[28.624s] -- Symlinking: /home/aditya/Dexter/install/dexter_msgs/include/dexter_msgs/dexter_msgs/srv/detail/euler_to_quaternion__struct.hpp
[28.647s] -- Symlinking: /home/aditya/Dexter/install/dexter_msgs/include/dexter_msgs/dexter_msgs/srv/detail/euler_to_quaternion__traits.hpp
[28.673s] -- Symlinking: /home/aditya/Dexter/install/dexter_msgs/include/dexter_msgs/dexter_msgs/srv/detail/euler_to_quaternion__type_support.hpp
[28.700s] -- Symlinking: /home/aditya/Dexter/install/dexter_msgs/include/dexter_msgs/dexter_msgs/srv/detail/quaternion_to_euler__builder.hpp
[28.726s] -- Symlinking: /home/aditya/Dexter/install/dexter_msgs/include/dexter_msgs/dexter_msgs/srv/detail/quaternion_to_euler__struct.hpp
[28.750s] -- Symlinking: /home/aditya/Dexter/install/dexter_msgs/include/dexter_msgs/dexter_msgs/srv/detail/quaternion_to_euler__traits.hpp
[28.775s] -- Symlinking: /home/aditya/Dexter/install/dexter_msgs/include/dexter_msgs/dexter_msgs/srv/detail/quaternion_to_euler__type_support.hpp
[28.802s] -- Symlinking: /home/aditya/Dexter/install/dexter_msgs/include/dexter_msgs/dexter_msgs/srv/euler_to_quaternion.hpp
[28.827s] -- Symlinking: /home/aditya/Dexter/install/dexter_msgs/include/dexter_msgs/dexter_msgs/srv/quaternion_to_euler.hpp
[28.852s] -- Symlinking: /home/aditya/Dexter/install/dexter_msgs/include/dexter_msgs/dexter_msgs/action/detail/dexter_task__rosidl_typesupport_fastrtps_cpp.hpp
[28.876s] -- Symlinking: /home/aditya/Dexter/install/dexter_msgs/include/dexter_msgs/dexter_msgs/action/detail/fibonacci__rosidl_typesupport_fastrtps_cpp.hpp
[28.901s] -- Symlinking: /home/aditya/Dexter/install/dexter_msgs/include/dexter_msgs/dexter_msgs/msg/rosidl_typesupport_fastrtps_cpp__visibility_control.h
[28.927s] -- Symlinking: /home/aditya/Dexter/install/dexter_msgs/include/dexter_msgs/dexter_msgs/srv/detail/add_two_ints__rosidl_typesupport_fastrtps_cpp.hpp
[28.951s] -- Symlinking: /home/aditya/Dexter/install/dexter_msgs/include/dexter_msgs/dexter_msgs/srv/detail/euler_to_quaternion__rosidl_typesupport_fastrtps_cpp.hpp
[28.977s] -- Symlinking: /home/aditya/Dexter/install/dexter_msgs/include/dexter_msgs/dexter_msgs/srv/detail/quaternion_to_euler__rosidl_typesupport_fastrtps_cpp.hpp
[29.003s] -- Symlinking: /home/aditya/Dexter/install/dexter_msgs/include/dexter_msgs/dexter_msgs/action/detail/dexter_task__rosidl_typesupport_introspection_c.h
[29.028s] -- Symlinking: /home/aditya/Dexter/install/dexter_msgs/include/dexter_msgs/dexter_msgs/action/detail/fibonacci__rosidl_typesupport_introspection_c.h
[29.054s] -- Symlinking: /home/aditya/Dexter/install/dexter_msgs/include/dexter_msgs/dexter_msgs/msg/rosidl_typesupport_introspection_c__visibility_control.h
[29.081s] -- Symlinking: /home/aditya/Dexter/install/dexter_msgs/include/dexter_msgs/dexter_msgs/srv/detail/add_two_ints__rosidl_typesupport_introspection_c.h
[29.106s] -- Symlinking: /home/aditya/Dexter/install/dexter_msgs/include/dexter_msgs/dexter_msgs/srv/detail/euler_to_quaternion__rosidl_typesupport_introspection_c.h
[29.131s] -- Symlinking: /home/aditya/Dexter/install/dexter_msgs/include/dexter_msgs/dexter_msgs/srv/detail/quaternion_to_euler__rosidl_typesupport_introspection_c.h
[29.154s] -- Symlinking: /home/aditya/Dexter/install/dexter_msgs/include/dexter_msgs/dexter_msgs/action/detail/dexter_task__rosidl_typesupport_introspection_cpp.hpp
[29.181s] -- Symlinking: /home/aditya/Dexter/install/dexter_msgs/include/dexter_msgs/dexter_msgs/action/detail/fibonacci__rosidl_typesupport_introspection_cpp.hpp
[29.205s] -- Symlinking: /home/aditya/Dexter/install/dexter_msgs/include/dexter_msgs/dexter_msgs/srv/detail/add_two_ints__rosidl_typesupport_introspection_cpp.hpp
[29.229s] -- Symlinking: /home/aditya/Dexter/install/dexter_msgs/include/dexter_msgs/dexter_msgs/srv/detail/euler_to_quaternion__rosidl_typesupport_introspection_cpp.hpp
[29.254s] -- Symlinking: /home/aditya/Dexter/install/dexter_msgs/include/dexter_msgs/dexter_msgs/srv/detail/quaternion_to_euler__rosidl_typesupport_introspection_cpp.hpp
[29.279s] -- Symlinking: /home/aditya/Dexter/install/dexter_msgs/share/dexter_msgs/environment/pythonpath.sh
[29.302s] -- Symlinking: /home/aditya/Dexter/install/dexter_msgs/share/dexter_msgs/environment/pythonpath.dsv
[29.331s] -- Symlinking: /home/aditya/Dexter/install/dexter_msgs/lib/python3.12/site-packages/dexter_msgs-0.0.0-py3.12.egg-info/PKG-INFO
[29.355s] -- Symlinking: /home/aditya/Dexter/install/dexter_msgs/lib/python3.12/site-packages/dexter_msgs-0.0.0-py3.12.egg-info/SOURCES.txt
[29.376s] -- Symlinking: /home/aditya/Dexter/install/dexter_msgs/lib/python3.12/site-packages/dexter_msgs-0.0.0-py3.12.egg-info/dependency_links.txt
[29.402s] -- Symlinking: /home/aditya/Dexter/install/dexter_msgs/lib/python3.12/site-packages/dexter_msgs-0.0.0-py3.12.egg-info/top_level.txt
[29.427s] -- Symlinking: /home/aditya/Dexter/install/dexter_msgs/lib/python3.12/site-packages/dexter_msgs/__init__.py
[29.449s] -- Symlinking: /home/aditya/Dexter/install/dexter_msgs/lib/python3.12/site-packages/dexter_msgs/_dexter_msgs_s.ep.rosidl_typesupport_c.c
[29.475s] -- Symlinking: /home/aditya/Dexter/install/dexter_msgs/lib/python3.12/site-packages/dexter_msgs/_dexter_msgs_s.ep.rosidl_typesupport_fastrtps_c.c
[29.505s] -- Symlinking: /home/aditya/Dexter/install/dexter_msgs/lib/python3.12/site-packages/dexter_msgs/_dexter_msgs_s.ep.rosidl_typesupport_introspection_c.c
[29.533s] -- Symlinking: /home/aditya/Dexter/install/dexter_msgs/lib/python3.12/site-packages/dexter_msgs/action/__init__.py
[29.557s] -- Symlinking: /home/aditya/Dexter/install/dexter_msgs/lib/python3.12/site-packages/dexter_msgs/action/_dexter_task.py
[29.580s] -- Symlinking: /home/aditya/Dexter/install/dexter_msgs/lib/python3.12/site-packages/dexter_msgs/action/_dexter_task_s.c
[29.605s] -- Symlinking: /home/aditya/Dexter/install/dexter_msgs/lib/python3.12/site-packages/dexter_msgs/action/_fibonacci.py
[29.628s] -- Symlinking: /home/aditya/Dexter/install/dexter_msgs/lib/python3.12/site-packages/dexter_msgs/action/_fibonacci_s.c
[29.652s] -- Symlinking: /home/aditya/Dexter/install/dexter_msgs/lib/python3.12/site-packages/dexter_msgs/dexter_msgs_s__rosidl_typesupport_c.so
[29.679s] -- Symlinking: /home/aditya/Dexter/install/dexter_msgs/lib/python3.12/site-packages/dexter_msgs/dexter_msgs_s__rosidl_typesupport_fastrtps_c.so
[29.703s] -- Symlinking: /home/aditya/Dexter/install/dexter_msgs/lib/python3.12/site-packages/dexter_msgs/dexter_msgs_s__rosidl_typesupport_introspection_c.so
[29.726s] -- Symlinking: /home/aditya/Dexter/install/dexter_msgs/lib/python3.12/site-packages/dexter_msgs/srv/__init__.py
[29.753s] -- Symlinking: /home/aditya/Dexter/install/dexter_msgs/lib/python3.12/site-packages/dexter_msgs/srv/_add_two_ints.py
[29.779s] -- Symlinking: /home/aditya/Dexter/install/dexter_msgs/lib/python3.12/site-packages/dexter_msgs/srv/_add_two_ints_s.c
[29.807s] -- Symlinking: /home/aditya/Dexter/install/dexter_msgs/lib/python3.12/site-packages/dexter_msgs/srv/_euler_to_quaternion.py
[29.832s] -- Symlinking: /home/aditya/Dexter/install/dexter_msgs/lib/python3.12/site-packages/dexter_msgs/srv/_euler_to_quaternion_s.c
[29.856s] -- Symlinking: /home/aditya/Dexter/install/dexter_msgs/lib/python3.12/site-packages/dexter_msgs/srv/_quaternion_to_euler.py
[29.887s] -- Symlinking: /home/aditya/Dexter/install/dexter_msgs/lib/python3.12/site-packages/dexter_msgs/srv/_quaternion_to_euler_s.c
[29.912s] -- Up-to-date symlink: /home/aditya/Dexter/install/dexter_msgs/lib/python3.12/site-packages/dexter_msgs/dexter_msgs_s__rosidl_typesupport_fastrtps_c.so
[29.913s] -- Up-to-date symlink: /home/aditya/Dexter/install/dexter_msgs/lib/python3.12/site-packages/dexter_msgs/dexter_msgs_s__rosidl_typesupport_introspection_c.so
[29.913s] -- Up-to-date symlink: /home/aditya/Dexter/install/dexter_msgs/lib/python3.12/site-packages/dexter_msgs/dexter_msgs_s__rosidl_typesupport_c.so
[29.914s] -- Symlinking: /home/aditya/Dexter/install/dexter_msgs/share/dexter_msgs/srv/AddTwoInts.idl
[29.938s] -- Symlinking: /home/aditya/Dexter/install/dexter_msgs/share/dexter_msgs/srv/EulerToQuaternion.idl
[29.966s] -- Symlinking: /home/aditya/Dexter/install/dexter_msgs/share/dexter_msgs/srv/QuaternionToEuler.idl
[29.990s] -- Symlinking: /home/aditya/Dexter/install/dexter_msgs/share/dexter_msgs/action/Fibonacci.idl
[30.015s] -- Symlinking: /home/aditya/Dexter/install/dexter_msgs/share/dexter_msgs/action/DexterTask.idl
[30.044s] -- Symlinking: /home/aditya/Dexter/install/dexter_msgs/share/dexter_msgs/srv/AddTwoInts.srv
[30.069s] -- Symlinking: /home/aditya/Dexter/install/dexter_msgs/share/dexter_msgs/srv/EulerToQuaternion.srv
[30.093s] -- Symlinking: /home/aditya/Dexter/install/dexter_msgs/share/dexter_msgs/srv/QuaternionToEuler.srv
[30.120s] -- Symlinking: /home/aditya/Dexter/install/dexter_msgs/share/dexter_msgs/action/Fibonacci.action
[30.145s] -- Symlinking: /home/aditya/Dexter/install/dexter_msgs/share/dexter_msgs/action/DexterTask.action
[30.172s] -- Symlinking: /home/aditya/Dexter/install/dexter_msgs/share/ament_index/resource_index/package_run_dependencies/dexter_msgs
[30.196s] -- Symlinking: /home/aditya/Dexter/install/dexter_msgs/share/ament_index/resource_index/parent_prefix_path/dexter_msgs
[30.222s] -- Symlinking: /home/aditya/Dexter/install/dexter_msgs/share/dexter_msgs/environment/ament_prefix_path.sh
[30.248s] -- Symlinking: /home/aditya/Dexter/install/dexter_msgs/share/dexter_msgs/environment/ament_prefix_path.dsv
[30.276s] -- Symlinking: /home/aditya/Dexter/install/dexter_msgs/share/dexter_msgs/environment/path.sh
[30.299s] -- Symlinking: /home/aditya/Dexter/install/dexter_msgs/share/dexter_msgs/environment/path.dsv
[30.326s] -- Symlinking: /home/aditya/Dexter/install/dexter_msgs/share/dexter_msgs/local_setup.bash
[30.354s] -- Symlinking: /home/aditya/Dexter/install/dexter_msgs/share/dexter_msgs/local_setup.sh
[30.379s] -- Symlinking: /home/aditya/Dexter/install/dexter_msgs/share/dexter_msgs/local_setup.zsh
[30.406s] -- Symlinking: /home/aditya/Dexter/install/dexter_msgs/share/dexter_msgs/local_setup.dsv
[30.431s] -- Symlinking: /home/aditya/Dexter/install/dexter_msgs/share/dexter_msgs/package.dsv
[30.459s] -- Symlinking: /home/aditya/Dexter/install/dexter_msgs/share/ament_index/resource_index/packages/dexter_msgs
[30.487s] -- Symlinking: /home/aditya/Dexter/install/dexter_msgs/share/dexter_msgs/cmake/rosidl_cmake-extras.cmake
[30.513s] -- Symlinking: /home/aditya/Dexter/install/dexter_msgs/share/dexter_msgs/cmake/ament_cmake_export_dependencies-extras.cmake
[30.542s] -- Symlinking: /home/aditya/Dexter/install/dexter_msgs/share/dexter_msgs/cmake/ament_cmake_export_include_directories-extras.cmake
[30.567s] -- Symlinking: /home/aditya/Dexter/install/dexter_msgs/share/dexter_msgs/cmake/ament_cmake_export_libraries-extras.cmake
[30.591s] -- Symlinking: /home/aditya/Dexter/install/dexter_msgs/share/dexter_msgs/cmake/ament_cmake_export_targets-extras.cmake
[30.616s] -- Symlinking: /home/aditya/Dexter/install/dexter_msgs/share/dexter_msgs/cmake/rosidl_cmake_export_typesupport_targets-extras.cmake
[30.641s] -- Symlinking: /home/aditya/Dexter/install/dexter_msgs/share/dexter_msgs/cmake/rosidl_cmake_export_typesupport_libraries-extras.cmake
[30.666s] -- Symlinking: /home/aditya/Dexter/install/dexter_msgs/share/dexter_msgs/cmake/dexter_msgsConfig.cmake
[30.691s] -- Symlinking: /home/aditya/Dexter/install/dexter_msgs/share/dexter_msgs/cmake/dexter_msgsConfig-version.cmake
[30.715s] -- Symlinking: /home/aditya/Dexter/install/dexter_msgs/share/dexter_msgs/package.xml
[30.740s] -- Installing: /home/aditya/Dexter/install/dexter_msgs/lib/libdexter_msgs__rosidl_generator_c.so
[30.742s] -- Set non-toolchain portion of runtime path of "/home/aditya/Dexter/install/dexter_msgs/lib/libdexter_msgs__rosidl_generator_c.so" to ""
[30.742s] -- Installing: /home/aditya/Dexter/install/dexter_msgs/lib/libdexter_msgs__rosidl_typesupport_fastrtps_c.so
[30.743s] -- Set non-toolchain portion of runtime path of "/home/aditya/Dexter/install/dexter_msgs/lib/libdexter_msgs__rosidl_typesupport_fastrtps_c.so" to ""
[30.743s] -- Installing: /home/aditya/Dexter/install/dexter_msgs/lib/libdexter_msgs__rosidl_typesupport_fastrtps_cpp.so
[30.745s] -- Set non-toolchain portion of runtime path of "/home/aditya/Dexter/install/dexter_msgs/lib/libdexter_msgs__rosidl_typesupport_fastrtps_cpp.so" to ""
[30.746s] -- Installing: /home/aditya/Dexter/install/dexter_msgs/lib/libdexter_msgs__rosidl_typesupport_introspection_c.so
[30.747s] -- Set non-toolchain portion of runtime path of "/home/aditya/Dexter/install/dexter_msgs/lib/libdexter_msgs__rosidl_typesupport_introspection_c.so" to ""
[30.748s] -- Installing: /home/aditya/Dexter/install/dexter_msgs/lib/libdexter_msgs__rosidl_typesupport_c.so
[30.748s] -- Set non-toolchain portion of runtime path of "/home/aditya/Dexter/install/dexter_msgs/lib/libdexter_msgs__rosidl_typesupport_c.so" to ""
[30.748s] -- Installing: /home/aditya/Dexter/install/dexter_msgs/lib/libdexter_msgs__rosidl_typesupport_introspection_cpp.so
[30.750s] -- Set non-toolchain portion of runtime path of "/home/aditya/Dexter/install/dexter_msgs/lib/libdexter_msgs__rosidl_typesupport_introspection_cpp.so" to ""
[30.751s] -- Installing: /home/aditya/Dexter/install/dexter_msgs/lib/libdexter_msgs__rosidl_typesupport_cpp.so
[30.752s] -- Set non-toolchain portion of runtime path of "/home/aditya/Dexter/install/dexter_msgs/lib/libdexter_msgs__rosidl_typesupport_cpp.so" to ""
[30.959s] Listing '/home/aditya/Dexter/install/dexter_msgs/lib/python3.12/site-packages/dexter_msgs'...
[30.959s] Compiling '/home/aditya/Dexter/install/dexter_msgs/lib/python3.12/site-packages/dexter_msgs/__init__.py'...
[30.959s] Listing '/home/aditya/Dexter/install/dexter_msgs/lib/python3.12/site-packages/dexter_msgs/action'...
[30.960s] Compiling '/home/aditya/Dexter/install/dexter_msgs/lib/python3.12/site-packages/dexter_msgs/action/__init__.py'...
[30.960s] Compiling '/home/aditya/Dexter/install/dexter_msgs/lib/python3.12/site-packages/dexter_msgs/action/_dexter_task.py'...
[30.960s] Compiling '/home/aditya/Dexter/install/dexter_msgs/lib/python3.12/site-packages/dexter_msgs/action/_fibonacci.py'...
[30.960s] Listing '/home/aditya/Dexter/install/dexter_msgs/lib/python3.12/site-packages/dexter_msgs/srv'...
[30.961s] Compiling '/home/aditya/Dexter/install/dexter_msgs/lib/python3.12/site-packages/dexter_msgs/srv/__init__.py'...
[30.961s] Compiling '/home/aditya/Dexter/install/dexter_msgs/lib/python3.12/site-packages/dexter_msgs/srv/_add_two_ints.py'...
[30.961s] Compiling '/home/aditya/Dexter/install/dexter_msgs/lib/python3.12/site-packages/dexter_msgs/srv/_euler_to_quaternion.py'...
[30.961s] Compiling '/home/aditya/Dexter/install/dexter_msgs/lib/python3.12/site-packages/dexter_msgs/srv/_quaternion_to_euler.py'...
[30.976s] -- Installing: /home/aditya/Dexter/install/dexter_msgs/lib/libdexter_msgs__rosidl_generator_py.so
[30.977s] -- Set non-toolchain portion of runtime path of "/home/aditya/Dexter/install/dexter_msgs/lib/libdexter_msgs__rosidl_generator_py.so" to ""
[30.978s] -- Installing: /home/aditya/Dexter/install/dexter_msgs/share/dexter_msgs/cmake/export_dexter_msgs__rosidl_generator_cExport.cmake
[30.978s] -- Installing: /home/aditya/Dexter/install/dexter_msgs/share/dexter_msgs/cmake/export_dexter_msgs__rosidl_generator_cExport-noconfig.cmake
[30.979s] -- Installing: /home/aditya/Dexter/install/dexter_msgs/share/dexter_msgs/cmake/export_dexter_msgs__rosidl_typesupport_fastrtps_cExport.cmake
[30.979s] -- Installing: /home/aditya/Dexter/install/dexter_msgs/share/dexter_msgs/cmake/export_dexter_msgs__rosidl_typesupport_fastrtps_cExport-noconfig.cmake
[30.980s] -- Installing: /home/aditya/Dexter/install/dexter_msgs/share/dexter_msgs/cmake/export_dexter_msgs__rosidl_generator_cppExport.cmake
[30.981s] -- Installing: /home/aditya/Dexter/install/dexter_msgs/share/dexter_msgs/cmake/export_dexter_msgs__rosidl_typesupport_fastrtps_cppExport.cmake
[30.981s] -- Installing: /home/aditya/Dexter/install/dexter_msgs/share/dexter_msgs/cmake/export_dexter_msgs__rosidl_typesupport_fastrtps_cppExport-noconfig.cmake
[30.981s] -- Installing: /home/aditya/Dexter/install/dexter_msgs/share/dexter_msgs/cmake/dexter_msgs__rosidl_typesupport_introspection_cExport.cmake
[30.982s] -- Installing: /home/aditya/Dexter/install/dexter_msgs/share/dexter_msgs/cmake/dexter_msgs__rosidl_typesupport_introspection_cExport-noconfig.cmake
[30.982s] -- Installing: /home/aditya/Dexter/install/dexter_msgs/share/dexter_msgs/cmake/dexter_msgs__rosidl_typesupport_cExport.cmake
[30.982s] -- Installing: /home/aditya/Dexter/install/dexter_msgs/share/dexter_msgs/cmake/dexter_msgs__rosidl_typesupport_cExport-noconfig.cmake
[30.982s] -- Installing: /home/aditya/Dexter/install/dexter_msgs/share/dexter_msgs/cmake/dexter_msgs__rosidl_typesupport_introspection_cppExport.cmake
[30.982s] -- Installing: /home/aditya/Dexter/install/dexter_msgs/share/dexter_msgs/cmake/dexter_msgs__rosidl_typesupport_introspection_cppExport-noconfig.cmake
[30.982s] -- Installing: /home/aditya/Dexter/install/dexter_msgs/share/dexter_msgs/cmake/dexter_msgs__rosidl_typesupport_cppExport.cmake
[30.982s] -- Installing: /home/aditya/Dexter/install/dexter_msgs/share/dexter_msgs/cmake/dexter_msgs__rosidl_typesupport_cppExport-noconfig.cmake
[30.983s] -- Installing: /home/aditya/Dexter/install/dexter_msgs/share/dexter_msgs/cmake/export_dexter_msgs__rosidl_generator_pyExport.cmake
[30.983s] -- Installing: /home/aditya/Dexter/install/dexter_msgs/share/dexter_msgs/cmake/export_dexter_msgs__rosidl_generator_pyExport-noconfig.cmake
[30.986s] Invoked command in '/home/aditya/Dexter/build/dexter_msgs' returned '0': CMAKE_PREFIX_PATH=${CMAKE_PREFIX_PATH}:/home/aditya/ros2_ws/install/my_py_pkg:/opt/ros/jazzy DEBUGINFOD_URLS=https://debuginfod.ubuntu.com VIRTUAL_ENV_PROMPT=(venv-ardupilot) /usr/bin/cmake --install /home/aditya/Dexter/build/dexter_msgs
