-- The C compiler identification is GNU 13.3.0
-- The CXX compiler identification is GNU 13.3.0
-- Detecting C compiler ABI info
-- Detecting C compiler ABI info - done
-- Check for working C compiler: /usr/bin/cc - skipped
-- Detecting C compile features
-- Detecting C compile features - done
-- Detecting CXX compiler ABI info
-- Detecting CXX compiler ABI info - done
-- Check for working CXX compiler: /usr/bin/c++ - skipped
-- Detecting CXX compile features
-- Detecting CXX compile features - done
-- Found ament_cmake: 2.5.5 (/opt/ros/jazzy/share/ament_cmake/cmake)
-- Found Python3: /home/aditya/venv-ardupilot/bin/python3 (found version "3.12.3") found components: Interpreter 
-- Override CMake install command with custom implementation using symlinks instead of copying resources
-- Found rclcpp: 28.1.16 (/opt/ros/jazzy/share/rclcpp/cmake)
-- Found rosidl_generator_c: 4.6.7 (/opt/ros/jazzy/share/rosidl_generator_c/cmake)
-- Found rosidl_generator_cpp: 4.6.7 (/opt/ros/jazzy/share/rosidl_generator_cpp/cmake)
-- Using all available rosidl_typesupport_c: rosidl_typesupport_fastrtps_c;rosidl_typesupport_introspection_c
-- Using all available rosidl_typesupport_cpp: rosidl_typesupport_fastrtps_cpp;rosidl_typesupport_introspection_cpp
-- Found rmw_implementation_cmake: 7.3.3 (/opt/ros/jazzy/share/rmw_implementation_cmake/cmake)
-- Found rmw_fastrtps_cpp: 8.4.3 (/opt/ros/jazzy/share/rmw_fastrtps_cpp/cmake)
-- Found OpenSSL: /usr/lib/x86_64-linux-gnu/libcrypto.so (found version "3.0.13")  
-- Found FastRTPS: /opt/ros/jazzy/include (Required is at least version "2.13") 
-- Using RMW implementation 'rmw_fastrtps_cpp' as default
-- Found rclcpp_action: 28.1.16 (/opt/ros/jazzy/share/rclcpp_action/cmake)
-- Found rclcpp_components: 28.1.16 (/opt/ros/jazzy/share/rclcpp_components/cmake)
-- Found dexter_msgs: 0.0.0 (/home/aditya/Dexter/install/dexter_msgs/share/dexter_msgs/cmake)
-- Found moveit_ros_planning_interface: 2.12.4 (/opt/ros/jazzy/share/moveit_ros_planning_interface/cmake)
-- Found Boost: /usr/lib/x86_64-linux-gnu/cmake/Boost-1.83.0/BoostConfig.cmake (found version "1.83.0") found components: date_time filesystem program_options system thread 
-- Found Boost: /usr/lib/x86_64-linux-gnu/cmake/Boost-1.83.0/BoostConfig.cmake (found version "1.83.0") found components: chrono date_time filesystem iostreams program_options regex serialization system thread 
-- Found parameter_traits: 0.6.0 (/opt/ros/jazzy/share/parameter_traits/cmake)
-- Found rclcpp_lifecycle: 28.1.16 (/opt/ros/jazzy/share/rclcpp_lifecycle/cmake)
-- Found Boost: /usr/lib/x86_64-linux-gnu/cmake/Boost-1.83.0/BoostConfig.cmake (found version "1.83.0") found components: filesystem 
-- Found Eigen3: TRUE (found version "3.4.0") 
-- Ensuring Eigen3 include directory is part of orocos-kdl CMake target
-- Found Boost: /usr/lib/x86_64-linux-gnu/cmake/Boost-1.83.0/BoostConfig.cmake (found version "1.83.0") found components: system filesystem date_time program_options thread chrono 
-- Found Boost: /usr/lib/x86_64-linux-gnu/cmake/Boost-1.83.0/BoostConfig.cmake (found version "1.83.0") found components: thread system filesystem regex date_time program_options 
-- Found Boost: /usr/lib/x86_64-linux-gnu/cmake/Boost-1.83.0/BoostConfig.cmake (found version "1.83.0") found components: system filesystem date_time program_options thread 
-- Found rclpy: 7.1.9 (/opt/ros/jazzy/share/rclpy/cmake)
-- Configuring done (7.0s)
-- Generating done (0.1s)
-- Build files have been written to: /home/aditya/Dexter/build/dexter_remote
[ 50%] Building CXX object CMakeFiles/task_server.dir/src/task_server.cpp.o
[ 50%] Building CXX object CMakeFiles/task_server_node.dir/rclcpp_components/node_main_task_server_node.cpp.o
[ 50%] Built target ament_cmake_python_symlink_dexter_remote
running egg_info
creating dexter_remote.egg-info
writing dexter_remote.egg-info/PKG-INFO
writing dependency_links to dexter_remote.egg-info/dependency_links.txt
writing top-level names to dexter_remote.egg-info/top_level.txt
writing manifest file 'dexter_remote.egg-info/SOURCES.txt'
reading manifest file 'dexter_remote.egg-info/SOURCES.txt'
writing manifest file 'dexter_remote.egg-info/SOURCES.txt'
[ 50%] Built target ament_cmake_python_build_dexter_remote_egg
[ 75%] Linking CXX executable task_server_node
[ 75%] Built target task_server_node
[100%] Linking CXX shared library libtask_server.so
[100%] Built target task_server
-- Install configuration: ""
-- Execute custom install script
-- Symlinking: /home/aditya/Dexter/install/dexter_remote/lib/dexter_remote/task_server_node
-- Symlinking: /home/aditya/Dexter/install/dexter_remote/share/dexter_remote/environment/pythonpath.sh
-- Symlinking: /home/aditya/Dexter/install/dexter_remote/share/dexter_remote/environment/pythonpath.dsv
-- Symlinking: /home/aditya/Dexter/install/dexter_remote/lib/python3.12/site-packages/dexter_remote-0.0.0-py3.12.egg-info/PKG-INFO
-- Symlinking: /home/aditya/Dexter/install/dexter_remote/lib/python3.12/site-packages/dexter_remote-0.0.0-py3.12.egg-info/SOURCES.txt
-- Symlinking: /home/aditya/Dexter/install/dexter_remote/lib/python3.12/site-packages/dexter_remote-0.0.0-py3.12.egg-info/dependency_links.txt
-- Symlinking: /home/aditya/Dexter/install/dexter_remote/lib/python3.12/site-packages/dexter_remote-0.0.0-py3.12.egg-info/top_level.txt
-- Symlinking: /home/aditya/Dexter/install/dexter_remote/lib/python3.12/site-packages/dexter_remote/__init__.py
-- Symlinking: /home/aditya/Dexter/install/dexter_remote/lib/python3.12/site-packages/dexter_remote/task_server.py
-- Symlinking: /home/aditya/Dexter/install/dexter_remote/lib/python3.12/site-packages/dexter_remote/web_interface.py
-- Symlinking: /home/aditya/Dexter/install/dexter_remote/share/dexter_remote/launch/remote_interface.launch.py
-- Symlinking: /home/aditya/Dexter/install/dexter_remote/share/dexter_remote/templates/index.html
-- Symlinking: /home/aditya/Dexter/install/dexter_remote/lib/libtask_server.so
-- Symlinking: /home/aditya/Dexter/install/dexter_remote/lib/dexter_remote/task_server.py
-- Symlinking: /home/aditya/Dexter/install/dexter_remote/lib/dexter_remote/web_interface.py
-- Symlinking: /home/aditya/Dexter/install/dexter_remote/share/ament_index/resource_index/package_run_dependencies/dexter_remote
-- Symlinking: /home/aditya/Dexter/install/dexter_remote/share/ament_index/resource_index/parent_prefix_path/dexter_remote
-- Symlinking: /home/aditya/Dexter/install/dexter_remote/share/dexter_remote/environment/ament_prefix_path.sh
-- Symlinking: /home/aditya/Dexter/install/dexter_remote/share/dexter_remote/environment/ament_prefix_path.dsv
-- Symlinking: /home/aditya/Dexter/install/dexter_remote/share/dexter_remote/environment/path.sh
-- Symlinking: /home/aditya/Dexter/install/dexter_remote/share/dexter_remote/environment/path.dsv
-- Symlinking: /home/aditya/Dexter/install/dexter_remote/share/dexter_remote/local_setup.bash
-- Symlinking: /home/aditya/Dexter/install/dexter_remote/share/dexter_remote/local_setup.sh
-- Symlinking: /home/aditya/Dexter/install/dexter_remote/share/dexter_remote/local_setup.zsh
-- Symlinking: /home/aditya/Dexter/install/dexter_remote/share/dexter_remote/local_setup.dsv
-- Symlinking: /home/aditya/Dexter/install/dexter_remote/share/dexter_remote/package.dsv
-- Symlinking: /home/aditya/Dexter/install/dexter_remote/share/ament_index/resource_index/packages/dexter_remote
-- Symlinking: /home/aditya/Dexter/install/dexter_remote/share/ament_index/resource_index/rclcpp_components/dexter_remote
-- Symlinking: /home/aditya/Dexter/install/dexter_remote/share/dexter_remote/cmake/dexter_remoteConfig.cmake
-- Symlinking: /home/aditya/Dexter/install/dexter_remote/share/dexter_remote/cmake/dexter_remoteConfig-version.cmake
-- Symlinking: /home/aditya/Dexter/install/dexter_remote/share/dexter_remote/package.xml
Listing '/home/aditya/Dexter/install/dexter_remote/lib/python3.12/site-packages/dexter_remote'...
Compiling '/home/aditya/Dexter/install/dexter_remote/lib/python3.12/site-packages/dexter_remote/__init__.py'...
Compiling '/home/aditya/Dexter/install/dexter_remote/lib/python3.12/site-packages/dexter_remote/task_server.py'...
Compiling '/home/aditya/Dexter/install/dexter_remote/lib/python3.12/site-packages/dexter_remote/web_interface.py'...
