[0.055s] Invoking command in '/home/aditya/Dexter/build/dexter_remote': AMENT_PREFIX_PATH=/home/aditya/Dexter/install/dexter_moveit:/home/aditya/Dexter/install/dexter_msgs:/home/aditya/Dexter/install/dexter_description:${AMENT_PREFIX_PATH} CMAKE_PREFIX_PATH=/home/aditya/Dexter/install/dexter_moveit:/home/aditya/Dexter/install/dexter_msgs:/home/aditya/Dexter/install/dexter_description:/home/aditya/ros2_ws/install/my_robot_bringup:/home/aditya/ros2_ws/install/my_cpp_pkg:/home/aditya/ros2_ws/install/my_robot_interfaces:/opt/ros/jazzy/opt/gz_sim_vendor:/opt/ros/jazzy/opt/gz_sensors_vendor:/opt/ros/jazzy/opt/gz_physics_vendor:/opt/ros/jazzy/opt/sdformat_vendor:/opt/ros/jazzy/opt/gz_gui_vendor:/opt/ros/jazzy/opt/gz_transport_vendor:/opt/ros/jazzy/opt/gz_rendering_vendor:/opt/ros/jazzy/opt/gz_plugin_vendor:/opt/ros/jazzy/opt/gz_fuel_tools_vendor:/opt/ros/jazzy/opt/gz_msgs_vendor:/opt/ros/jazzy/opt/gz_common_vendor:/opt/ros/jazzy/opt/gz_math_vendor:/opt/ros/jazzy/opt/gz_utils_vendor:/opt/ros/jazzy/opt/gz_tools_vendor:/opt/ros/jazzy/opt/gz_ogre_next_vendor:/opt/ros/jazzy/opt/gz_dartsim_vendor:/opt/ros/jazzy/opt/gz_cmake_vendor:/home/aditya/ros2_ws/install/my_py_pkg:/opt/ros/jazzy DEBUGINFOD_URLS=https://debuginfod.ubuntu.com LD_LIBRARY_PATH=/home/aditya/Dexter/install/dexter_msgs/lib:${LD_LIBRARY_PATH} PYTHONPATH=/home/aditya/Dexter/install/dexter_msgs/lib/python3.12/site-packages:${PYTHONPATH} VIRTUAL_ENV_PROMPT=(venv-ardupilot) /usr/bin/cmake /home/aditya/Dexter/dexter_remote -DAMENT_CMAKE_SYMLINK_INSTALL=1 -DCMAKE_INSTALL_PREFIX=/home/aditya/Dexter/install/dexter_remote
[0.662s] -- The C compiler identification is GNU 13.3.0
[0.662s] -- The CXX compiler identification is GNU 13.3.0
[0.663s] -- Detecting C compiler ABI info
[0.681s] -- Detecting C compiler ABI info - done
[0.714s] -- Check for working C compiler: /usr/bin/cc - skipped
[0.715s] -- Detecting C compile features
[0.716s] -- Detecting C compile features - done
[0.742s] -- Detecting CXX compiler ABI info
[1.034s] -- Detecting CXX compiler ABI info - done
[1.063s] -- Check for working CXX compiler: /usr/bin/c++ - skipped
[1.064s] -- Detecting CXX compile features
[1.065s] -- Detecting CXX compile features - done
[1.078s] -- Found ament_cmake: 2.5.5 (/opt/ros/jazzy/share/ament_cmake/cmake)
[1.530s] -- Found Python3: /home/aditya/venv-ardupilot/bin/python3 (found version "3.12.3") found components: Interpreter 
[1.754s] -- Override CMake install command with custom implementation using symlinks instead of copying resources
[1.942s] -- Found rclcpp: 28.1.16 (/opt/ros/jazzy/share/rclcpp/cmake)
[2.135s] -- Found rosidl_generator_c: 4.6.7 (/opt/ros/jazzy/share/rosidl_generator_c/cmake)
[2.191s] -- Found rosidl_generator_cpp: 4.6.7 (/opt/ros/jazzy/share/rosidl_generator_cpp/cmake)
[2.252s] -- Using all available rosidl_typesupport_c: rosidl_typesupport_fastrtps_c;rosidl_typesupport_introspection_c
[2.326s] -- Using all available rosidl_typesupport_cpp: rosidl_typesupport_fastrtps_cpp;rosidl_typesupport_introspection_cpp
[2.606s] -- Found rmw_implementation_cmake: 7.3.3 (/opt/ros/jazzy/share/rmw_implementation_cmake/cmake)
[2.618s] -- Found rmw_fastrtps_cpp: 8.4.3 (/opt/ros/jazzy/share/rmw_fastrtps_cpp/cmake)
[2.892s] -- Found OpenSSL: /usr/lib/x86_64-linux-gnu/libcrypto.so (found version "3.0.13")  
[2.958s] -- Found FastRTPS: /opt/ros/jazzy/include (Required is at least version "2.13") 
[3.036s] -- Using RMW implementation 'rmw_fastrtps_cpp' as default
[3.297s] -- Found rclcpp_action: 28.1.16 (/opt/ros/jazzy/share/rclcpp_action/cmake)
[3.472s] -- Found rclcpp_components: 28.1.16 (/opt/ros/jazzy/share/rclcpp_components/cmake)
[3.606s] -- Found dexter_msgs: 0.0.0 (/home/aditya/Dexter/install/dexter_msgs/share/dexter_msgs/cmake)
[3.680s] -- Found moveit_ros_planning_interface: 2.12.4 (/opt/ros/jazzy/share/moveit_ros_planning_interface/cmake)
[4.043s] -- Found Boost: /usr/lib/x86_64-linux-gnu/cmake/Boost-1.83.0/BoostConfig.cmake (found version "1.83.0") found components: date_time filesystem program_options system thread 
[4.927s] -- Found Boost: /usr/lib/x86_64-linux-gnu/cmake/Boost-1.83.0/BoostConfig.cmake (found version "1.83.0") found components: chrono date_time filesystem iostreams program_options regex serialization system thread 
[5.177s] -- Found parameter_traits: 0.6.0 (/opt/ros/jazzy/share/parameter_traits/cmake)
[5.239s] -- Found rclcpp_lifecycle: 28.1.16 (/opt/ros/jazzy/share/rclcpp_lifecycle/cmake)
[5.379s] -- Found Boost: /usr/lib/x86_64-linux-gnu/cmake/Boost-1.83.0/BoostConfig.cmake (found version "1.83.0") found components: filesystem 
[5.593s] -- Found Eigen3: TRUE (found version "3.4.0") 
[5.593s] -- Ensuring Eigen3 include directory is part of orocos-kdl CMake target
[6.042s] -- Found Boost: /usr/lib/x86_64-linux-gnu/cmake/Boost-1.83.0/BoostConfig.cmake (found version "1.83.0") found components: system filesystem date_time program_options thread chrono 
[6.230s] -- Found Boost: /usr/lib/x86_64-linux-gnu/cmake/Boost-1.83.0/BoostConfig.cmake (found version "1.83.0") found components: thread system filesystem regex date_time program_options 
[6.330s] -- Found Boost: /usr/lib/x86_64-linux-gnu/cmake/Boost-1.83.0/BoostConfig.cmake (found version "1.83.0") found components: system filesystem date_time program_options thread 
[6.469s] -- Found rclpy: 7.1.9 (/opt/ros/jazzy/share/rclpy/cmake)
[7.105s] -- Configuring done (7.0s)
[7.197s] -- Generating done (0.1s)
[7.228s] -- Build files have been written to: /home/aditya/Dexter/build/dexter_remote
[7.272s] Invoked command in '/home/aditya/Dexter/build/dexter_remote' returned '0': AMENT_PREFIX_PATH=/home/aditya/Dexter/install/dexter_moveit:/home/aditya/Dexter/install/dexter_msgs:/home/aditya/Dexter/install/dexter_description:${AMENT_PREFIX_PATH} CMAKE_PREFIX_PATH=/home/aditya/Dexter/install/dexter_moveit:/home/aditya/Dexter/install/dexter_msgs:/home/aditya/Dexter/install/dexter_description:/home/aditya/ros2_ws/install/my_robot_bringup:/home/aditya/ros2_ws/install/my_cpp_pkg:/home/aditya/ros2_ws/install/my_robot_interfaces:/opt/ros/jazzy/opt/gz_sim_vendor:/opt/ros/jazzy/opt/gz_sensors_vendor:/opt/ros/jazzy/opt/gz_physics_vendor:/opt/ros/jazzy/opt/sdformat_vendor:/opt/ros/jazzy/opt/gz_gui_vendor:/opt/ros/jazzy/opt/gz_transport_vendor:/opt/ros/jazzy/opt/gz_rendering_vendor:/opt/ros/jazzy/opt/gz_plugin_vendor:/opt/ros/jazzy/opt/gz_fuel_tools_vendor:/opt/ros/jazzy/opt/gz_msgs_vendor:/opt/ros/jazzy/opt/gz_common_vendor:/opt/ros/jazzy/opt/gz_math_vendor:/opt/ros/jazzy/opt/gz_utils_vendor:/opt/ros/jazzy/opt/gz_tools_vendor:/opt/ros/jazzy/opt/gz_ogre_next_vendor:/opt/ros/jazzy/opt/gz_dartsim_vendor:/opt/ros/jazzy/opt/gz_cmake_vendor:/home/aditya/ros2_ws/install/my_py_pkg:/opt/ros/jazzy DEBUGINFOD_URLS=https://debuginfod.ubuntu.com LD_LIBRARY_PATH=/home/aditya/Dexter/install/dexter_msgs/lib:${LD_LIBRARY_PATH} PYTHONPATH=/home/aditya/Dexter/install/dexter_msgs/lib/python3.12/site-packages:${PYTHONPATH} VIRTUAL_ENV_PROMPT=(venv-ardupilot) /usr/bin/cmake /home/aditya/Dexter/dexter_remote -DAMENT_CMAKE_SYMLINK_INSTALL=1 -DCMAKE_INSTALL_PREFIX=/home/aditya/Dexter/install/dexter_remote
[7.275s] Invoking command in '/home/aditya/Dexter/build/dexter_remote': AMENT_PREFIX_PATH=/home/aditya/Dexter/install/dexter_moveit:/home/aditya/Dexter/install/dexter_msgs:/home/aditya/Dexter/install/dexter_description:${AMENT_PREFIX_PATH} CMAKE_PREFIX_PATH=/home/aditya/Dexter/install/dexter_moveit:/home/aditya/Dexter/install/dexter_msgs:/home/aditya/Dexter/install/dexter_description:/home/aditya/ros2_ws/install/my_robot_bringup:/home/aditya/ros2_ws/install/my_cpp_pkg:/home/aditya/ros2_ws/install/my_robot_interfaces:/opt/ros/jazzy/opt/gz_sim_vendor:/opt/ros/jazzy/opt/gz_sensors_vendor:/opt/ros/jazzy/opt/gz_physics_vendor:/opt/ros/jazzy/opt/sdformat_vendor:/opt/ros/jazzy/opt/gz_gui_vendor:/opt/ros/jazzy/opt/gz_transport_vendor:/opt/ros/jazzy/opt/gz_rendering_vendor:/opt/ros/jazzy/opt/gz_plugin_vendor:/opt/ros/jazzy/opt/gz_fuel_tools_vendor:/opt/ros/jazzy/opt/gz_msgs_vendor:/opt/ros/jazzy/opt/gz_common_vendor:/opt/ros/jazzy/opt/gz_math_vendor:/opt/ros/jazzy/opt/gz_utils_vendor:/opt/ros/jazzy/opt/gz_tools_vendor:/opt/ros/jazzy/opt/gz_ogre_next_vendor:/opt/ros/jazzy/opt/gz_dartsim_vendor:/opt/ros/jazzy/opt/gz_cmake_vendor:/home/aditya/ros2_ws/install/my_py_pkg:/opt/ros/jazzy DEBUGINFOD_URLS=https://debuginfod.ubuntu.com LD_LIBRARY_PATH=/home/aditya/Dexter/install/dexter_msgs/lib:${LD_LIBRARY_PATH} PYTHONPATH=/home/aditya/Dexter/install/dexter_msgs/lib/python3.12/site-packages:${PYTHONPATH} VIRTUAL_ENV_PROMPT=(venv-ardupilot) /usr/bin/cmake --build /home/aditya/Dexter/build/dexter_remote -- -j28 -l28
[7.465s] [ 50%] Building CXX object CMakeFiles/task_server.dir/src/task_server.cpp.o
[7.465s] [ 50%] Building CXX object CMakeFiles/task_server_node.dir/rclcpp_components/node_main_task_server_node.cpp.o
[7.495s] [ 50%] Built target ament_cmake_python_symlink_dexter_remote
[8.146s] running egg_info
[8.195s] creating dexter_remote.egg-info
[8.195s] writing dexter_remote.egg-info/PKG-INFO
[8.196s] writing dependency_links to dexter_remote.egg-info/dependency_links.txt
[8.197s] writing top-level names to dexter_remote.egg-info/top_level.txt
[8.197s] writing manifest file 'dexter_remote.egg-info/SOURCES.txt'
[8.380s] reading manifest file 'dexter_remote.egg-info/SOURCES.txt'
[8.382s] writing manifest file 'dexter_remote.egg-info/SOURCES.txt'
[8.469s] [ 50%] Built target ament_cmake_python_build_dexter_remote_egg
[16.727s] In file included from /home/aditya/Dexter/dexter_remote/src/task_server.cpp:5:
[16.728s] /opt/ros/jazzy/include/moveit_ros_planning_interface/moveit/move_group_interface/move_group_interface.h:51:77: note: ‘#pragma message: .h header is obsolete. Please use the .hpp header instead.’
[16.728s]    51 | #pragma message(".h header is obsolete. Please use the .hpp header instead.")
[16.729s]       |                                                                             ^
[19.175s] [ 75%] Linking CXX executable task_server_node
[19.602s] [ 75%] Built target task_server_node
[30.198s] [100%] Linking CXX shared library libtask_server.so
[30.925s] [100%] Built target task_server
[30.956s] Invoked command in '/home/aditya/Dexter/build/dexter_remote' returned '0': AMENT_PREFIX_PATH=/home/aditya/Dexter/install/dexter_moveit:/home/aditya/Dexter/install/dexter_msgs:/home/aditya/Dexter/install/dexter_description:${AMENT_PREFIX_PATH} CMAKE_PREFIX_PATH=/home/aditya/Dexter/install/dexter_moveit:/home/aditya/Dexter/install/dexter_msgs:/home/aditya/Dexter/install/dexter_description:/home/aditya/ros2_ws/install/my_robot_bringup:/home/aditya/ros2_ws/install/my_cpp_pkg:/home/aditya/ros2_ws/install/my_robot_interfaces:/opt/ros/jazzy/opt/gz_sim_vendor:/opt/ros/jazzy/opt/gz_sensors_vendor:/opt/ros/jazzy/opt/gz_physics_vendor:/opt/ros/jazzy/opt/sdformat_vendor:/opt/ros/jazzy/opt/gz_gui_vendor:/opt/ros/jazzy/opt/gz_transport_vendor:/opt/ros/jazzy/opt/gz_rendering_vendor:/opt/ros/jazzy/opt/gz_plugin_vendor:/opt/ros/jazzy/opt/gz_fuel_tools_vendor:/opt/ros/jazzy/opt/gz_msgs_vendor:/opt/ros/jazzy/opt/gz_common_vendor:/opt/ros/jazzy/opt/gz_math_vendor:/opt/ros/jazzy/opt/gz_utils_vendor:/opt/ros/jazzy/opt/gz_tools_vendor:/opt/ros/jazzy/opt/gz_ogre_next_vendor:/opt/ros/jazzy/opt/gz_dartsim_vendor:/opt/ros/jazzy/opt/gz_cmake_vendor:/home/aditya/ros2_ws/install/my_py_pkg:/opt/ros/jazzy DEBUGINFOD_URLS=https://debuginfod.ubuntu.com LD_LIBRARY_PATH=/home/aditya/Dexter/install/dexter_msgs/lib:${LD_LIBRARY_PATH} PYTHONPATH=/home/aditya/Dexter/install/dexter_msgs/lib/python3.12/site-packages:${PYTHONPATH} VIRTUAL_ENV_PROMPT=(venv-ardupilot) /usr/bin/cmake --build /home/aditya/Dexter/build/dexter_remote -- -j28 -l28
[30.961s] Invoking command in '/home/aditya/Dexter/build/dexter_remote': AMENT_PREFIX_PATH=/home/aditya/Dexter/install/dexter_moveit:/home/aditya/Dexter/install/dexter_msgs:/home/aditya/Dexter/install/dexter_description:${AMENT_PREFIX_PATH} CMAKE_PREFIX_PATH=/home/aditya/Dexter/install/dexter_moveit:/home/aditya/Dexter/install/dexter_msgs:/home/aditya/Dexter/install/dexter_description:/home/aditya/ros2_ws/install/my_robot_bringup:/home/aditya/ros2_ws/install/my_cpp_pkg:/home/aditya/ros2_ws/install/my_robot_interfaces:/opt/ros/jazzy/opt/gz_sim_vendor:/opt/ros/jazzy/opt/gz_sensors_vendor:/opt/ros/jazzy/opt/gz_physics_vendor:/opt/ros/jazzy/opt/sdformat_vendor:/opt/ros/jazzy/opt/gz_gui_vendor:/opt/ros/jazzy/opt/gz_transport_vendor:/opt/ros/jazzy/opt/gz_rendering_vendor:/opt/ros/jazzy/opt/gz_plugin_vendor:/opt/ros/jazzy/opt/gz_fuel_tools_vendor:/opt/ros/jazzy/opt/gz_msgs_vendor:/opt/ros/jazzy/opt/gz_common_vendor:/opt/ros/jazzy/opt/gz_math_vendor:/opt/ros/jazzy/opt/gz_utils_vendor:/opt/ros/jazzy/opt/gz_tools_vendor:/opt/ros/jazzy/opt/gz_ogre_next_vendor:/opt/ros/jazzy/opt/gz_dartsim_vendor:/opt/ros/jazzy/opt/gz_cmake_vendor:/home/aditya/ros2_ws/install/my_py_pkg:/opt/ros/jazzy DEBUGINFOD_URLS=https://debuginfod.ubuntu.com LD_LIBRARY_PATH=/home/aditya/Dexter/install/dexter_msgs/lib:${LD_LIBRARY_PATH} PYTHONPATH=/home/aditya/Dexter/install/dexter_msgs/lib/python3.12/site-packages:${PYTHONPATH} VIRTUAL_ENV_PROMPT=(venv-ardupilot) /usr/bin/cmake --install /home/aditya/Dexter/build/dexter_remote
[30.982s] -- Install configuration: ""
[30.984s] -- Execute custom install script
[30.985s] -- Symlinking: /home/aditya/Dexter/install/dexter_remote/lib/dexter_remote/task_server_node
[31.010s] -- Symlinking: /home/aditya/Dexter/install/dexter_remote/share/dexter_remote/environment/pythonpath.sh
[31.036s] -- Symlinking: /home/aditya/Dexter/install/dexter_remote/share/dexter_remote/environment/pythonpath.dsv
[31.063s] -- Symlinking: /home/aditya/Dexter/install/dexter_remote/lib/python3.12/site-packages/dexter_remote-0.0.0-py3.12.egg-info/PKG-INFO
[31.092s] -- Symlinking: /home/aditya/Dexter/install/dexter_remote/lib/python3.12/site-packages/dexter_remote-0.0.0-py3.12.egg-info/SOURCES.txt
[31.116s] -- Symlinking: /home/aditya/Dexter/install/dexter_remote/lib/python3.12/site-packages/dexter_remote-0.0.0-py3.12.egg-info/dependency_links.txt
[31.142s] -- Symlinking: /home/aditya/Dexter/install/dexter_remote/lib/python3.12/site-packages/dexter_remote-0.0.0-py3.12.egg-info/top_level.txt
[31.167s] -- Symlinking: /home/aditya/Dexter/install/dexter_remote/lib/python3.12/site-packages/dexter_remote/__init__.py
[31.193s] -- Symlinking: /home/aditya/Dexter/install/dexter_remote/lib/python3.12/site-packages/dexter_remote/task_server.py
[31.220s] -- Symlinking: /home/aditya/Dexter/install/dexter_remote/lib/python3.12/site-packages/dexter_remote/web_interface.py
[31.247s] -- Symlinking: /home/aditya/Dexter/install/dexter_remote/share/dexter_remote/launch/remote_interface.launch.py
[31.272s] -- Symlinking: /home/aditya/Dexter/install/dexter_remote/share/dexter_remote/templates/index.html
[31.294s] -- Symlinking: /home/aditya/Dexter/install/dexter_remote/lib/libtask_server.so
[31.319s] -- Symlinking: /home/aditya/Dexter/install/dexter_remote/lib/dexter_remote/task_server.py
[31.344s] -- Symlinking: /home/aditya/Dexter/install/dexter_remote/lib/dexter_remote/web_interface.py
[31.368s] -- Symlinking: /home/aditya/Dexter/install/dexter_remote/share/ament_index/resource_index/package_run_dependencies/dexter_remote
[31.395s] -- Symlinking: /home/aditya/Dexter/install/dexter_remote/share/ament_index/resource_index/parent_prefix_path/dexter_remote
[31.418s] -- Symlinking: /home/aditya/Dexter/install/dexter_remote/share/dexter_remote/environment/ament_prefix_path.sh
[31.441s] -- Symlinking: /home/aditya/Dexter/install/dexter_remote/share/dexter_remote/environment/ament_prefix_path.dsv
[31.468s] -- Symlinking: /home/aditya/Dexter/install/dexter_remote/share/dexter_remote/environment/path.sh
[31.512s] -- Symlinking: /home/aditya/Dexter/install/dexter_remote/share/dexter_remote/environment/path.dsv
[31.523s] -- Symlinking: /home/aditya/Dexter/install/dexter_remote/share/dexter_remote/local_setup.bash
[31.551s] -- Symlinking: /home/aditya/Dexter/install/dexter_remote/share/dexter_remote/local_setup.sh
[31.577s] -- Symlinking: /home/aditya/Dexter/install/dexter_remote/share/dexter_remote/local_setup.zsh
[31.604s] -- Symlinking: /home/aditya/Dexter/install/dexter_remote/share/dexter_remote/local_setup.dsv
[31.632s] -- Symlinking: /home/aditya/Dexter/install/dexter_remote/share/dexter_remote/package.dsv
[31.659s] -- Symlinking: /home/aditya/Dexter/install/dexter_remote/share/ament_index/resource_index/packages/dexter_remote
[31.688s] -- Symlinking: /home/aditya/Dexter/install/dexter_remote/share/ament_index/resource_index/rclcpp_components/dexter_remote
[31.713s] -- Symlinking: /home/aditya/Dexter/install/dexter_remote/share/dexter_remote/cmake/dexter_remoteConfig.cmake
[31.738s] -- Symlinking: /home/aditya/Dexter/install/dexter_remote/share/dexter_remote/cmake/dexter_remoteConfig-version.cmake
[31.766s] -- Symlinking: /home/aditya/Dexter/install/dexter_remote/share/dexter_remote/package.xml
[31.912s] Listing '/home/aditya/Dexter/install/dexter_remote/lib/python3.12/site-packages/dexter_remote'...
[31.913s] Compiling '/home/aditya/Dexter/install/dexter_remote/lib/python3.12/site-packages/dexter_remote/__init__.py'...
[31.913s] Compiling '/home/aditya/Dexter/install/dexter_remote/lib/python3.12/site-packages/dexter_remote/task_server.py'...
[31.913s] Compiling '/home/aditya/Dexter/install/dexter_remote/lib/python3.12/site-packages/dexter_remote/web_interface.py'...
[31.933s] Invoked command in '/home/aditya/Dexter/build/dexter_remote' returned '0': AMENT_PREFIX_PATH=/home/aditya/Dexter/install/dexter_moveit:/home/aditya/Dexter/install/dexter_msgs:/home/aditya/Dexter/install/dexter_description:${AMENT_PREFIX_PATH} CMAKE_PREFIX_PATH=/home/aditya/Dexter/install/dexter_moveit:/home/aditya/Dexter/install/dexter_msgs:/home/aditya/Dexter/install/dexter_description:/home/aditya/ros2_ws/install/my_robot_bringup:/home/aditya/ros2_ws/install/my_cpp_pkg:/home/aditya/ros2_ws/install/my_robot_interfaces:/opt/ros/jazzy/opt/gz_sim_vendor:/opt/ros/jazzy/opt/gz_sensors_vendor:/opt/ros/jazzy/opt/gz_physics_vendor:/opt/ros/jazzy/opt/sdformat_vendor:/opt/ros/jazzy/opt/gz_gui_vendor:/opt/ros/jazzy/opt/gz_transport_vendor:/opt/ros/jazzy/opt/gz_rendering_vendor:/opt/ros/jazzy/opt/gz_plugin_vendor:/opt/ros/jazzy/opt/gz_fuel_tools_vendor:/opt/ros/jazzy/opt/gz_msgs_vendor:/opt/ros/jazzy/opt/gz_common_vendor:/opt/ros/jazzy/opt/gz_math_vendor:/opt/ros/jazzy/opt/gz_utils_vendor:/opt/ros/jazzy/opt/gz_tools_vendor:/opt/ros/jazzy/opt/gz_ogre_next_vendor:/opt/ros/jazzy/opt/gz_dartsim_vendor:/opt/ros/jazzy/opt/gz_cmake_vendor:/home/aditya/ros2_ws/install/my_py_pkg:/opt/ros/jazzy DEBUGINFOD_URLS=https://debuginfod.ubuntu.com LD_LIBRARY_PATH=/home/aditya/Dexter/install/dexter_msgs/lib:${LD_LIBRARY_PATH} PYTHONPATH=/home/aditya/Dexter/install/dexter_msgs/lib/python3.12/site-packages:${PYTHONPATH} VIRTUAL_ENV_PROMPT=(venv-ardupilot) /usr/bin/cmake --install /home/aditya/Dexter/build/dexter_remote
