-- Found ament_cmake: 2.5.5 (/opt/ros/jazzy/share/ament_cmake/cmake)
-- Override CMake install command with custom implementation using symlinks instead of copying resources
-- Found rclcpp: 28.1.16 (/opt/ros/jazzy/share/rclcpp/cmake)
-- Found rosidl_generator_c: 4.6.7 (/opt/ros/jazzy/share/rosidl_generator_c/cmake)
-- Found rosidl_generator_cpp: 4.6.7 (/opt/ros/jazzy/share/rosidl_generator_cpp/cmake)
-- Using all available rosidl_typesupport_c: rosidl_typesupport_fastrtps_c;rosidl_typesupport_introspection_c
-- Using all available rosidl_typesupport_cpp: rosidl_typesupport_fastrtps_cpp;rosidl_typesupport_introspection_cpp
-- Found rmw_implementation_cmake: 7.3.3 (/opt/ros/jazzy/share/rmw_implementation_cmake/cmake)
-- Found rmw_fastrtps_cpp: 8.4.3 (/opt/ros/jazzy/share/rmw_fastrtps_cpp/cmake)
-- Using RMW implementation 'rmw_fastrtps_cpp' as default
-- Found rclcpp_action: 28.1.16 (/opt/ros/jazzy/share/rclcpp_action/cmake)
-- Found rclcpp_components: 28.1.16 (/opt/ros/jazzy/share/rclcpp_components/cmake)
-- Found dexter_msgs: 0.0.0 (/home/aditya/Dexter/install/dexter_msgs/share/dexter_msgs/cmake)
-- Found moveit_ros_planning_interface: 2.12.4 (/opt/ros/jazzy/share/moveit_ros_planning_interface/cmake)
-- Found Boost: /usr/lib/x86_64-linux-gnu/cmake/Boost-1.83.0/BoostConfig.cmake (found version "1.83.0") found components: date_time filesystem program_options system thread 
-- Found Boost: /usr/lib/x86_64-linux-gnu/cmake/Boost-1.83.0/BoostConfig.cmake (found version "1.83.0") found components: chrono date_time filesystem iostreams program_options regex serialization system thread 
-- Found parameter_traits: 0.6.0 (/opt/ros/jazzy/share/parameter_traits/cmake)
-- Found rclcpp_lifecycle: 28.1.16 (/opt/ros/jazzy/share/rclcpp_lifecycle/cmake)
-- Found Boost: /usr/lib/x86_64-linux-gnu/cmake/Boost-1.83.0/BoostConfig.cmake (found version "1.83.0") found components: filesystem 
-- Ensuring Eigen3 include directory is part of orocos-kdl CMake target
-- Found Boost: /usr/lib/x86_64-linux-gnu/cmake/Boost-1.83.0/BoostConfig.cmake (found version "1.83.0") found components: system filesystem date_time program_options thread chrono 
-- Found Boost: /usr/lib/x86_64-linux-gnu/cmake/Boost-1.83.0/BoostConfig.cmake (found version "1.83.0") found components: thread system filesystem regex date_time program_options 
-- Found Boost: /usr/lib/x86_64-linux-gnu/cmake/Boost-1.83.0/BoostConfig.cmake (found version "1.83.0") found components: system filesystem date_time program_options thread 
-- Found rclpy: 7.1.9 (/opt/ros/jazzy/share/rclpy/cmake)
-- Configuring done (4.0s)
-- Generating done (0.0s)
-- Build files have been written to: /home/aditya/Dexter/build/dexter_remote
[ 50%] Built target task_server_node
[ 50%] Built target ament_cmake_python_symlink_dexter_remote
[100%] Built target task_server
running egg_info
writing dexter_remote.egg-info/PKG-INFO
writing dependency_links to dexter_remote.egg-info/dependency_links.txt
writing top-level names to dexter_remote.egg-info/top_level.txt
reading manifest file 'dexter_remote.egg-info/SOURCES.txt'
writing manifest file 'dexter_remote.egg-info/SOURCES.txt'
[100%] Built target ament_cmake_python_build_dexter_remote_egg
-- Install configuration: ""
-- Execute custom install script
-- Up-to-date symlink: /home/aditya/Dexter/install/dexter_remote/lib/dexter_remote/task_server_node
-- Up-to-date symlink: /home/aditya/Dexter/install/dexter_remote/share/dexter_remote/environment/pythonpath.sh
-- Up-to-date symlink: /home/aditya/Dexter/install/dexter_remote/share/dexter_remote/environment/pythonpath.dsv
-- Up-to-date symlink: /home/aditya/Dexter/install/dexter_remote/lib/python3.12/site-packages/dexter_remote-0.0.0-py3.12.egg-info/PKG-INFO
-- Up-to-date symlink: /home/aditya/Dexter/install/dexter_remote/lib/python3.12/site-packages/dexter_remote-0.0.0-py3.12.egg-info/SOURCES.txt
-- Up-to-date symlink: /home/aditya/Dexter/install/dexter_remote/lib/python3.12/site-packages/dexter_remote-0.0.0-py3.12.egg-info/dependency_links.txt
-- Up-to-date symlink: /home/aditya/Dexter/install/dexter_remote/lib/python3.12/site-packages/dexter_remote-0.0.0-py3.12.egg-info/top_level.txt
-- Up-to-date symlink: /home/aditya/Dexter/install/dexter_remote/lib/python3.12/site-packages/dexter_remote/__init__.py
-- Up-to-date symlink: /home/aditya/Dexter/install/dexter_remote/lib/python3.12/site-packages/dexter_remote/task_server.py
-- Up-to-date symlink: /home/aditya/Dexter/install/dexter_remote/lib/python3.12/site-packages/dexter_remote/web_interface.py
-- Up-to-date symlink: /home/aditya/Dexter/install/dexter_remote/share/dexter_remote/launch/remote_interface.launch.py
-- Up-to-date symlink: /home/aditya/Dexter/install/dexter_remote/share/dexter_remote/templates/index.html
-- Up-to-date symlink: /home/aditya/Dexter/install/dexter_remote/lib/libtask_server.so
-- Up-to-date symlink: /home/aditya/Dexter/install/dexter_remote/lib/dexter_remote/task_server.py
-- Up-to-date symlink: /home/aditya/Dexter/install/dexter_remote/lib/dexter_remote/web_interface.py
-- Up-to-date symlink: /home/aditya/Dexter/install/dexter_remote/share/ament_index/resource_index/package_run_dependencies/dexter_remote
-- Up-to-date symlink: /home/aditya/Dexter/install/dexter_remote/share/ament_index/resource_index/parent_prefix_path/dexter_remote
-- Up-to-date symlink: /home/aditya/Dexter/install/dexter_remote/share/dexter_remote/environment/ament_prefix_path.sh
-- Up-to-date symlink: /home/aditya/Dexter/install/dexter_remote/share/dexter_remote/environment/ament_prefix_path.dsv
-- Up-to-date symlink: /home/aditya/Dexter/install/dexter_remote/share/dexter_remote/environment/path.sh
-- Up-to-date symlink: /home/aditya/Dexter/install/dexter_remote/share/dexter_remote/environment/path.dsv
-- Up-to-date symlink: /home/aditya/Dexter/install/dexter_remote/share/dexter_remote/local_setup.bash
-- Up-to-date symlink: /home/aditya/Dexter/install/dexter_remote/share/dexter_remote/local_setup.sh
-- Up-to-date symlink: /home/aditya/Dexter/install/dexter_remote/share/dexter_remote/local_setup.zsh
-- Up-to-date symlink: /home/aditya/Dexter/install/dexter_remote/share/dexter_remote/local_setup.dsv
-- Symlinking: /home/aditya/Dexter/install/dexter_remote/share/dexter_remote/package.dsv
-- Up-to-date symlink: /home/aditya/Dexter/install/dexter_remote/share/ament_index/resource_index/packages/dexter_remote
-- Up-to-date symlink: /home/aditya/Dexter/install/dexter_remote/share/ament_index/resource_index/rclcpp_components/dexter_remote
-- Up-to-date symlink: /home/aditya/Dexter/install/dexter_remote/share/dexter_remote/cmake/dexter_remoteConfig.cmake
-- Up-to-date symlink: /home/aditya/Dexter/install/dexter_remote/share/dexter_remote/cmake/dexter_remoteConfig-version.cmake
-- Up-to-date symlink: /home/aditya/Dexter/install/dexter_remote/share/dexter_remote/package.xml
Listing '/home/aditya/Dexter/install/dexter_remote/lib/python3.12/site-packages/dexter_remote'...
