[0.632s] Invoking command in '/home/aditya/Dexter/build/dexter_utils': AMENT_PREFIX_PATH=/home/aditya/Dexter/install/dexter_msgs:${AMENT_PREFIX_PATH} CMAKE_PREFIX_PATH=/home/aditya/Dexter/install/dexter_msgs:/home/aditya/ros2_ws/install/my_robot_bringup:/home/aditya/ros2_ws/install/my_cpp_pkg:/home/aditya/ros2_ws/install/my_robot_interfaces:/opt/ros/jazzy/opt/gz_sim_vendor:/opt/ros/jazzy/opt/gz_sensors_vendor:/opt/ros/jazzy/opt/gz_physics_vendor:/opt/ros/jazzy/opt/sdformat_vendor:/opt/ros/jazzy/opt/gz_gui_vendor:/opt/ros/jazzy/opt/gz_transport_vendor:/opt/ros/jazzy/opt/gz_rendering_vendor:/opt/ros/jazzy/opt/gz_plugin_vendor:/opt/ros/jazzy/opt/gz_fuel_tools_vendor:/opt/ros/jazzy/opt/gz_msgs_vendor:/opt/ros/jazzy/opt/gz_common_vendor:/opt/ros/jazzy/opt/gz_math_vendor:/opt/ros/jazzy/opt/gz_utils_vendor:/opt/ros/jazzy/opt/gz_tools_vendor:/opt/ros/jazzy/opt/gz_ogre_next_vendor:/opt/ros/jazzy/opt/gz_dartsim_vendor:/opt/ros/jazzy/opt/gz_cmake_vendor:/home/aditya/ros2_ws/install/my_py_pkg:/opt/ros/jazzy DEBUGINFOD_URLS=https://debuginfod.ubuntu.com LD_LIBRARY_PATH=/home/aditya/Dexter/install/dexter_msgs/lib:${LD_LIBRARY_PATH} PYTHONPATH=/home/aditya/Dexter/install/dexter_msgs/lib/python3.12/site-packages:${PYTHONPATH} VIRTUAL_ENV_PROMPT=(venv-ardupilot) /usr/bin/cmake /home/aditya/Dexter/dexter_utils -DAMENT_CMAKE_SYMLINK_INSTALL=1 -DCMAKE_INSTALL_PREFIX=/home/aditya/Dexter/install/dexter_utils
[0.782s] -- The C compiler identification is GNU 13.3.0
[0.954s] -- The CXX compiler identification is GNU 13.3.0
[1.001s] -- Detecting C compiler ABI info
[1.261s] -- Detecting C compiler ABI info - done
[1.288s] -- Check for working C compiler: /usr/bin/cc - skipped
[1.289s] -- Detecting C compile features
[1.290s] -- Detecting C compile features - done
[1.317s] -- Detecting CXX compiler ABI info
[1.589s] -- Detecting CXX compiler ABI info - done
[1.618s] -- Check for working CXX compiler: /usr/bin/c++ - skipped
[1.619s] -- Detecting CXX compile features
[1.620s] -- Detecting CXX compile features - done
[1.632s] -- Found ament_cmake: 2.5.5 (/opt/ros/jazzy/share/ament_cmake/cmake)
[2.090s] -- Found Python3: /home/aditya/venv-ardupilot/bin/python3 (found version "3.12.3") found components: Interpreter 
[2.316s] -- Override CMake install command with custom implementation using symlinks instead of copying resources
[2.466s] -- Found rclcpp: 28.1.16 (/opt/ros/jazzy/share/rclcpp/cmake)
[2.633s] -- Found rosidl_generator_c: 4.6.7 (/opt/ros/jazzy/share/rosidl_generator_c/cmake)
[2.687s] -- Found rosidl_generator_cpp: 4.6.7 (/opt/ros/jazzy/share/rosidl_generator_cpp/cmake)
[2.755s] -- Using all available rosidl_typesupport_c: rosidl_typesupport_fastrtps_c;rosidl_typesupport_introspection_c
[2.821s] -- Using all available rosidl_typesupport_cpp: rosidl_typesupport_fastrtps_cpp;rosidl_typesupport_introspection_cpp
[3.095s] -- Found rmw_implementation_cmake: 7.3.3 (/opt/ros/jazzy/share/rmw_implementation_cmake/cmake)
[3.109s] -- Found rmw_fastrtps_cpp: 8.4.3 (/opt/ros/jazzy/share/rmw_fastrtps_cpp/cmake)
[3.375s] -- Found OpenSSL: /usr/lib/x86_64-linux-gnu/libcrypto.so (found version "3.0.13")  
[3.444s] -- Found FastRTPS: /opt/ros/jazzy/include (Required is at least version "2.13") 
[3.516s] -- Using RMW implementation 'rmw_fastrtps_cpp' as default
[3.765s] -- Found rclpy: 7.1.9 (/opt/ros/jazzy/share/rclpy/cmake)
[3.766s] -- Found dexter_msgs: 0.0.0 (/home/aditya/Dexter/install/dexter_msgs/share/dexter_msgs/cmake)
[3.967s] -- Found tf2: 0.36.19 (/opt/ros/jazzy/share/tf2/cmake)
[4.702s] -- Configuring done (4.0s)
[4.734s] -- Generating done (0.0s)
[4.745s] -- Build files have been written to: /home/aditya/Dexter/build/dexter_utils
[4.768s] Invoked command in '/home/aditya/Dexter/build/dexter_utils' returned '0': AMENT_PREFIX_PATH=/home/aditya/Dexter/install/dexter_msgs:${AMENT_PREFIX_PATH} CMAKE_PREFIX_PATH=/home/aditya/Dexter/install/dexter_msgs:/home/aditya/ros2_ws/install/my_robot_bringup:/home/aditya/ros2_ws/install/my_cpp_pkg:/home/aditya/ros2_ws/install/my_robot_interfaces:/opt/ros/jazzy/opt/gz_sim_vendor:/opt/ros/jazzy/opt/gz_sensors_vendor:/opt/ros/jazzy/opt/gz_physics_vendor:/opt/ros/jazzy/opt/sdformat_vendor:/opt/ros/jazzy/opt/gz_gui_vendor:/opt/ros/jazzy/opt/gz_transport_vendor:/opt/ros/jazzy/opt/gz_rendering_vendor:/opt/ros/jazzy/opt/gz_plugin_vendor:/opt/ros/jazzy/opt/gz_fuel_tools_vendor:/opt/ros/jazzy/opt/gz_msgs_vendor:/opt/ros/jazzy/opt/gz_common_vendor:/opt/ros/jazzy/opt/gz_math_vendor:/opt/ros/jazzy/opt/gz_utils_vendor:/opt/ros/jazzy/opt/gz_tools_vendor:/opt/ros/jazzy/opt/gz_ogre_next_vendor:/opt/ros/jazzy/opt/gz_dartsim_vendor:/opt/ros/jazzy/opt/gz_cmake_vendor:/home/aditya/ros2_ws/install/my_py_pkg:/opt/ros/jazzy DEBUGINFOD_URLS=https://debuginfod.ubuntu.com LD_LIBRARY_PATH=/home/aditya/Dexter/install/dexter_msgs/lib:${LD_LIBRARY_PATH} PYTHONPATH=/home/aditya/Dexter/install/dexter_msgs/lib/python3.12/site-packages:${PYTHONPATH} VIRTUAL_ENV_PROMPT=(venv-ardupilot) /usr/bin/cmake /home/aditya/Dexter/dexter_utils -DAMENT_CMAKE_SYMLINK_INSTALL=1 -DCMAKE_INSTALL_PREFIX=/home/aditya/Dexter/install/dexter_utils
[4.771s] Invoking command in '/home/aditya/Dexter/build/dexter_utils': AMENT_PREFIX_PATH=/home/aditya/Dexter/install/dexter_msgs:${AMENT_PREFIX_PATH} CMAKE_PREFIX_PATH=/home/aditya/Dexter/install/dexter_msgs:/home/aditya/ros2_ws/install/my_robot_bringup:/home/aditya/ros2_ws/install/my_cpp_pkg:/home/aditya/ros2_ws/install/my_robot_interfaces:/opt/ros/jazzy/opt/gz_sim_vendor:/opt/ros/jazzy/opt/gz_sensors_vendor:/opt/ros/jazzy/opt/gz_physics_vendor:/opt/ros/jazzy/opt/sdformat_vendor:/opt/ros/jazzy/opt/gz_gui_vendor:/opt/ros/jazzy/opt/gz_transport_vendor:/opt/ros/jazzy/opt/gz_rendering_vendor:/opt/ros/jazzy/opt/gz_plugin_vendor:/opt/ros/jazzy/opt/gz_fuel_tools_vendor:/opt/ros/jazzy/opt/gz_msgs_vendor:/opt/ros/jazzy/opt/gz_common_vendor:/opt/ros/jazzy/opt/gz_math_vendor:/opt/ros/jazzy/opt/gz_utils_vendor:/opt/ros/jazzy/opt/gz_tools_vendor:/opt/ros/jazzy/opt/gz_ogre_next_vendor:/opt/ros/jazzy/opt/gz_dartsim_vendor:/opt/ros/jazzy/opt/gz_cmake_vendor:/home/aditya/ros2_ws/install/my_py_pkg:/opt/ros/jazzy DEBUGINFOD_URLS=https://debuginfod.ubuntu.com LD_LIBRARY_PATH=/home/aditya/Dexter/install/dexter_msgs/lib:${LD_LIBRARY_PATH} PYTHONPATH=/home/aditya/Dexter/install/dexter_msgs/lib/python3.12/site-packages:${PYTHONPATH} VIRTUAL_ENV_PROMPT=(venv-ardupilot) /usr/bin/cmake --build /home/aditya/Dexter/build/dexter_utils -- -j28 -l28
[4.922s] [ 50%] Building CXX object CMakeFiles/angle_conversion.dir/src/angle_conversion.cpp.o
[4.946s] [ 50%] Built target ament_cmake_python_symlink_dexter_utils
[5.588s] running egg_info
[5.643s] creating dexter_utils.egg-info
[5.643s] writing dexter_utils.egg-info/PKG-INFO
[5.644s] writing dependency_links to dexter_utils.egg-info/dependency_links.txt
[5.645s] writing top-level names to dexter_utils.egg-info/top_level.txt
[5.645s] writing manifest file 'dexter_utils.egg-info/SOURCES.txt'
[5.812s] reading manifest file 'dexter_utils.egg-info/SOURCES.txt'
[5.814s] writing manifest file 'dexter_utils.egg-info/SOURCES.txt'
[5.891s] [ 50%] Built target ament_cmake_python_build_dexter_utils_egg
[18.494s] [100%] Linking CXX executable angle_conversion
[19.085s] [100%] Built target angle_conversion
[19.129s] Invoked command in '/home/aditya/Dexter/build/dexter_utils' returned '0': AMENT_PREFIX_PATH=/home/aditya/Dexter/install/dexter_msgs:${AMENT_PREFIX_PATH} CMAKE_PREFIX_PATH=/home/aditya/Dexter/install/dexter_msgs:/home/aditya/ros2_ws/install/my_robot_bringup:/home/aditya/ros2_ws/install/my_cpp_pkg:/home/aditya/ros2_ws/install/my_robot_interfaces:/opt/ros/jazzy/opt/gz_sim_vendor:/opt/ros/jazzy/opt/gz_sensors_vendor:/opt/ros/jazzy/opt/gz_physics_vendor:/opt/ros/jazzy/opt/sdformat_vendor:/opt/ros/jazzy/opt/gz_gui_vendor:/opt/ros/jazzy/opt/gz_transport_vendor:/opt/ros/jazzy/opt/gz_rendering_vendor:/opt/ros/jazzy/opt/gz_plugin_vendor:/opt/ros/jazzy/opt/gz_fuel_tools_vendor:/opt/ros/jazzy/opt/gz_msgs_vendor:/opt/ros/jazzy/opt/gz_common_vendor:/opt/ros/jazzy/opt/gz_math_vendor:/opt/ros/jazzy/opt/gz_utils_vendor:/opt/ros/jazzy/opt/gz_tools_vendor:/opt/ros/jazzy/opt/gz_ogre_next_vendor:/opt/ros/jazzy/opt/gz_dartsim_vendor:/opt/ros/jazzy/opt/gz_cmake_vendor:/home/aditya/ros2_ws/install/my_py_pkg:/opt/ros/jazzy DEBUGINFOD_URLS=https://debuginfod.ubuntu.com LD_LIBRARY_PATH=/home/aditya/Dexter/install/dexter_msgs/lib:${LD_LIBRARY_PATH} PYTHONPATH=/home/aditya/Dexter/install/dexter_msgs/lib/python3.12/site-packages:${PYTHONPATH} VIRTUAL_ENV_PROMPT=(venv-ardupilot) /usr/bin/cmake --build /home/aditya/Dexter/build/dexter_utils -- -j28 -l28
[19.135s] Invoking command in '/home/aditya/Dexter/build/dexter_utils': AMENT_PREFIX_PATH=/home/aditya/Dexter/install/dexter_msgs:${AMENT_PREFIX_PATH} CMAKE_PREFIX_PATH=/home/aditya/Dexter/install/dexter_msgs:/home/aditya/ros2_ws/install/my_robot_bringup:/home/aditya/ros2_ws/install/my_cpp_pkg:/home/aditya/ros2_ws/install/my_robot_interfaces:/opt/ros/jazzy/opt/gz_sim_vendor:/opt/ros/jazzy/opt/gz_sensors_vendor:/opt/ros/jazzy/opt/gz_physics_vendor:/opt/ros/jazzy/opt/sdformat_vendor:/opt/ros/jazzy/opt/gz_gui_vendor:/opt/ros/jazzy/opt/gz_transport_vendor:/opt/ros/jazzy/opt/gz_rendering_vendor:/opt/ros/jazzy/opt/gz_plugin_vendor:/opt/ros/jazzy/opt/gz_fuel_tools_vendor:/opt/ros/jazzy/opt/gz_msgs_vendor:/opt/ros/jazzy/opt/gz_common_vendor:/opt/ros/jazzy/opt/gz_math_vendor:/opt/ros/jazzy/opt/gz_utils_vendor:/opt/ros/jazzy/opt/gz_tools_vendor:/opt/ros/jazzy/opt/gz_ogre_next_vendor:/opt/ros/jazzy/opt/gz_dartsim_vendor:/opt/ros/jazzy/opt/gz_cmake_vendor:/home/aditya/ros2_ws/install/my_py_pkg:/opt/ros/jazzy DEBUGINFOD_URLS=https://debuginfod.ubuntu.com LD_LIBRARY_PATH=/home/aditya/Dexter/install/dexter_msgs/lib:${LD_LIBRARY_PATH} PYTHONPATH=/home/aditya/Dexter/install/dexter_msgs/lib/python3.12/site-packages:${PYTHONPATH} VIRTUAL_ENV_PROMPT=(venv-ardupilot) /usr/bin/cmake --install /home/aditya/Dexter/build/dexter_utils
[19.159s] -- Install configuration: ""
[19.161s] -- Execute custom install script
[19.162s] -- Symlinking: /home/aditya/Dexter/install/dexter_utils/share/dexter_utils/environment/pythonpath.sh
[19.187s] -- Symlinking: /home/aditya/Dexter/install/dexter_utils/share/dexter_utils/environment/pythonpath.dsv
[19.214s] -- Symlinking: /home/aditya/Dexter/install/dexter_utils/lib/python3.12/site-packages/dexter_utils-0.0.0-py3.12.egg-info/PKG-INFO
[19.241s] -- Symlinking: /home/aditya/Dexter/install/dexter_utils/lib/python3.12/site-packages/dexter_utils-0.0.0-py3.12.egg-info/SOURCES.txt
[19.266s] -- Symlinking: /home/aditya/Dexter/install/dexter_utils/lib/python3.12/site-packages/dexter_utils-0.0.0-py3.12.egg-info/dependency_links.txt
[19.294s] -- Symlinking: /home/aditya/Dexter/install/dexter_utils/lib/python3.12/site-packages/dexter_utils-0.0.0-py3.12.egg-info/top_level.txt
[19.322s] -- Symlinking: /home/aditya/Dexter/install/dexter_utils/lib/python3.12/site-packages/dexter_utils/__init__.py
[19.349s] -- Symlinking: /home/aditya/Dexter/install/dexter_utils/lib/python3.12/site-packages/dexter_utils/angle_conversion.py
[19.381s] -- Symlinking: /home/aditya/Dexter/install/dexter_utils/lib/dexter_utils/angle_conversion
[19.407s] -- Symlinking: /home/aditya/Dexter/install/dexter_utils/lib/dexter_utils/angle_conversion.py
[19.439s] -- Symlinking: /home/aditya/Dexter/install/dexter_utils/share/ament_index/resource_index/package_run_dependencies/dexter_utils
[19.469s] -- Symlinking: /home/aditya/Dexter/install/dexter_utils/share/ament_index/resource_index/parent_prefix_path/dexter_utils
[19.500s] -- Symlinking: /home/aditya/Dexter/install/dexter_utils/share/dexter_utils/environment/ament_prefix_path.sh
[19.538s] -- Symlinking: /home/aditya/Dexter/install/dexter_utils/share/dexter_utils/environment/ament_prefix_path.dsv
[19.567s] -- Symlinking: /home/aditya/Dexter/install/dexter_utils/share/dexter_utils/environment/path.sh
[19.593s] -- Symlinking: /home/aditya/Dexter/install/dexter_utils/share/dexter_utils/environment/path.dsv
[19.621s] -- Symlinking: /home/aditya/Dexter/install/dexter_utils/share/dexter_utils/local_setup.bash
[19.651s] -- Symlinking: /home/aditya/Dexter/install/dexter_utils/share/dexter_utils/local_setup.sh
[19.684s] -- Symlinking: /home/aditya/Dexter/install/dexter_utils/share/dexter_utils/local_setup.zsh
[19.713s] -- Symlinking: /home/aditya/Dexter/install/dexter_utils/share/dexter_utils/local_setup.dsv
[19.740s] -- Symlinking: /home/aditya/Dexter/install/dexter_utils/share/dexter_utils/package.dsv
[19.767s] -- Symlinking: /home/aditya/Dexter/install/dexter_utils/share/ament_index/resource_index/packages/dexter_utils
[19.802s] -- Symlinking: /home/aditya/Dexter/install/dexter_utils/share/dexter_utils/cmake/dexter_utilsConfig.cmake
[19.830s] -- Symlinking: /home/aditya/Dexter/install/dexter_utils/share/dexter_utils/cmake/dexter_utilsConfig-version.cmake
[19.861s] -- Symlinking: /home/aditya/Dexter/install/dexter_utils/share/dexter_utils/package.xml
[20.131s] Listing '/home/aditya/Dexter/install/dexter_utils/lib/python3.12/site-packages/dexter_utils'...
[20.131s] Compiling '/home/aditya/Dexter/install/dexter_utils/lib/python3.12/site-packages/dexter_utils/__init__.py'...
[20.132s] Compiling '/home/aditya/Dexter/install/dexter_utils/lib/python3.12/site-packages/dexter_utils/angle_conversion.py'...
[20.162s] Invoked command in '/home/aditya/Dexter/build/dexter_utils' returned '0': AMENT_PREFIX_PATH=/home/aditya/Dexter/install/dexter_msgs:${AMENT_PREFIX_PATH} CMAKE_PREFIX_PATH=/home/aditya/Dexter/install/dexter_msgs:/home/aditya/ros2_ws/install/my_robot_bringup:/home/aditya/ros2_ws/install/my_cpp_pkg:/home/aditya/ros2_ws/install/my_robot_interfaces:/opt/ros/jazzy/opt/gz_sim_vendor:/opt/ros/jazzy/opt/gz_sensors_vendor:/opt/ros/jazzy/opt/gz_physics_vendor:/opt/ros/jazzy/opt/sdformat_vendor:/opt/ros/jazzy/opt/gz_gui_vendor:/opt/ros/jazzy/opt/gz_transport_vendor:/opt/ros/jazzy/opt/gz_rendering_vendor:/opt/ros/jazzy/opt/gz_plugin_vendor:/opt/ros/jazzy/opt/gz_fuel_tools_vendor:/opt/ros/jazzy/opt/gz_msgs_vendor:/opt/ros/jazzy/opt/gz_common_vendor:/opt/ros/jazzy/opt/gz_math_vendor:/opt/ros/jazzy/opt/gz_utils_vendor:/opt/ros/jazzy/opt/gz_tools_vendor:/opt/ros/jazzy/opt/gz_ogre_next_vendor:/opt/ros/jazzy/opt/gz_dartsim_vendor:/opt/ros/jazzy/opt/gz_cmake_vendor:/home/aditya/ros2_ws/install/my_py_pkg:/opt/ros/jazzy DEBUGINFOD_URLS=https://debuginfod.ubuntu.com LD_LIBRARY_PATH=/home/aditya/Dexter/install/dexter_msgs/lib:${LD_LIBRARY_PATH} PYTHONPATH=/home/aditya/Dexter/install/dexter_msgs/lib/python3.12/site-packages:${PYTHONPATH} VIRTUAL_ENV_PROMPT=(venv-ardupilot) /usr/bin/cmake --install /home/aditya/Dexter/build/dexter_utils
