-- Found ament_cmake: 2.5.5 (/opt/ros/jazzy/share/ament_cmake/cmake)
-- Override CMake install command with custom implementation using symlinks instead of copying resources
-- Found rclcpp: 28.1.16 (/opt/ros/jazzy/share/rclcpp/cmake)
-- Found rosidl_generator_c: 4.6.7 (/opt/ros/jazzy/share/rosidl_generator_c/cmake)
-- Found rosidl_generator_cpp: 4.6.7 (/opt/ros/jazzy/share/rosidl_generator_cpp/cmake)
-- Using all available rosidl_typesupport_c: rosidl_typesupport_fastrtps_c;rosidl_typesupport_introspection_c
-- Using all available rosidl_typesupport_cpp: rosidl_typesupport_fastrtps_cpp;rosidl_typesupport_introspection_cpp
-- Found rmw_implementation_cmake: 7.3.3 (/opt/ros/jazzy/share/rmw_implementation_cmake/cmake)
-- Found rmw_fastrtps_cpp: 8.4.3 (/opt/ros/jazzy/share/rmw_fastrtps_cpp/cmake)
-- Using RMW implementation 'rmw_fastrtps_cpp' as default
-- Found std_msgs: 5.3.6 (/opt/ros/jazzy/share/std_msgs/cmake)
-- Found dexter_msgs: 0.0.0 (/home/aditya/Dexter/install/dexter_msgs/share/dexter_msgs/cmake)
-- Found rclcpp_action: 28.1.16 (/opt/ros/jazzy/share/rclcpp_action/cmake)
-- Found rclcpp_components: 28.1.16 (/opt/ros/jazzy/share/rclcpp_components/cmake)
-- Found moveit_ros_planning_interface: 2.12.4 (/opt/ros/jazzy/share/moveit_ros_planning_interface/cmake)
-- Found Boost: /usr/lib/x86_64-linux-gnu/cmake/Boost-1.83.0/BoostConfig.cmake (found version "1.83.0") found components: date_time filesystem program_options system thread 
-- Found Boost: /usr/lib/x86_64-linux-gnu/cmake/Boost-1.83.0/BoostConfig.cmake (found version "1.83.0") found components: chrono date_time filesystem iostreams program_options regex serialization system thread 
-- Found parameter_traits: 0.6.0 (/opt/ros/jazzy/share/parameter_traits/cmake)
-- Found rclcpp_lifecycle: 28.1.16 (/opt/ros/jazzy/share/rclcpp_lifecycle/cmake)
-- Found Boost: /usr/lib/x86_64-linux-gnu/cmake/Boost-1.83.0/BoostConfig.cmake (found version "1.83.0") found components: filesystem 
-- Ensuring Eigen3 include directory is part of orocos-kdl CMake target
-- Found Boost: /usr/lib/x86_64-linux-gnu/cmake/Boost-1.83.0/BoostConfig.cmake (found version "1.83.0") found components: system filesystem date_time program_options thread chrono 
-- Found Boost: /usr/lib/x86_64-linux-gnu/cmake/Boost-1.83.0/BoostConfig.cmake (found version "1.83.0") found components: thread system filesystem regex date_time program_options 
-- Found Boost: /usr/lib/x86_64-linux-gnu/cmake/Boost-1.83.0/BoostConfig.cmake (found version "1.83.0") found components: system filesystem date_time program_options thread 
-- Configuring done (3.7s)
-- Generating done (0.1s)
-- Build files have been written to: /home/aditya/Dexter/build/dexter_cpp_examples
[  9%] Built target simple_service_client
[ 22%] Built target simple_action_server
[ 27%] Built target simple_action_server_node
[ 36%] Built target simple_publisher
[ 45%] Built target simple_service_server
[ 59%] Built target simple_subscriber
[ 63%] Built target simple_lifecycle_node
[ 72%] Built target simple_action_client_node
[ 81%] Built target simple_parameter
[ 90%] Built target simple_action_client
[100%] Built target simple_moveit_interface
-- Install configuration: ""
-- Execute custom install script
-- Up-to-date symlink: /home/aditya/Dexter/install/dexter_cpp_examples/lib/dexter_cpp_examples/simple_action_server_node
-- Up-to-date symlink: /home/aditya/Dexter/install/dexter_cpp_examples/lib/dexter_cpp_examples/simple_action_client_node
-- Up-to-date symlink: /home/aditya/Dexter/install/dexter_cpp_examples/lib/dexter_cpp_examples/simple_publisher
-- Up-to-date symlink: /home/aditya/Dexter/install/dexter_cpp_examples/lib/dexter_cpp_examples/simple_subscriber
-- Up-to-date symlink: /home/aditya/Dexter/install/dexter_cpp_examples/lib/dexter_cpp_examples/simple_parameter
-- Up-to-date symlink: /home/aditya/Dexter/install/dexter_cpp_examples/lib/dexter_cpp_examples/simple_service_server
-- Up-to-date symlink: /home/aditya/Dexter/install/dexter_cpp_examples/lib/dexter_cpp_examples/simple_service_client
-- Up-to-date symlink: /home/aditya/Dexter/install/dexter_cpp_examples/lib/dexter_cpp_examples/simple_moveit_interface
-- Up-to-date symlink: /home/aditya/Dexter/install/dexter_cpp_examples/lib/dexter_cpp_examples/simple_lifecycle_node
-- Up-to-date symlink: /home/aditya/Dexter/install/dexter_cpp_examples/lib/libsimple_action_server.so
-- Up-to-date symlink: /home/aditya/Dexter/install/dexter_cpp_examples/lib/libsimple_action_client.so
-- Up-to-date symlink: /home/aditya/Dexter/install/dexter_cpp_examples/share/ament_index/resource_index/package_run_dependencies/dexter_cpp_examples
-- Up-to-date symlink: /home/aditya/Dexter/install/dexter_cpp_examples/share/ament_index/resource_index/parent_prefix_path/dexter_cpp_examples
-- Up-to-date symlink: /home/aditya/Dexter/install/dexter_cpp_examples/share/dexter_cpp_examples/environment/ament_prefix_path.sh
-- Up-to-date symlink: /home/aditya/Dexter/install/dexter_cpp_examples/share/dexter_cpp_examples/environment/ament_prefix_path.dsv
-- Up-to-date symlink: /home/aditya/Dexter/install/dexter_cpp_examples/share/dexter_cpp_examples/environment/path.sh
-- Up-to-date symlink: /home/aditya/Dexter/install/dexter_cpp_examples/share/dexter_cpp_examples/environment/path.dsv
-- Up-to-date symlink: /home/aditya/Dexter/install/dexter_cpp_examples/share/dexter_cpp_examples/local_setup.bash
-- Up-to-date symlink: /home/aditya/Dexter/install/dexter_cpp_examples/share/dexter_cpp_examples/local_setup.sh
-- Up-to-date symlink: /home/aditya/Dexter/install/dexter_cpp_examples/share/dexter_cpp_examples/local_setup.zsh
-- Up-to-date symlink: /home/aditya/Dexter/install/dexter_cpp_examples/share/dexter_cpp_examples/local_setup.dsv
-- Symlinking: /home/aditya/Dexter/install/dexter_cpp_examples/share/dexter_cpp_examples/package.dsv
-- Up-to-date symlink: /home/aditya/Dexter/install/dexter_cpp_examples/share/ament_index/resource_index/packages/dexter_cpp_examples
-- Up-to-date symlink: /home/aditya/Dexter/install/dexter_cpp_examples/share/ament_index/resource_index/rclcpp_components/dexter_cpp_examples
-- Up-to-date symlink: /home/aditya/Dexter/install/dexter_cpp_examples/share/dexter_cpp_examples/cmake/dexter_cpp_examplesConfig.cmake
-- Up-to-date symlink: /home/aditya/Dexter/install/dexter_cpp_examples/share/dexter_cpp_examples/cmake/dexter_cpp_examplesConfig-version.cmake
-- Up-to-date symlink: /home/aditya/Dexter/install/dexter_cpp_examples/share/dexter_cpp_examples/package.xml
