-- The C compiler identification is GNU 13.3.0
-- The CXX compiler identification is GNU 13.3.0
-- Detecting C compiler ABI info
-- Detecting C compiler ABI info - done
-- Check for working C compiler: /usr/bin/cc - skipped
-- Detecting C compile features
-- Detecting C compile features - done
-- Detecting CXX compiler ABI info
-- Detecting CXX compiler ABI info - done
-- Check for working CXX compiler: /usr/bin/c++ - skipped
-- Detecting CXX compile features
-- Detecting CXX compile features - done
-- Found ament_cmake: 2.5.5 (/opt/ros/jazzy/share/ament_cmake/cmake)
-- Found Python3: /home/aditya/venv-ardupilot/bin/python3 (found version "3.12.3") found components: Interpreter 
-- Override CMake install command with custom implementation using symlinks instead of copying resources
-- Found rclcpp: 28.1.16 (/opt/ros/jazzy/share/rclcpp/cmake)
-- Found rosidl_generator_c: 4.6.7 (/opt/ros/jazzy/share/rosidl_generator_c/cmake)
-- Found rosidl_generator_cpp: 4.6.7 (/opt/ros/jazzy/share/rosidl_generator_cpp/cmake)
-- Using all available rosidl_typesupport_c: rosidl_typesupport_fastrtps_c;rosidl_typesupport_introspection_c
-- Using all available rosidl_typesupport_cpp: rosidl_typesupport_fastrtps_cpp;rosidl_typesupport_introspection_cpp
-- Found rmw_implementation_cmake: 7.3.3 (/opt/ros/jazzy/share/rmw_implementation_cmake/cmake)
-- Found rmw_fastrtps_cpp: 8.4.3 (/opt/ros/jazzy/share/rmw_fastrtps_cpp/cmake)
-- Found OpenSSL: /usr/lib/x86_64-linux-gnu/libcrypto.so (found version "3.0.13")  
-- Found FastRTPS: /opt/ros/jazzy/include (Required is at least version "2.13") 
-- Using RMW implementation 'rmw_fastrtps_cpp' as default
-- Found std_msgs: 5.3.6 (/opt/ros/jazzy/share/std_msgs/cmake)
-- Found dexter_msgs: 0.0.0 (/home/aditya/Dexter/install/dexter_msgs/share/dexter_msgs/cmake)
-- Found rclcpp_action: 28.1.16 (/opt/ros/jazzy/share/rclcpp_action/cmake)
-- Found rclcpp_components: 28.1.16 (/opt/ros/jazzy/share/rclcpp_components/cmake)
-- Found moveit_ros_planning_interface: 2.12.4 (/opt/ros/jazzy/share/moveit_ros_planning_interface/cmake)
-- Found Boost: /usr/lib/x86_64-linux-gnu/cmake/Boost-1.83.0/BoostConfig.cmake (found version "1.83.0") found components: date_time filesystem program_options system thread 
-- Found Boost: /usr/lib/x86_64-linux-gnu/cmake/Boost-1.83.0/BoostConfig.cmake (found version "1.83.0") found components: chrono date_time filesystem iostreams program_options regex serialization system thread 
-- Found parameter_traits: 0.6.0 (/opt/ros/jazzy/share/parameter_traits/cmake)
-- Found rclcpp_lifecycle: 28.1.16 (/opt/ros/jazzy/share/rclcpp_lifecycle/cmake)
-- Found Boost: /usr/lib/x86_64-linux-gnu/cmake/Boost-1.83.0/BoostConfig.cmake (found version "1.83.0") found components: filesystem 
-- Found Eigen3: TRUE (found version "3.4.0") 
-- Ensuring Eigen3 include directory is part of orocos-kdl CMake target
-- Found Boost: /usr/lib/x86_64-linux-gnu/cmake/Boost-1.83.0/BoostConfig.cmake (found version "1.83.0") found components: system filesystem date_time program_options thread chrono 
-- Found Boost: /usr/lib/x86_64-linux-gnu/cmake/Boost-1.83.0/BoostConfig.cmake (found version "1.83.0") found components: thread system filesystem regex date_time program_options 
-- Found Boost: /usr/lib/x86_64-linux-gnu/cmake/Boost-1.83.0/BoostConfig.cmake (found version "1.83.0") found components: system filesystem date_time program_options thread 
-- Configuring done (6.7s)
-- Generating done (0.1s)
-- Build files have been written to: /home/aditya/Dexter/build/dexter_cpp_examples
[  9%] Building CXX object CMakeFiles/simple_subscriber.dir/src/simple_subscriber.cpp.o
[  9%] Building CXX object CMakeFiles/simple_publisher.dir/src/simple_publisher.cpp.o
[ 18%] Building CXX object CMakeFiles/simple_action_server_node.dir/rclcpp_components/node_main_simple_action_server_node.cpp.o
[ 18%] Building CXX object CMakeFiles/simple_service_client.dir/src/simple_service_client.cpp.o
[ 22%] Building CXX object CMakeFiles/simple_action_server.dir/src/simple_action_server.cpp.o
[ 27%] Building CXX object CMakeFiles/simple_service_server.dir/src/simple_service_server.cpp.o
[ 36%] Building CXX object CMakeFiles/simple_action_client_node.dir/rclcpp_components/node_main_simple_action_client_node.cpp.o
[ 36%] Building CXX object CMakeFiles/simple_moveit_interface.dir/src/simple_moveit_interface.cpp.o
[ 40%] Building CXX object CMakeFiles/simple_parameter.dir/src/simple_parameter.cpp.o
[ 50%] Building CXX object CMakeFiles/simple_lifecycle_node.dir/src/simple_lifecycle_node.cpp.o
[ 50%] Building CXX object CMakeFiles/simple_action_client.dir/src/simple_action_client.cpp.o
[ 54%] Linking CXX executable simple_parameter
[ 54%] Built target simple_parameter
[ 59%] Linking CXX executable simple_action_client_node
[ 63%] Linking CXX executable simple_action_server_node
[ 63%] Built target simple_action_server_node
[ 68%] Linking CXX executable simple_service_server
[ 68%] Built target simple_action_client_node
[ 72%] Linking CXX executable simple_service_client
[ 72%] Built target simple_service_server
[ 72%] Built target simple_service_client
[ 77%] Linking CXX shared library libsimple_action_server.so
[ 81%] Linking CXX shared library libsimple_action_client.so
[ 81%] Built target simple_action_server
[ 86%] Linking CXX executable simple_publisher
[ 86%] Built target simple_action_client
[ 86%] Built target simple_publisher
[ 90%] Linking CXX executable simple_moveit_interface
[ 90%] Built target simple_moveit_interface
[ 95%] Linking CXX executable simple_lifecycle_node
[100%] Linking CXX executable simple_subscriber
[100%] Built target simple_lifecycle_node
[100%] Built target simple_subscriber
-- Install configuration: ""
-- Execute custom install script
-- Symlinking: /home/aditya/Dexter/install/dexter_cpp_examples/lib/dexter_cpp_examples/simple_action_server_node
-- Symlinking: /home/aditya/Dexter/install/dexter_cpp_examples/lib/dexter_cpp_examples/simple_action_client_node
-- Symlinking: /home/aditya/Dexter/install/dexter_cpp_examples/lib/dexter_cpp_examples/simple_publisher
-- Symlinking: /home/aditya/Dexter/install/dexter_cpp_examples/lib/dexter_cpp_examples/simple_subscriber
-- Symlinking: /home/aditya/Dexter/install/dexter_cpp_examples/lib/dexter_cpp_examples/simple_parameter
-- Symlinking: /home/aditya/Dexter/install/dexter_cpp_examples/lib/dexter_cpp_examples/simple_service_server
-- Symlinking: /home/aditya/Dexter/install/dexter_cpp_examples/lib/dexter_cpp_examples/simple_service_client
-- Symlinking: /home/aditya/Dexter/install/dexter_cpp_examples/lib/dexter_cpp_examples/simple_moveit_interface
-- Symlinking: /home/aditya/Dexter/install/dexter_cpp_examples/lib/dexter_cpp_examples/simple_lifecycle_node
-- Symlinking: /home/aditya/Dexter/install/dexter_cpp_examples/lib/libsimple_action_server.so
-- Symlinking: /home/aditya/Dexter/install/dexter_cpp_examples/lib/libsimple_action_client.so
-- Symlinking: /home/aditya/Dexter/install/dexter_cpp_examples/share/ament_index/resource_index/package_run_dependencies/dexter_cpp_examples
-- Symlinking: /home/aditya/Dexter/install/dexter_cpp_examples/share/ament_index/resource_index/parent_prefix_path/dexter_cpp_examples
-- Symlinking: /home/aditya/Dexter/install/dexter_cpp_examples/share/dexter_cpp_examples/environment/ament_prefix_path.sh
-- Symlinking: /home/aditya/Dexter/install/dexter_cpp_examples/share/dexter_cpp_examples/environment/ament_prefix_path.dsv
-- Symlinking: /home/aditya/Dexter/install/dexter_cpp_examples/share/dexter_cpp_examples/environment/path.sh
-- Symlinking: /home/aditya/Dexter/install/dexter_cpp_examples/share/dexter_cpp_examples/environment/path.dsv
-- Symlinking: /home/aditya/Dexter/install/dexter_cpp_examples/share/dexter_cpp_examples/local_setup.bash
-- Symlinking: /home/aditya/Dexter/install/dexter_cpp_examples/share/dexter_cpp_examples/local_setup.sh
-- Symlinking: /home/aditya/Dexter/install/dexter_cpp_examples/share/dexter_cpp_examples/local_setup.zsh
-- Symlinking: /home/aditya/Dexter/install/dexter_cpp_examples/share/dexter_cpp_examples/local_setup.dsv
-- Symlinking: /home/aditya/Dexter/install/dexter_cpp_examples/share/dexter_cpp_examples/package.dsv
-- Symlinking: /home/aditya/Dexter/install/dexter_cpp_examples/share/ament_index/resource_index/packages/dexter_cpp_examples
-- Symlinking: /home/aditya/Dexter/install/dexter_cpp_examples/share/ament_index/resource_index/rclcpp_components/dexter_cpp_examples
-- Symlinking: /home/aditya/Dexter/install/dexter_cpp_examples/share/dexter_cpp_examples/cmake/dexter_cpp_examplesConfig.cmake
-- Symlinking: /home/aditya/Dexter/install/dexter_cpp_examples/share/dexter_cpp_examples/cmake/dexter_cpp_examplesConfig-version.cmake
-- Symlinking: /home/aditya/Dexter/install/dexter_cpp_examples/share/dexter_cpp_examples/package.xml
