/home/aditya/Dexter/install/dexter_py_examples/lib/python3.12/site-packages/dexter_py_examples/simple_service_client.py
/home/aditya/Dexter/install/dexter_py_examples/lib/python3.12/site-packages/dexter_py_examples/simple_action_client.py
/home/aditya/Dexter/install/dexter_py_examples/lib/python3.12/site-packages/dexter_py_examples/simple_parameter.py
/home/aditya/Dexter/install/dexter_py_examples/lib/python3.12/site-packages/dexter_py_examples/simple_publisher.py
/home/aditya/Dexter/install/dexter_py_examples/lib/python3.12/site-packages/dexter_py_examples/simple_service_server.py
/home/aditya/Dexter/install/dexter_py_examples/lib/python3.12/site-packages/dexter_py_examples/simple_action_server.py
/home/aditya/Dexter/install/dexter_py_examples/lib/python3.12/site-packages/dexter_py_examples/simple_subscriber.py
/home/aditya/Dexter/install/dexter_py_examples/lib/python3.12/site-packages/dexter_py_examples/simple_moveit_interface.py
/home/aditya/Dexter/install/dexter_py_examples/lib/python3.12/site-packages/dexter_py_examples/__init__.py
/home/aditya/Dexter/install/dexter_py_examples/lib/python3.12/site-packages/dexter_py_examples/__pycache__/simple_service_client.cpython-312.pyc
/home/aditya/Dexter/install/dexter_py_examples/lib/python3.12/site-packages/dexter_py_examples/__pycache__/simple_action_client.cpython-312.pyc
/home/aditya/Dexter/install/dexter_py_examples/lib/python3.12/site-packages/dexter_py_examples/__pycache__/simple_parameter.cpython-312.pyc
/home/aditya/Dexter/install/dexter_py_examples/lib/python3.12/site-packages/dexter_py_examples/__pycache__/simple_publisher.cpython-312.pyc
/home/aditya/Dexter/install/dexter_py_examples/lib/python3.12/site-packages/dexter_py_examples/__pycache__/simple_service_server.cpython-312.pyc
/home/aditya/Dexter/install/dexter_py_examples/lib/python3.12/site-packages/dexter_py_examples/__pycache__/simple_action_server.cpython-312.pyc
/home/aditya/Dexter/install/dexter_py_examples/lib/python3.12/site-packages/dexter_py_examples/__pycache__/simple_subscriber.cpython-312.pyc
/home/aditya/Dexter/install/dexter_py_examples/lib/python3.12/site-packages/dexter_py_examples/__pycache__/simple_moveit_interface.cpython-312.pyc
/home/aditya/Dexter/install/dexter_py_examples/lib/python3.12/site-packages/dexter_py_examples/__pycache__/__init__.cpython-312.pyc
/home/aditya/Dexter/install/dexter_py_examples/share/ament_index/resource_index/packages/dexter_py_examples
/home/aditya/Dexter/install/dexter_py_examples/share/dexter_py_examples/package.xml
/home/aditya/Dexter/install/dexter_py_examples/share/dexter_py_examples/launch/simple_moveit_interface.launch.py
/home/aditya/Dexter/install/dexter_py_examples/lib/python3.12/site-packages/dexter_py_examples-0.0.0-py3.12.egg-info/SOURCES.txt
/home/aditya/Dexter/install/dexter_py_examples/lib/python3.12/site-packages/dexter_py_examples-0.0.0-py3.12.egg-info/PKG-INFO
/home/aditya/Dexter/install/dexter_py_examples/lib/python3.12/site-packages/dexter_py_examples-0.0.0-py3.12.egg-info/dependency_links.txt
/home/aditya/Dexter/install/dexter_py_examples/lib/python3.12/site-packages/dexter_py_examples-0.0.0-py3.12.egg-info/entry_points.txt
/home/aditya/Dexter/install/dexter_py_examples/lib/python3.12/site-packages/dexter_py_examples-0.0.0-py3.12.egg-info/top_level.txt
/home/aditya/Dexter/install/dexter_py_examples/lib/python3.12/site-packages/dexter_py_examples-0.0.0-py3.12.egg-info/zip-safe
/home/aditya/Dexter/install/dexter_py_examples/lib/python3.12/site-packages/dexter_py_examples-0.0.0-py3.12.egg-info/requires.txt
/home/aditya/Dexter/install/dexter_py_examples/lib/dexter_py_examples/simple_action_client
/home/aditya/Dexter/install/dexter_py_examples/lib/dexter_py_examples/simple_action_server
/home/aditya/Dexter/install/dexter_py_examples/lib/dexter_py_examples/simple_moveit_interface
/home/aditya/Dexter/install/dexter_py_examples/lib/dexter_py_examples/simple_parameter
/home/aditya/Dexter/install/dexter_py_examples/lib/dexter_py_examples/simple_publisher
/home/aditya/Dexter/install/dexter_py_examples/lib/dexter_py_examples/simple_service_client
/home/aditya/Dexter/install/dexter_py_examples/lib/dexter_py_examples/simple_service_server
/home/aditya/Dexter/install/dexter_py_examples/lib/dexter_py_examples/simple_subscriber
