[0.044s] Invoking command in '/home/aditya/Dexter/build/dexter_description': CMAKE_PREFIX_PATH=${CMAKE_PREFIX_PATH}:/home/aditya/Dexter/install/dexter_py_examples:/home/aditya/ros2_ws/install/my_py_pkg:/opt/ros/jazzy DEBUGINFOD_URLS=https://debuginfod.ubuntu.com PS1=\[\e]0;\u@\h: \w\a\]${debian_chroot:+($debian_chroot)}\[\033[01;32m\]\u@\h\[\033[00m\]:\[\033[01;34m\]\w\[\033[00m\]\$ VIRTUAL_ENV_PROMPT=(venv-ardupilot) /usr/bin/cmake /home/aditya/Dexter/dexter_description -DCMAKE_INSTALL_PREFIX=/home/aditya/Dexter/install/dexter_description
[0.077s] -- Found ament_cmake: 2.5.5 (/opt/ros/jazzy/share/ament_cmake/cmake)
[0.722s] -- Override CMake install command with custom implementation using symlinks instead of copying resources
[0.741s] -- Found ament_lint_auto: 0.17.4 (/opt/ros/jazzy/share/ament_lint_auto/cmake)
[1.037s] -- Added test 'copyright' to check source files copyright and LICENSE
[1.044s] -- Added test 'flake8' to check Python code syntax and style conventions
[1.044s] -- Configured 'flake8' exclude dirs and/or files: 
[1.045s] -- Added test 'lint_cmake' to check CMake code style
[1.046s] -- Added test 'pep257' to check Python code against some of the docstring style conventions in PEP 257
[1.048s] -- Added test 'xmllint' to check XML markup files
[1.049s] -- Configuring done (1.0s)
[1.054s] -- Generating done (0.0s)
[1.057s] -- Build files have been written to: /home/aditya/Dexter/build/dexter_description
[1.064s] Invoked command in '/home/aditya/Dexter/build/dexter_description' returned '0': CMAKE_PREFIX_PATH=${CMAKE_PREFIX_PATH}:/home/aditya/Dexter/install/dexter_py_examples:/home/aditya/ros2_ws/install/my_py_pkg:/opt/ros/jazzy DEBUGINFOD_URLS=https://debuginfod.ubuntu.com PS1=\[\e]0;\u@\h: \w\a\]${debian_chroot:+($debian_chroot)}\[\033[01;32m\]\u@\h\[\033[00m\]:\[\033[01;34m\]\w\[\033[00m\]\$ VIRTUAL_ENV_PROMPT=(venv-ardupilot) /usr/bin/cmake /home/aditya/Dexter/dexter_description -DCMAKE_INSTALL_PREFIX=/home/aditya/Dexter/install/dexter_description
[1.068s] Invoking command in '/home/aditya/Dexter/build/dexter_description': CMAKE_PREFIX_PATH=${CMAKE_PREFIX_PATH}:/home/aditya/Dexter/install/dexter_py_examples:/home/aditya/ros2_ws/install/my_py_pkg:/opt/ros/jazzy DEBUGINFOD_URLS=https://debuginfod.ubuntu.com PS1=\[\e]0;\u@\h: \w\a\]${debian_chroot:+($debian_chroot)}\[\033[01;32m\]\u@\h\[\033[00m\]:\[\033[01;34m\]\w\[\033[00m\]\$ VIRTUAL_ENV_PROMPT=(venv-ardupilot) /usr/bin/cmake --build /home/aditya/Dexter/build/dexter_description -- -j28 -l28
[1.190s] Invoked command in '/home/aditya/Dexter/build/dexter_description' returned '0': CMAKE_PREFIX_PATH=${CMAKE_PREFIX_PATH}:/home/aditya/Dexter/install/dexter_py_examples:/home/aditya/ros2_ws/install/my_py_pkg:/opt/ros/jazzy DEBUGINFOD_URLS=https://debuginfod.ubuntu.com PS1=\[\e]0;\u@\h: \w\a\]${debian_chroot:+($debian_chroot)}\[\033[01;32m\]\u@\h\[\033[00m\]:\[\033[01;34m\]\w\[\033[00m\]\$ VIRTUAL_ENV_PROMPT=(venv-ardupilot) /usr/bin/cmake --build /home/aditya/Dexter/build/dexter_description -- -j28 -l28
[1.218s] Invoking command in '/home/aditya/Dexter/build/dexter_description': CMAKE_PREFIX_PATH=${CMAKE_PREFIX_PATH}:/home/aditya/Dexter/install/dexter_py_examples:/home/aditya/ros2_ws/install/my_py_pkg:/opt/ros/jazzy DEBUGINFOD_URLS=https://debuginfod.ubuntu.com PS1=\[\e]0;\u@\h: \w\a\]${debian_chroot:+($debian_chroot)}\[\033[01;32m\]\u@\h\[\033[00m\]:\[\033[01;34m\]\w\[\033[00m\]\$ VIRTUAL_ENV_PROMPT=(venv-ardupilot) /usr/bin/cmake --install /home/aditya/Dexter/build/dexter_description
[1.241s] -- Install configuration: ""
[1.243s] -- Execute custom install script
[1.244s] -- Up-to-date symlink: /home/aditya/Dexter/install/dexter_description/share/dexter_description/launch/display.launch.py
[1.244s] -- Up-to-date symlink: /home/aditya/Dexter/install/dexter_description/share/dexter_description/launch/gazebo.launch.py
[1.244s] -- Up-to-date symlink: /home/aditya/Dexter/install/dexter_description/share/dexter_description/meshes/base_plate.STL
[1.245s] -- Up-to-date symlink: /home/aditya/Dexter/install/dexter_description/share/dexter_description/meshes/basement.STL
[1.245s] -- Up-to-date symlink: /home/aditya/Dexter/install/dexter_description/share/dexter_description/meshes/claw_support.STL
[1.246s] -- Up-to-date symlink: /home/aditya/Dexter/install/dexter_description/share/dexter_description/meshes/forward_drive_arm.STL
[1.246s] -- Up-to-date symlink: /home/aditya/Dexter/install/dexter_description/share/dexter_description/meshes/horizontal_arm.STL
[1.246s] -- Up-to-date symlink: /home/aditya/Dexter/install/dexter_description/share/dexter_description/meshes/left_finger.STL
[1.247s] -- Up-to-date symlink: /home/aditya/Dexter/install/dexter_description/share/dexter_description/meshes/link.STL
[1.247s] -- Up-to-date symlink: /home/aditya/Dexter/install/dexter_description/share/dexter_description/meshes/plate.STL
[1.247s] -- Up-to-date symlink: /home/aditya/Dexter/install/dexter_description/share/dexter_description/meshes/right_finger.STL
[1.248s] -- Up-to-date symlink: /home/aditya/Dexter/install/dexter_description/share/dexter_description/meshes/round_plate.STL
[1.248s] -- Up-to-date symlink: /home/aditya/Dexter/install/dexter_description/share/dexter_description/meshes/servo_plate.STL
[1.248s] -- Up-to-date symlink: /home/aditya/Dexter/install/dexter_description/share/dexter_description/meshes/triangular_link.STL
[1.249s] -- Up-to-date symlink: /home/aditya/Dexter/install/dexter_description/share/dexter_description/meshes/vertical_drive_arm.STL
[1.249s] -- Up-to-date symlink: /home/aditya/Dexter/install/dexter_description/share/dexter_description/urdf/dexter.urdf.xacro
[1.249s] -- Up-to-date symlink: /home/aditya/Dexter/install/dexter_description/share/dexter_description/urdf/dexter_gazebo.xacro
[1.249s] -- Up-to-date symlink: /home/aditya/Dexter/install/dexter_description/share/dexter_description/urdf/dexter_ros2_control.xacro
[1.250s] -- Up-to-date symlink: /home/aditya/Dexter/install/dexter_description/share/dexter_description/rviz/display.rviz
[1.250s] -- Up-to-date symlink: /home/aditya/Dexter/install/dexter_description/share/ament_index/resource_index/package_run_dependencies/dexter_description
[1.251s] -- Up-to-date symlink: /home/aditya/Dexter/install/dexter_description/share/ament_index/resource_index/parent_prefix_path/dexter_description
[1.251s] -- Up-to-date symlink: /home/aditya/Dexter/install/dexter_description/share/dexter_description/environment/ament_prefix_path.sh
[1.251s] -- Up-to-date symlink: /home/aditya/Dexter/install/dexter_description/share/dexter_description/environment/ament_prefix_path.dsv
[1.252s] -- Up-to-date symlink: /home/aditya/Dexter/install/dexter_description/share/dexter_description/environment/path.sh
[1.252s] -- Up-to-date symlink: /home/aditya/Dexter/install/dexter_description/share/dexter_description/environment/path.dsv
[1.253s] -- Up-to-date symlink: /home/aditya/Dexter/install/dexter_description/share/dexter_description/local_setup.bash
[1.253s] -- Up-to-date symlink: /home/aditya/Dexter/install/dexter_description/share/dexter_description/local_setup.sh
[1.253s] -- Up-to-date symlink: /home/aditya/Dexter/install/dexter_description/share/dexter_description/local_setup.zsh
[1.253s] -- Up-to-date symlink: /home/aditya/Dexter/install/dexter_description/share/dexter_description/local_setup.dsv
[1.254s] -- Symlinking: /home/aditya/Dexter/install/dexter_description/share/dexter_description/package.dsv
[1.277s] -- Up-to-date symlink: /home/aditya/Dexter/install/dexter_description/share/ament_index/resource_index/packages/dexter_description
[1.277s] -- Up-to-date symlink: /home/aditya/Dexter/install/dexter_description/share/dexter_description/cmake/dexter_descriptionConfig.cmake
[1.278s] -- Up-to-date symlink: /home/aditya/Dexter/install/dexter_description/share/dexter_description/cmake/dexter_descriptionConfig-version.cmake
[1.278s] -- Up-to-date symlink: /home/aditya/Dexter/install/dexter_description/share/dexter_description/package.xml
[1.282s] Invoked command in '/home/aditya/Dexter/build/dexter_description' returned '0': CMAKE_PREFIX_PATH=${CMAKE_PREFIX_PATH}:/home/aditya/Dexter/install/dexter_py_examples:/home/aditya/ros2_ws/install/my_py_pkg:/opt/ros/jazzy DEBUGINFOD_URLS=https://debuginfod.ubuntu.com PS1=\[\e]0;\u@\h: \w\a\]${debian_chroot:+($debian_chroot)}\[\033[01;32m\]\u@\h\[\033[00m\]:\[\033[01;34m\]\w\[\033[00m\]\$ VIRTUAL_ENV_PROMPT=(venv-ardupilot) /usr/bin/cmake --install /home/aditya/Dexter/build/dexter_description
