-- Found ament_cmake: 2.5.5 (/opt/ros/jazzy/share/ament_cmake/cmake)
-- Override CMake install command with custom implementation using symlinks instead of copying resources
-- Found rclcpp: 28.1.16 (/opt/ros/jazzy/share/rclcpp/cmake)
-- Found rosidl_generator_c: 4.6.7 (/opt/ros/jazzy/share/rosidl_generator_c/cmake)
-- Found rosidl_generator_cpp: 4.6.7 (/opt/ros/jazzy/share/rosidl_generator_cpp/cmake)
-- Using all available rosidl_typesupport_c: rosidl_typesupport_fastrtps_c;rosidl_typesupport_introspection_c
-- Using all available rosidl_typesupport_cpp: rosidl_typesupport_fastrtps_cpp;rosidl_typesupport_introspection_cpp
-- Found rmw_implementation_cmake: 7.3.3 (/opt/ros/jazzy/share/rmw_implementation_cmake/cmake)
-- Found rmw_fastrtps_cpp: 8.4.3 (/opt/ros/jazzy/share/rmw_fastrtps_cpp/cmake)
-- Using RMW implementation 'rmw_fastrtps_cpp' as default
-- Found rclpy: 7.1.9 (/opt/ros/jazzy/share/rclpy/cmake)
-- Found dexter_msgs: 0.0.0 (/home/aditya/Dexter/install/dexter_msgs/share/dexter_msgs/cmake)
-- Found tf2: 0.36.19 (/opt/ros/jazzy/share/tf2/cmake)
-- Configuring done (2.1s)
-- Generating done (0.0s)
-- Build files have been written to: /home/aditya/Dexter/build/dexter_utils
[  0%] Built target ament_cmake_python_symlink_dexter_utils
[100%] Built target angle_conversion
running egg_info
writing dexter_utils.egg-info/PKG-INFO
writing dependency_links to dexter_utils.egg-info/dependency_links.txt
writing top-level names to dexter_utils.egg-info/top_level.txt
reading manifest file 'dexter_utils.egg-info/SOURCES.txt'
writing manifest file 'dexter_utils.egg-info/SOURCES.txt'
[100%] Built target ament_cmake_python_build_dexter_utils_egg
-- Install configuration: ""
-- Execute custom install script
-- Up-to-date symlink: /home/aditya/Dexter/install/dexter_utils/share/dexter_utils/environment/pythonpath.sh
-- Up-to-date symlink: /home/aditya/Dexter/install/dexter_utils/share/dexter_utils/environment/pythonpath.dsv
-- Up-to-date symlink: /home/aditya/Dexter/install/dexter_utils/lib/python3.12/site-packages/dexter_utils-0.0.0-py3.12.egg-info/PKG-INFO
-- Up-to-date symlink: /home/aditya/Dexter/install/dexter_utils/lib/python3.12/site-packages/dexter_utils-0.0.0-py3.12.egg-info/SOURCES.txt
-- Up-to-date symlink: /home/aditya/Dexter/install/dexter_utils/lib/python3.12/site-packages/dexter_utils-0.0.0-py3.12.egg-info/dependency_links.txt
-- Up-to-date symlink: /home/aditya/Dexter/install/dexter_utils/lib/python3.12/site-packages/dexter_utils-0.0.0-py3.12.egg-info/top_level.txt
-- Up-to-date symlink: /home/aditya/Dexter/install/dexter_utils/lib/python3.12/site-packages/dexter_utils/__init__.py
-- Up-to-date symlink: /home/aditya/Dexter/install/dexter_utils/lib/python3.12/site-packages/dexter_utils/angle_conversion.py
-- Up-to-date symlink: /home/aditya/Dexter/install/dexter_utils/lib/dexter_utils/angle_conversion
-- Up-to-date symlink: /home/aditya/Dexter/install/dexter_utils/lib/dexter_utils/angle_conversion.py
-- Up-to-date symlink: /home/aditya/Dexter/install/dexter_utils/share/ament_index/resource_index/package_run_dependencies/dexter_utils
-- Up-to-date symlink: /home/aditya/Dexter/install/dexter_utils/share/ament_index/resource_index/parent_prefix_path/dexter_utils
-- Up-to-date symlink: /home/aditya/Dexter/install/dexter_utils/share/dexter_utils/environment/ament_prefix_path.sh
-- Up-to-date symlink: /home/aditya/Dexter/install/dexter_utils/share/dexter_utils/environment/ament_prefix_path.dsv
-- Up-to-date symlink: /home/aditya/Dexter/install/dexter_utils/share/dexter_utils/environment/path.sh
-- Up-to-date symlink: /home/aditya/Dexter/install/dexter_utils/share/dexter_utils/environment/path.dsv
-- Up-to-date symlink: /home/aditya/Dexter/install/dexter_utils/share/dexter_utils/local_setup.bash
-- Up-to-date symlink: /home/aditya/Dexter/install/dexter_utils/share/dexter_utils/local_setup.sh
-- Up-to-date symlink: /home/aditya/Dexter/install/dexter_utils/share/dexter_utils/local_setup.zsh
-- Up-to-date symlink: /home/aditya/Dexter/install/dexter_utils/share/dexter_utils/local_setup.dsv
-- Symlinking: /home/aditya/Dexter/install/dexter_utils/share/dexter_utils/package.dsv
-- Up-to-date symlink: /home/aditya/Dexter/install/dexter_utils/share/ament_index/resource_index/packages/dexter_utils
-- Up-to-date symlink: /home/aditya/Dexter/install/dexter_utils/share/dexter_utils/cmake/dexter_utilsConfig.cmake
-- Up-to-date symlink: /home/aditya/Dexter/install/dexter_utils/share/dexter_utils/cmake/dexter_utilsConfig-version.cmake
-- Up-to-date symlink: /home/aditya/Dexter/install/dexter_utils/share/dexter_utils/package.xml
Listing '/home/aditya/Dexter/install/dexter_utils/lib/python3.12/site-packages/dexter_utils'...
