[0.057s] Invoking command in '/home/aditya/Dexter/build/dexter_msgs': CMAKE_PREFIX_PATH=${CMAKE_PREFIX_PATH}:/home/aditya/Dexter/install/dexter_py_examples:/home/aditya/ros2_ws/install/my_py_pkg:/opt/ros/jazzy DEBUGINFOD_URLS=https://debuginfod.ubuntu.com PS1=\[\e]0;\u@\h: \w\a\]${debian_chroot:+($debian_chroot)}\[\033[01;32m\]\u@\h\[\033[00m\]:\[\033[01;34m\]\w\[\033[00m\]\$ VIRTUAL_ENV_PROMPT=(venv-ardupilot) /usr/bin/cmake /home/aditya/Dexter/dexter_msgs -DCMAKE_INSTALL_PREFIX=/home/aditya/Dexter/install/dexter_msgs
[0.100s] -- Found ament_cmake: 2.5.5 (/opt/ros/jazzy/share/ament_cmake/cmake)
[0.181s] -- Found Python3: /home/aditya/venv-ardupilot/bin/python3 (found version "3.12.3") found components: Interpreter 
[0.402s] -- Override CMake install command with custom implementation using symlinks instead of copying resources
[0.423s] -- Found std_msgs: 5.3.6 (/opt/ros/jazzy/share/std_msgs/cmake)
[0.521s] -- Found rosidl_generator_c: 4.6.7 (/opt/ros/jazzy/share/rosidl_generator_c/cmake)
[0.552s] -- Found rosidl_generator_cpp: 4.6.7 (/opt/ros/jazzy/share/rosidl_generator_cpp/cmake)
[0.589s] -- Using all available rosidl_typesupport_c: rosidl_typesupport_fastrtps_c;rosidl_typesupport_introspection_c
[0.643s] -- Using all available rosidl_typesupport_cpp: rosidl_typesupport_fastrtps_cpp;rosidl_typesupport_introspection_cpp
[0.724s] -- Found rosidl_default_generators: 1.6.0 (/opt/ros/jazzy/share/rosidl_default_generators/cmake)
[0.752s] -- Found rosidl_adapter: 4.6.7 (/opt/ros/jazzy/share/rosidl_adapter/cmake)
[1.721s] -- Found ament_cmake_ros: 0.12.0 (/opt/ros/jazzy/share/ament_cmake_ros/cmake)
[2.222s] -- Using all available rosidl_typesupport_c: rosidl_typesupport_fastrtps_c;rosidl_typesupport_introspection_c
[2.421s] -- Using all available rosidl_typesupport_cpp: rosidl_typesupport_fastrtps_cpp;rosidl_typesupport_introspection_cpp
[2.426s] -- Found python_cmake_module: 0.11.1 (/opt/ros/jazzy/share/python_cmake_module/cmake)
[3.272s] -- Found Python3: /home/aditya/venv-ardupilot/bin/python3 (found version "3.12.3") found components: Interpreter Development NumPy Development.Module Development.Embed 
[3.343s] -- Configuring done (3.3s)
[3.447s] -- Generating done (0.1s)
[3.475s] -- Build files have been written to: /home/aditya/Dexter/build/dexter_msgs
[3.491s] Invoked command in '/home/aditya/Dexter/build/dexter_msgs' returned '0': CMAKE_PREFIX_PATH=${CMAKE_PREFIX_PATH}:/home/aditya/Dexter/install/dexter_py_examples:/home/aditya/ros2_ws/install/my_py_pkg:/opt/ros/jazzy DEBUGINFOD_URLS=https://debuginfod.ubuntu.com PS1=\[\e]0;\u@\h: \w\a\]${debian_chroot:+($debian_chroot)}\[\033[01;32m\]\u@\h\[\033[00m\]:\[\033[01;34m\]\w\[\033[00m\]\$ VIRTUAL_ENV_PROMPT=(venv-ardupilot) /usr/bin/cmake /home/aditya/Dexter/dexter_msgs -DCMAKE_INSTALL_PREFIX=/home/aditya/Dexter/install/dexter_msgs
[3.494s] Invoking command in '/home/aditya/Dexter/build/dexter_msgs': CMAKE_PREFIX_PATH=${CMAKE_PREFIX_PATH}:/home/aditya/Dexter/install/dexter_py_examples:/home/aditya/ros2_ws/install/my_py_pkg:/opt/ros/jazzy DEBUGINFOD_URLS=https://debuginfod.ubuntu.com PS1=\[\e]0;\u@\h: \w\a\]${debian_chroot:+($debian_chroot)}\[\033[01;32m\]\u@\h\[\033[00m\]:\[\033[01;34m\]\w\[\033[00m\]\$ VIRTUAL_ENV_PROMPT=(venv-ardupilot) /usr/bin/cmake --build /home/aditya/Dexter/build/dexter_msgs -- -j28 -l28
[3.647s] [  1%] Built target dexter_msgs__rosidl_generator_type_description
[3.675s] [  1%] Built target ament_cmake_python_symlink_dexter_msgs
[3.713s] [  2%] Built target dexter_msgs__cpp
[3.730s] [ 25%] Built target dexter_msgs__rosidl_generator_c
[3.808s] [ 35%] Built target dexter_msgs__rosidl_typesupport_c
[3.812s] [ 44%] Built target dexter_msgs__rosidl_typesupport_introspection_c
[3.817s] [ 54%] Built target dexter_msgs__rosidl_typesupport_fastrtps_cpp
[3.818s] [ 63%] Built target dexter_msgs__rosidl_typesupport_introspection_cpp
[3.829s] [ 72%] Built target dexter_msgs__rosidl_typesupport_cpp
[3.830s] [ 82%] Built target dexter_msgs__rosidl_typesupport_fastrtps_c
[3.895s] [ 82%] Built target dexter_msgs
[3.964s] [ 83%] Built target dexter_msgs__py
[4.053s] [ 91%] Built target dexter_msgs__rosidl_generator_py
[4.121s] [ 94%] Built target dexter_msgs_s__rosidl_typesupport_fastrtps_c
[4.122s] [ 97%] Built target dexter_msgs_s__rosidl_typesupport_introspection_c
[4.127s] [100%] Built target dexter_msgs_s__rosidl_typesupport_c
[4.332s] running egg_info
[4.392s] writing dexter_msgs.egg-info/PKG-INFO
[4.393s] writing dependency_links to dexter_msgs.egg-info/dependency_links.txt
[4.393s] writing top-level names to dexter_msgs.egg-info/top_level.txt
[4.555s] reading manifest file 'dexter_msgs.egg-info/SOURCES.txt'
[4.557s] writing manifest file 'dexter_msgs.egg-info/SOURCES.txt'
[4.632s] [100%] Built target ament_cmake_python_build_dexter_msgs_egg
[4.666s] Invoked command in '/home/aditya/Dexter/build/dexter_msgs' returned '0': CMAKE_PREFIX_PATH=${CMAKE_PREFIX_PATH}:/home/aditya/Dexter/install/dexter_py_examples:/home/aditya/ros2_ws/install/my_py_pkg:/opt/ros/jazzy DEBUGINFOD_URLS=https://debuginfod.ubuntu.com PS1=\[\e]0;\u@\h: \w\a\]${debian_chroot:+($debian_chroot)}\[\033[01;32m\]\u@\h\[\033[00m\]:\[\033[01;34m\]\w\[\033[00m\]\$ VIRTUAL_ENV_PROMPT=(venv-ardupilot) /usr/bin/cmake --build /home/aditya/Dexter/build/dexter_msgs -- -j28 -l28
[4.669s] Invoking command in '/home/aditya/Dexter/build/dexter_msgs': CMAKE_PREFIX_PATH=${CMAKE_PREFIX_PATH}:/home/aditya/Dexter/install/dexter_py_examples:/home/aditya/ros2_ws/install/my_py_pkg:/opt/ros/jazzy DEBUGINFOD_URLS=https://debuginfod.ubuntu.com PS1=\[\e]0;\u@\h: \w\a\]${debian_chroot:+($debian_chroot)}\[\033[01;32m\]\u@\h\[\033[00m\]:\[\033[01;34m\]\w\[\033[00m\]\$ VIRTUAL_ENV_PROMPT=(venv-ardupilot) /usr/bin/cmake --install /home/aditya/Dexter/build/dexter_msgs
[4.696s] -- Install configuration: ""
[4.697s] -- Execute custom install script
[4.698s] -- Up-to-date symlink: /home/aditya/Dexter/install/dexter_msgs/share/ament_index/resource_index/rosidl_interfaces/dexter_msgs
[4.698s] -- Up-to-date symlink: /home/aditya/Dexter/install/dexter_msgs/share/dexter_msgs/srv/AddTwoInts.json
[4.699s] -- Up-to-date symlink: /home/aditya/Dexter/install/dexter_msgs/share/dexter_msgs/srv/EulerToQuaternion.json
[4.699s] -- Up-to-date symlink: /home/aditya/Dexter/install/dexter_msgs/share/dexter_msgs/srv/QuaternionToEuler.json
[4.700s] -- Up-to-date symlink: /home/aditya/Dexter/install/dexter_msgs/share/dexter_msgs/action/Fibonacci.json
[4.700s] -- Up-to-date symlink: /home/aditya/Dexter/install/dexter_msgs/share/dexter_msgs/action/DexterTask.json
[4.701s] -- Up-to-date symlink: /home/aditya/Dexter/install/dexter_msgs/include/dexter_msgs/dexter_msgs/action/detail/dexter_task__functions.h
[4.702s] -- Up-to-date symlink: /home/aditya/Dexter/install/dexter_msgs/include/dexter_msgs/dexter_msgs/action/detail/dexter_task__struct.h
[4.702s] -- Up-to-date symlink: /home/aditya/Dexter/install/dexter_msgs/include/dexter_msgs/dexter_msgs/action/detail/dexter_task__type_support.h
[4.702s] -- Up-to-date symlink: /home/aditya/Dexter/install/dexter_msgs/include/dexter_msgs/dexter_msgs/action/detail/fibonacci__functions.h
[4.703s] -- Up-to-date symlink: /home/aditya/Dexter/install/dexter_msgs/include/dexter_msgs/dexter_msgs/action/detail/fibonacci__struct.h
[4.703s] -- Up-to-date symlink: /home/aditya/Dexter/install/dexter_msgs/include/dexter_msgs/dexter_msgs/action/detail/fibonacci__type_support.h
[4.703s] -- Up-to-date symlink: /home/aditya/Dexter/install/dexter_msgs/include/dexter_msgs/dexter_msgs/action/dexter_task.h
[4.704s] -- Up-to-date symlink: /home/aditya/Dexter/install/dexter_msgs/include/dexter_msgs/dexter_msgs/action/fibonacci.h
[4.704s] -- Up-to-date symlink: /home/aditya/Dexter/install/dexter_msgs/include/dexter_msgs/dexter_msgs/msg/rosidl_generator_c__visibility_control.h
[4.704s] -- Up-to-date symlink: /home/aditya/Dexter/install/dexter_msgs/include/dexter_msgs/dexter_msgs/srv/add_two_ints.h
[4.705s] -- Up-to-date symlink: /home/aditya/Dexter/install/dexter_msgs/include/dexter_msgs/dexter_msgs/srv/detail/add_two_ints__functions.h
[4.705s] -- Up-to-date symlink: /home/aditya/Dexter/install/dexter_msgs/include/dexter_msgs/dexter_msgs/srv/detail/add_two_ints__struct.h
[4.705s] -- Up-to-date symlink: /home/aditya/Dexter/install/dexter_msgs/include/dexter_msgs/dexter_msgs/srv/detail/add_two_ints__type_support.h
[4.706s] -- Up-to-date symlink: /home/aditya/Dexter/install/dexter_msgs/include/dexter_msgs/dexter_msgs/srv/detail/euler_to_quaternion__functions.h
[4.706s] -- Up-to-date symlink: /home/aditya/Dexter/install/dexter_msgs/include/dexter_msgs/dexter_msgs/srv/detail/euler_to_quaternion__struct.h
[4.706s] -- Up-to-date symlink: /home/aditya/Dexter/install/dexter_msgs/include/dexter_msgs/dexter_msgs/srv/detail/euler_to_quaternion__type_support.h
[4.706s] -- Up-to-date symlink: /home/aditya/Dexter/install/dexter_msgs/include/dexter_msgs/dexter_msgs/srv/detail/quaternion_to_euler__functions.h
[4.707s] -- Up-to-date symlink: /home/aditya/Dexter/install/dexter_msgs/include/dexter_msgs/dexter_msgs/srv/detail/quaternion_to_euler__struct.h
[4.707s] -- Up-to-date symlink: /home/aditya/Dexter/install/dexter_msgs/include/dexter_msgs/dexter_msgs/srv/detail/quaternion_to_euler__type_support.h
[4.707s] -- Up-to-date symlink: /home/aditya/Dexter/install/dexter_msgs/include/dexter_msgs/dexter_msgs/srv/euler_to_quaternion.h
[4.708s] -- Up-to-date symlink: /home/aditya/Dexter/install/dexter_msgs/include/dexter_msgs/dexter_msgs/srv/quaternion_to_euler.h
[4.708s] -- Up-to-date symlink: /home/aditya/Dexter/install/dexter_msgs/share/dexter_msgs/environment/library_path.sh
[4.708s] -- Up-to-date symlink: /home/aditya/Dexter/install/dexter_msgs/share/dexter_msgs/environment/library_path.dsv
[4.708s] -- Up-to-date symlink: /home/aditya/Dexter/install/dexter_msgs/include/dexter_msgs/dexter_msgs/action/detail/dexter_task__rosidl_typesupport_fastrtps_c.h
[4.709s] -- Up-to-date symlink: /home/aditya/Dexter/install/dexter_msgs/include/dexter_msgs/dexter_msgs/action/detail/fibonacci__rosidl_typesupport_fastrtps_c.h
[4.709s] -- Up-to-date symlink: /home/aditya/Dexter/install/dexter_msgs/include/dexter_msgs/dexter_msgs/msg/rosidl_typesupport_fastrtps_c__visibility_control.h
[4.709s] -- Up-to-date symlink: /home/aditya/Dexter/install/dexter_msgs/include/dexter_msgs/dexter_msgs/srv/detail/add_two_ints__rosidl_typesupport_fastrtps_c.h
[4.709s] -- Up-to-date symlink: /home/aditya/Dexter/install/dexter_msgs/include/dexter_msgs/dexter_msgs/srv/detail/euler_to_quaternion__rosidl_typesupport_fastrtps_c.h
[4.710s] -- Up-to-date symlink: /home/aditya/Dexter/install/dexter_msgs/include/dexter_msgs/dexter_msgs/srv/detail/quaternion_to_euler__rosidl_typesupport_fastrtps_c.h
[4.711s] -- Up-to-date symlink: /home/aditya/Dexter/install/dexter_msgs/include/dexter_msgs/dexter_msgs/action/detail/dexter_task__builder.hpp
[4.711s] -- Up-to-date symlink: /home/aditya/Dexter/install/dexter_msgs/include/dexter_msgs/dexter_msgs/action/detail/dexter_task__struct.hpp
[4.711s] -- Up-to-date symlink: /home/aditya/Dexter/install/dexter_msgs/include/dexter_msgs/dexter_msgs/action/detail/dexter_task__traits.hpp
[4.711s] -- Up-to-date symlink: /home/aditya/Dexter/install/dexter_msgs/include/dexter_msgs/dexter_msgs/action/detail/dexter_task__type_support.hpp
[4.712s] -- Up-to-date symlink: /home/aditya/Dexter/install/dexter_msgs/include/dexter_msgs/dexter_msgs/action/detail/fibonacci__builder.hpp
[4.712s] -- Up-to-date symlink: /home/aditya/Dexter/install/dexter_msgs/include/dexter_msgs/dexter_msgs/action/detail/fibonacci__struct.hpp
[4.712s] -- Up-to-date symlink: /home/aditya/Dexter/install/dexter_msgs/include/dexter_msgs/dexter_msgs/action/detail/fibonacci__traits.hpp
[4.713s] -- Up-to-date symlink: /home/aditya/Dexter/install/dexter_msgs/include/dexter_msgs/dexter_msgs/action/detail/fibonacci__type_support.hpp
[4.713s] -- Up-to-date symlink: /home/aditya/Dexter/install/dexter_msgs/include/dexter_msgs/dexter_msgs/action/dexter_task.hpp
[4.713s] -- Up-to-date symlink: /home/aditya/Dexter/install/dexter_msgs/include/dexter_msgs/dexter_msgs/action/fibonacci.hpp
[4.713s] -- Up-to-date symlink: /home/aditya/Dexter/install/dexter_msgs/include/dexter_msgs/dexter_msgs/msg/rosidl_generator_cpp__visibility_control.hpp
[4.714s] -- Up-to-date symlink: /home/aditya/Dexter/install/dexter_msgs/include/dexter_msgs/dexter_msgs/srv/add_two_ints.hpp
[4.714s] -- Up-to-date symlink: /home/aditya/Dexter/install/dexter_msgs/include/dexter_msgs/dexter_msgs/srv/detail/add_two_ints__builder.hpp
[4.714s] -- Up-to-date symlink: /home/aditya/Dexter/install/dexter_msgs/include/dexter_msgs/dexter_msgs/srv/detail/add_two_ints__struct.hpp
[4.714s] -- Up-to-date symlink: /home/aditya/Dexter/install/dexter_msgs/include/dexter_msgs/dexter_msgs/srv/detail/add_two_ints__traits.hpp
[4.715s] -- Up-to-date symlink: /home/aditya/Dexter/install/dexter_msgs/include/dexter_msgs/dexter_msgs/srv/detail/add_two_ints__type_support.hpp
[4.715s] -- Up-to-date symlink: /home/aditya/Dexter/install/dexter_msgs/include/dexter_msgs/dexter_msgs/srv/detail/euler_to_quaternion__builder.hpp
[4.715s] -- Up-to-date symlink: /home/aditya/Dexter/install/dexter_msgs/include/dexter_msgs/dexter_msgs/srv/detail/euler_to_quaternion__struct.hpp
[4.715s] -- Up-to-date symlink: /home/aditya/Dexter/install/dexter_msgs/include/dexter_msgs/dexter_msgs/srv/detail/euler_to_quaternion__traits.hpp
[4.715s] -- Up-to-date symlink: /home/aditya/Dexter/install/dexter_msgs/include/dexter_msgs/dexter_msgs/srv/detail/euler_to_quaternion__type_support.hpp
[4.715s] -- Up-to-date symlink: /home/aditya/Dexter/install/dexter_msgs/include/dexter_msgs/dexter_msgs/srv/detail/quaternion_to_euler__builder.hpp
[4.716s] -- Up-to-date symlink: /home/aditya/Dexter/install/dexter_msgs/include/dexter_msgs/dexter_msgs/srv/detail/quaternion_to_euler__struct.hpp
[4.716s] -- Up-to-date symlink: /home/aditya/Dexter/install/dexter_msgs/include/dexter_msgs/dexter_msgs/srv/detail/quaternion_to_euler__traits.hpp
[4.716s] -- Up-to-date symlink: /home/aditya/Dexter/install/dexter_msgs/include/dexter_msgs/dexter_msgs/srv/detail/quaternion_to_euler__type_support.hpp
[4.716s] -- Up-to-date symlink: /home/aditya/Dexter/install/dexter_msgs/include/dexter_msgs/dexter_msgs/srv/euler_to_quaternion.hpp
[4.716s] -- Up-to-date symlink: /home/aditya/Dexter/install/dexter_msgs/include/dexter_msgs/dexter_msgs/srv/quaternion_to_euler.hpp
[4.716s] -- Up-to-date symlink: /home/aditya/Dexter/install/dexter_msgs/include/dexter_msgs/dexter_msgs/action/detail/dexter_task__rosidl_typesupport_fastrtps_cpp.hpp
[4.716s] -- Up-to-date symlink: /home/aditya/Dexter/install/dexter_msgs/include/dexter_msgs/dexter_msgs/action/detail/fibonacci__rosidl_typesupport_fastrtps_cpp.hpp
[4.717s] -- Up-to-date symlink: /home/aditya/Dexter/install/dexter_msgs/include/dexter_msgs/dexter_msgs/msg/rosidl_typesupport_fastrtps_cpp__visibility_control.h
[4.717s] -- Up-to-date symlink: /home/aditya/Dexter/install/dexter_msgs/include/dexter_msgs/dexter_msgs/srv/detail/add_two_ints__rosidl_typesupport_fastrtps_cpp.hpp
[4.717s] -- Up-to-date symlink: /home/aditya/Dexter/install/dexter_msgs/include/dexter_msgs/dexter_msgs/srv/detail/euler_to_quaternion__rosidl_typesupport_fastrtps_cpp.hpp
[4.717s] -- Up-to-date symlink: /home/aditya/Dexter/install/dexter_msgs/include/dexter_msgs/dexter_msgs/srv/detail/quaternion_to_euler__rosidl_typesupport_fastrtps_cpp.hpp
[4.718s] -- Up-to-date symlink: /home/aditya/Dexter/install/dexter_msgs/include/dexter_msgs/dexter_msgs/action/detail/dexter_task__rosidl_typesupport_introspection_c.h
[4.718s] -- Up-to-date symlink: /home/aditya/Dexter/install/dexter_msgs/include/dexter_msgs/dexter_msgs/action/detail/fibonacci__rosidl_typesupport_introspection_c.h
[4.719s] -- Up-to-date symlink: /home/aditya/Dexter/install/dexter_msgs/include/dexter_msgs/dexter_msgs/msg/rosidl_typesupport_introspection_c__visibility_control.h
[4.719s] -- Up-to-date symlink: /home/aditya/Dexter/install/dexter_msgs/include/dexter_msgs/dexter_msgs/srv/detail/add_two_ints__rosidl_typesupport_introspection_c.h
[4.719s] -- Up-to-date symlink: /home/aditya/Dexter/install/dexter_msgs/include/dexter_msgs/dexter_msgs/srv/detail/euler_to_quaternion__rosidl_typesupport_introspection_c.h
[4.719s] -- Up-to-date symlink: /home/aditya/Dexter/install/dexter_msgs/include/dexter_msgs/dexter_msgs/srv/detail/quaternion_to_euler__rosidl_typesupport_introspection_c.h
[4.720s] -- Up-to-date symlink: /home/aditya/Dexter/install/dexter_msgs/include/dexter_msgs/dexter_msgs/action/detail/dexter_task__rosidl_typesupport_introspection_cpp.hpp
[4.721s] -- Up-to-date symlink: /home/aditya/Dexter/install/dexter_msgs/include/dexter_msgs/dexter_msgs/action/detail/fibonacci__rosidl_typesupport_introspection_cpp.hpp
[4.721s] -- Up-to-date symlink: /home/aditya/Dexter/install/dexter_msgs/include/dexter_msgs/dexter_msgs/srv/detail/add_two_ints__rosidl_typesupport_introspection_cpp.hpp
[4.722s] -- Up-to-date symlink: /home/aditya/Dexter/install/dexter_msgs/include/dexter_msgs/dexter_msgs/srv/detail/euler_to_quaternion__rosidl_typesupport_introspection_cpp.hpp
[4.722s] -- Up-to-date symlink: /home/aditya/Dexter/install/dexter_msgs/include/dexter_msgs/dexter_msgs/srv/detail/quaternion_to_euler__rosidl_typesupport_introspection_cpp.hpp
[4.722s] -- Up-to-date symlink: /home/aditya/Dexter/install/dexter_msgs/share/dexter_msgs/environment/pythonpath.sh
[4.723s] -- Up-to-date symlink: /home/aditya/Dexter/install/dexter_msgs/share/dexter_msgs/environment/pythonpath.dsv
[4.723s] -- Up-to-date symlink: /home/aditya/Dexter/install/dexter_msgs/lib/python3.12/site-packages/dexter_msgs-0.0.0-py3.12.egg-info/PKG-INFO
[4.723s] -- Up-to-date symlink: /home/aditya/Dexter/install/dexter_msgs/lib/python3.12/site-packages/dexter_msgs-0.0.0-py3.12.egg-info/SOURCES.txt
[4.724s] -- Up-to-date symlink: /home/aditya/Dexter/install/dexter_msgs/lib/python3.12/site-packages/dexter_msgs-0.0.0-py3.12.egg-info/dependency_links.txt
[4.724s] -- Up-to-date symlink: /home/aditya/Dexter/install/dexter_msgs/lib/python3.12/site-packages/dexter_msgs-0.0.0-py3.12.egg-info/top_level.txt
[4.724s] -- Up-to-date symlink: /home/aditya/Dexter/install/dexter_msgs/lib/python3.12/site-packages/dexter_msgs/__init__.py
[4.725s] -- Up-to-date symlink: /home/aditya/Dexter/install/dexter_msgs/lib/python3.12/site-packages/dexter_msgs/_dexter_msgs_s.ep.rosidl_typesupport_c.c
[4.725s] -- Up-to-date symlink: /home/aditya/Dexter/install/dexter_msgs/lib/python3.12/site-packages/dexter_msgs/_dexter_msgs_s.ep.rosidl_typesupport_fastrtps_c.c
[4.725s] -- Up-to-date symlink: /home/aditya/Dexter/install/dexter_msgs/lib/python3.12/site-packages/dexter_msgs/_dexter_msgs_s.ep.rosidl_typesupport_introspection_c.c
[4.726s] -- Up-to-date symlink: /home/aditya/Dexter/install/dexter_msgs/lib/python3.12/site-packages/dexter_msgs/action/__init__.py
[4.726s] -- Up-to-date symlink: /home/aditya/Dexter/install/dexter_msgs/lib/python3.12/site-packages/dexter_msgs/action/_dexter_task.py
[4.726s] -- Up-to-date symlink: /home/aditya/Dexter/install/dexter_msgs/lib/python3.12/site-packages/dexter_msgs/action/_dexter_task_s.c
[4.727s] -- Up-to-date symlink: /home/aditya/Dexter/install/dexter_msgs/lib/python3.12/site-packages/dexter_msgs/action/_fibonacci.py
[4.727s] -- Up-to-date symlink: /home/aditya/Dexter/install/dexter_msgs/lib/python3.12/site-packages/dexter_msgs/action/_fibonacci_s.c
[4.727s] -- Up-to-date symlink: /home/aditya/Dexter/install/dexter_msgs/lib/python3.12/site-packages/dexter_msgs/dexter_msgs_s__rosidl_typesupport_c.so
[4.727s] -- Up-to-date symlink: /home/aditya/Dexter/install/dexter_msgs/lib/python3.12/site-packages/dexter_msgs/dexter_msgs_s__rosidl_typesupport_fastrtps_c.so
[4.728s] -- Up-to-date symlink: /home/aditya/Dexter/install/dexter_msgs/lib/python3.12/site-packages/dexter_msgs/dexter_msgs_s__rosidl_typesupport_introspection_c.so
[4.728s] -- Up-to-date symlink: /home/aditya/Dexter/install/dexter_msgs/lib/python3.12/site-packages/dexter_msgs/srv/__init__.py
[4.728s] -- Up-to-date symlink: /home/aditya/Dexter/install/dexter_msgs/lib/python3.12/site-packages/dexter_msgs/srv/_add_two_ints.py
[4.729s] -- Up-to-date symlink: /home/aditya/Dexter/install/dexter_msgs/lib/python3.12/site-packages/dexter_msgs/srv/_add_two_ints_s.c
[4.729s] -- Up-to-date symlink: /home/aditya/Dexter/install/dexter_msgs/lib/python3.12/site-packages/dexter_msgs/srv/_euler_to_quaternion.py
[4.729s] -- Up-to-date symlink: /home/aditya/Dexter/install/dexter_msgs/lib/python3.12/site-packages/dexter_msgs/srv/_euler_to_quaternion_s.c
[4.730s] -- Up-to-date symlink: /home/aditya/Dexter/install/dexter_msgs/lib/python3.12/site-packages/dexter_msgs/srv/_quaternion_to_euler.py
[4.730s] -- Up-to-date symlink: /home/aditya/Dexter/install/dexter_msgs/lib/python3.12/site-packages/dexter_msgs/srv/_quaternion_to_euler_s.c
[4.730s] -- Up-to-date symlink: /home/aditya/Dexter/install/dexter_msgs/lib/python3.12/site-packages/dexter_msgs/dexter_msgs_s__rosidl_typesupport_fastrtps_c.so
[4.730s] -- Up-to-date symlink: /home/aditya/Dexter/install/dexter_msgs/lib/python3.12/site-packages/dexter_msgs/dexter_msgs_s__rosidl_typesupport_introspection_c.so
[4.731s] -- Up-to-date symlink: /home/aditya/Dexter/install/dexter_msgs/lib/python3.12/site-packages/dexter_msgs/dexter_msgs_s__rosidl_typesupport_c.so
[4.732s] -- Up-to-date symlink: /home/aditya/Dexter/install/dexter_msgs/share/dexter_msgs/srv/AddTwoInts.idl
[4.732s] -- Up-to-date symlink: /home/aditya/Dexter/install/dexter_msgs/share/dexter_msgs/srv/EulerToQuaternion.idl
[4.732s] -- Up-to-date symlink: /home/aditya/Dexter/install/dexter_msgs/share/dexter_msgs/srv/QuaternionToEuler.idl
[4.733s] -- Up-to-date symlink: /home/aditya/Dexter/install/dexter_msgs/share/dexter_msgs/action/Fibonacci.idl
[4.733s] -- Up-to-date symlink: /home/aditya/Dexter/install/dexter_msgs/share/dexter_msgs/action/DexterTask.idl
[4.733s] -- Up-to-date symlink: /home/aditya/Dexter/install/dexter_msgs/share/dexter_msgs/srv/AddTwoInts.srv
[4.734s] -- Up-to-date symlink: /home/aditya/Dexter/install/dexter_msgs/share/dexter_msgs/srv/EulerToQuaternion.srv
[4.734s] -- Up-to-date symlink: /home/aditya/Dexter/install/dexter_msgs/share/dexter_msgs/srv/QuaternionToEuler.srv
[4.734s] -- Up-to-date symlink: /home/aditya/Dexter/install/dexter_msgs/share/dexter_msgs/action/Fibonacci.action
[4.735s] -- Up-to-date symlink: /home/aditya/Dexter/install/dexter_msgs/share/dexter_msgs/action/DexterTask.action
[4.735s] -- Up-to-date symlink: /home/aditya/Dexter/install/dexter_msgs/share/ament_index/resource_index/package_run_dependencies/dexter_msgs
[4.735s] -- Up-to-date symlink: /home/aditya/Dexter/install/dexter_msgs/share/ament_index/resource_index/parent_prefix_path/dexter_msgs
[4.736s] -- Up-to-date symlink: /home/aditya/Dexter/install/dexter_msgs/share/dexter_msgs/environment/ament_prefix_path.sh
[4.736s] -- Up-to-date symlink: /home/aditya/Dexter/install/dexter_msgs/share/dexter_msgs/environment/ament_prefix_path.dsv
[4.736s] -- Up-to-date symlink: /home/aditya/Dexter/install/dexter_msgs/share/dexter_msgs/environment/path.sh
[4.736s] -- Up-to-date symlink: /home/aditya/Dexter/install/dexter_msgs/share/dexter_msgs/environment/path.dsv
[4.737s] -- Up-to-date symlink: /home/aditya/Dexter/install/dexter_msgs/share/dexter_msgs/local_setup.bash
[4.737s] -- Up-to-date symlink: /home/aditya/Dexter/install/dexter_msgs/share/dexter_msgs/local_setup.sh
[4.737s] -- Up-to-date symlink: /home/aditya/Dexter/install/dexter_msgs/share/dexter_msgs/local_setup.zsh
[4.738s] -- Up-to-date symlink: /home/aditya/Dexter/install/dexter_msgs/share/dexter_msgs/local_setup.dsv
[4.738s] -- Symlinking: /home/aditya/Dexter/install/dexter_msgs/share/dexter_msgs/package.dsv
[4.766s] -- Up-to-date symlink: /home/aditya/Dexter/install/dexter_msgs/share/ament_index/resource_index/packages/dexter_msgs
[4.766s] -- Up-to-date symlink: /home/aditya/Dexter/install/dexter_msgs/share/dexter_msgs/cmake/rosidl_cmake-extras.cmake
[4.767s] -- Up-to-date symlink: /home/aditya/Dexter/install/dexter_msgs/share/dexter_msgs/cmake/ament_cmake_export_dependencies-extras.cmake
[4.767s] -- Up-to-date symlink: /home/aditya/Dexter/install/dexter_msgs/share/dexter_msgs/cmake/ament_cmake_export_include_directories-extras.cmake
[4.767s] -- Up-to-date symlink: /home/aditya/Dexter/install/dexter_msgs/share/dexter_msgs/cmake/ament_cmake_export_libraries-extras.cmake
[4.768s] -- Up-to-date symlink: /home/aditya/Dexter/install/dexter_msgs/share/dexter_msgs/cmake/ament_cmake_export_targets-extras.cmake
[4.768s] -- Up-to-date symlink: /home/aditya/Dexter/install/dexter_msgs/share/dexter_msgs/cmake/rosidl_cmake_export_typesupport_targets-extras.cmake
[4.769s] -- Up-to-date symlink: /home/aditya/Dexter/install/dexter_msgs/share/dexter_msgs/cmake/rosidl_cmake_export_typesupport_libraries-extras.cmake
[4.769s] -- Up-to-date symlink: /home/aditya/Dexter/install/dexter_msgs/share/dexter_msgs/cmake/dexter_msgsConfig.cmake
[4.769s] -- Up-to-date symlink: /home/aditya/Dexter/install/dexter_msgs/share/dexter_msgs/cmake/dexter_msgsConfig-version.cmake
[4.770s] -- Up-to-date symlink: /home/aditya/Dexter/install/dexter_msgs/share/dexter_msgs/package.xml
[4.770s] -- Up-to-date: /home/aditya/Dexter/install/dexter_msgs/lib/libdexter_msgs__rosidl_generator_c.so
[4.770s] -- Up-to-date: /home/aditya/Dexter/install/dexter_msgs/lib/libdexter_msgs__rosidl_typesupport_fastrtps_c.so
[4.771s] -- Up-to-date: /home/aditya/Dexter/install/dexter_msgs/lib/libdexter_msgs__rosidl_typesupport_fastrtps_cpp.so
[4.771s] -- Up-to-date: /home/aditya/Dexter/install/dexter_msgs/lib/libdexter_msgs__rosidl_typesupport_introspection_c.so
[4.772s] -- Up-to-date: /home/aditya/Dexter/install/dexter_msgs/lib/libdexter_msgs__rosidl_typesupport_c.so
[4.773s] -- Up-to-date: /home/aditya/Dexter/install/dexter_msgs/lib/libdexter_msgs__rosidl_typesupport_introspection_cpp.so
[4.773s] -- Up-to-date: /home/aditya/Dexter/install/dexter_msgs/lib/libdexter_msgs__rosidl_typesupport_cpp.so
[4.876s] Listing '/home/aditya/Dexter/install/dexter_msgs/lib/python3.12/site-packages/dexter_msgs'...
[4.876s] Compiling '/home/aditya/Dexter/install/dexter_msgs/lib/python3.12/site-packages/dexter_msgs/__init__.py'...
[4.877s] Listing '/home/aditya/Dexter/install/dexter_msgs/lib/python3.12/site-packages/dexter_msgs/action'...
[4.877s] Listing '/home/aditya/Dexter/install/dexter_msgs/lib/python3.12/site-packages/dexter_msgs/srv'...
[4.891s] -- Up-to-date: /home/aditya/Dexter/install/dexter_msgs/lib/libdexter_msgs__rosidl_generator_py.so
[4.892s] -- Up-to-date: /home/aditya/Dexter/install/dexter_msgs/share/dexter_msgs/cmake/export_dexter_msgs__rosidl_generator_cExport.cmake
[4.892s] -- Up-to-date: /home/aditya/Dexter/install/dexter_msgs/share/dexter_msgs/cmake/export_dexter_msgs__rosidl_generator_cExport-noconfig.cmake
[4.893s] -- Up-to-date: /home/aditya/Dexter/install/dexter_msgs/share/dexter_msgs/cmake/export_dexter_msgs__rosidl_typesupport_fastrtps_cExport.cmake
[4.893s] -- Up-to-date: /home/aditya/Dexter/install/dexter_msgs/share/dexter_msgs/cmake/export_dexter_msgs__rosidl_typesupport_fastrtps_cExport-noconfig.cmake
[4.893s] -- Up-to-date: /home/aditya/Dexter/install/dexter_msgs/share/dexter_msgs/cmake/export_dexter_msgs__rosidl_generator_cppExport.cmake
[4.893s] -- Up-to-date: /home/aditya/Dexter/install/dexter_msgs/share/dexter_msgs/cmake/export_dexter_msgs__rosidl_typesupport_fastrtps_cppExport.cmake
[4.893s] -- Up-to-date: /home/aditya/Dexter/install/dexter_msgs/share/dexter_msgs/cmake/export_dexter_msgs__rosidl_typesupport_fastrtps_cppExport-noconfig.cmake
[4.894s] -- Up-to-date: /home/aditya/Dexter/install/dexter_msgs/share/dexter_msgs/cmake/dexter_msgs__rosidl_typesupport_introspection_cExport.cmake
[4.894s] -- Up-to-date: /home/aditya/Dexter/install/dexter_msgs/share/dexter_msgs/cmake/dexter_msgs__rosidl_typesupport_introspection_cExport-noconfig.cmake
[4.894s] -- Up-to-date: /home/aditya/Dexter/install/dexter_msgs/share/dexter_msgs/cmake/dexter_msgs__rosidl_typesupport_cExport.cmake
[4.894s] -- Up-to-date: /home/aditya/Dexter/install/dexter_msgs/share/dexter_msgs/cmake/dexter_msgs__rosidl_typesupport_cExport-noconfig.cmake
[4.894s] -- Up-to-date: /home/aditya/Dexter/install/dexter_msgs/share/dexter_msgs/cmake/dexter_msgs__rosidl_typesupport_introspection_cppExport.cmake
[4.895s] -- Up-to-date: /home/aditya/Dexter/install/dexter_msgs/share/dexter_msgs/cmake/dexter_msgs__rosidl_typesupport_introspection_cppExport-noconfig.cmake
[4.895s] -- Up-to-date: /home/aditya/Dexter/install/dexter_msgs/share/dexter_msgs/cmake/dexter_msgs__rosidl_typesupport_cppExport.cmake
[4.895s] -- Up-to-date: /home/aditya/Dexter/install/dexter_msgs/share/dexter_msgs/cmake/dexter_msgs__rosidl_typesupport_cppExport-noconfig.cmake
[4.895s] -- Up-to-date: /home/aditya/Dexter/install/dexter_msgs/share/dexter_msgs/cmake/export_dexter_msgs__rosidl_generator_pyExport.cmake
[4.895s] -- Up-to-date: /home/aditya/Dexter/install/dexter_msgs/share/dexter_msgs/cmake/export_dexter_msgs__rosidl_generator_pyExport-noconfig.cmake
[4.901s] Invoked command in '/home/aditya/Dexter/build/dexter_msgs' returned '0': CMAKE_PREFIX_PATH=${CMAKE_PREFIX_PATH}:/home/aditya/Dexter/install/dexter_py_examples:/home/aditya/ros2_ws/install/my_py_pkg:/opt/ros/jazzy DEBUGINFOD_URLS=https://debuginfod.ubuntu.com PS1=\[\e]0;\u@\h: \w\a\]${debian_chroot:+($debian_chroot)}\[\033[01;32m\]\u@\h\[\033[00m\]:\[\033[01;34m\]\w\[\033[00m\]\$ VIRTUAL_ENV_PROMPT=(venv-ardupilot) /usr/bin/cmake --install /home/aditya/Dexter/build/dexter_msgs
