[0.025s] Invoking command in '/home/aditya/Dexter/build/dexter_controller': AMENT_PREFIX_PATH=/home/aditya/Dexter/install/dexter_description:${AMENT_PREFIX_PATH} CMAKE_PREFIX_PATH=/home/aditya/Dexter/install/dexter_description:/home/aditya/ros2_ws/install/my_robot_bringup:/home/aditya/ros2_ws/install/my_cpp_pkg:/home/aditya/ros2_ws/install/my_robot_interfaces:/opt/ros/jazzy/opt/gz_sim_vendor:/opt/ros/jazzy/opt/gz_sensors_vendor:/opt/ros/jazzy/opt/gz_physics_vendor:/opt/ros/jazzy/opt/sdformat_vendor:/opt/ros/jazzy/opt/gz_gui_vendor:/opt/ros/jazzy/opt/gz_transport_vendor:/opt/ros/jazzy/opt/gz_rendering_vendor:/opt/ros/jazzy/opt/gz_plugin_vendor:/opt/ros/jazzy/opt/gz_fuel_tools_vendor:/opt/ros/jazzy/opt/gz_msgs_vendor:/opt/ros/jazzy/opt/gz_common_vendor:/opt/ros/jazzy/opt/gz_math_vendor:/opt/ros/jazzy/opt/gz_utils_vendor:/opt/ros/jazzy/opt/gz_tools_vendor:/opt/ros/jazzy/opt/gz_ogre_next_vendor:/opt/ros/jazzy/opt/gz_dartsim_vendor:/opt/ros/jazzy/opt/gz_cmake_vendor:/home/aditya/ros2_ws/install/my_py_pkg:/opt/ros/jazzy DEBUGINFOD_URLS=https://debuginfod.ubuntu.com VIRTUAL_ENV_PROMPT=(venv-ardupilot) /usr/bin/cmake /home/aditya/Dexter/dexter_controller -DAMENT_CMAKE_SYMLINK_INSTALL=1 -DCMAKE_INSTALL_PREFIX=/home/aditya/Dexter/install/dexter_controller
[0.169s] -- The C compiler identification is GNU 13.3.0
[0.323s] -- The CXX compiler identification is GNU 13.3.0
[0.369s] -- Detecting C compiler ABI info
[0.617s] -- Detecting C compiler ABI info - done
[0.646s] -- Check for working C compiler: /usr/bin/cc - skipped
[0.646s] -- Detecting C compile features
[0.647s] -- Detecting C compile features - done
[0.676s] -- Detecting CXX compiler ABI info
[0.958s] -- Detecting CXX compiler ABI info - done
[0.992s] -- Check for working CXX compiler: /usr/bin/c++ - skipped
[0.993s] -- Detecting CXX compile features
[0.994s] -- Detecting CXX compile features - done
[1.006s] -- Found ament_cmake: 2.5.5 (/opt/ros/jazzy/share/ament_cmake/cmake)
[1.460s] -- Found Python3: /home/aditya/venv-ardupilot/bin/python3 (found version "3.12.3") found components: Interpreter 
[1.702s] -- Override CMake install command with custom implementation using symlinks instead of copying resources
[1.852s] -- Found trajectory_msgs: 5.3.6 (/opt/ros/jazzy/share/trajectory_msgs/cmake)
[2.012s] -- Found rosidl_generator_c: 4.6.7 (/opt/ros/jazzy/share/rosidl_generator_c/cmake)
[2.065s] -- Found rosidl_generator_cpp: 4.6.7 (/opt/ros/jazzy/share/rosidl_generator_cpp/cmake)
[2.127s] -- Using all available rosidl_typesupport_c: rosidl_typesupport_fastrtps_c;rosidl_typesupport_introspection_c
[2.196s] -- Using all available rosidl_typesupport_cpp: rosidl_typesupport_fastrtps_cpp;rosidl_typesupport_introspection_cpp
[2.463s] -- Found sensor_msgs: 5.3.6 (/opt/ros/jazzy/share/sensor_msgs/cmake)
[2.601s] -- Found rclcpp: 28.1.16 (/opt/ros/jazzy/share/rclcpp/cmake)
[2.781s] -- Found rmw_implementation_cmake: 7.3.3 (/opt/ros/jazzy/share/rmw_implementation_cmake/cmake)
[2.794s] -- Found rmw_fastrtps_cpp: 8.4.3 (/opt/ros/jazzy/share/rmw_fastrtps_cpp/cmake)
[3.074s] -- Found OpenSSL: /usr/lib/x86_64-linux-gnu/libcrypto.so (found version "3.0.13")  
[3.140s] -- Found FastRTPS: /opt/ros/jazzy/include (Required is at least version "2.13") 
[3.215s] -- Using RMW implementation 'rmw_fastrtps_cpp' as default
[3.467s] -- Found rclpy: 7.1.9 (/opt/ros/jazzy/share/rclpy/cmake)
[3.480s] -- Found hardware_interface: 4.42.2 (/opt/ros/jazzy/share/hardware_interface/cmake)
[4.622s] -- Found PkgConfig: /usr/bin/pkg-config (found version "1.8.1") 
[4.624s] -- Checking for module 'libserial'
[4.671s] --   Found libserial, version 1.0.0
[5.420s] -- Configuring done (5.4s)
[5.519s] -- Generating done (0.1s)
[5.536s] -- Build files have been written to: /home/aditya/Dexter/build/dexter_controller
[5.568s] Invoked command in '/home/aditya/Dexter/build/dexter_controller' returned '0': AMENT_PREFIX_PATH=/home/aditya/Dexter/install/dexter_description:${AMENT_PREFIX_PATH} CMAKE_PREFIX_PATH=/home/aditya/Dexter/install/dexter_description:/home/aditya/ros2_ws/install/my_robot_bringup:/home/aditya/ros2_ws/install/my_cpp_pkg:/home/aditya/ros2_ws/install/my_robot_interfaces:/opt/ros/jazzy/opt/gz_sim_vendor:/opt/ros/jazzy/opt/gz_sensors_vendor:/opt/ros/jazzy/opt/gz_physics_vendor:/opt/ros/jazzy/opt/sdformat_vendor:/opt/ros/jazzy/opt/gz_gui_vendor:/opt/ros/jazzy/opt/gz_transport_vendor:/opt/ros/jazzy/opt/gz_rendering_vendor:/opt/ros/jazzy/opt/gz_plugin_vendor:/opt/ros/jazzy/opt/gz_fuel_tools_vendor:/opt/ros/jazzy/opt/gz_msgs_vendor:/opt/ros/jazzy/opt/gz_common_vendor:/opt/ros/jazzy/opt/gz_math_vendor:/opt/ros/jazzy/opt/gz_utils_vendor:/opt/ros/jazzy/opt/gz_tools_vendor:/opt/ros/jazzy/opt/gz_ogre_next_vendor:/opt/ros/jazzy/opt/gz_dartsim_vendor:/opt/ros/jazzy/opt/gz_cmake_vendor:/home/aditya/ros2_ws/install/my_py_pkg:/opt/ros/jazzy DEBUGINFOD_URLS=https://debuginfod.ubuntu.com VIRTUAL_ENV_PROMPT=(venv-ardupilot) /usr/bin/cmake /home/aditya/Dexter/dexter_controller -DAMENT_CMAKE_SYMLINK_INSTALL=1 -DCMAKE_INSTALL_PREFIX=/home/aditya/Dexter/install/dexter_controller
[5.570s] Invoking command in '/home/aditya/Dexter/build/dexter_controller': AMENT_PREFIX_PATH=/home/aditya/Dexter/install/dexter_description:${AMENT_PREFIX_PATH} CMAKE_PREFIX_PATH=/home/aditya/Dexter/install/dexter_description:/home/aditya/ros2_ws/install/my_robot_bringup:/home/aditya/ros2_ws/install/my_cpp_pkg:/home/aditya/ros2_ws/install/my_robot_interfaces:/opt/ros/jazzy/opt/gz_sim_vendor:/opt/ros/jazzy/opt/gz_sensors_vendor:/opt/ros/jazzy/opt/gz_physics_vendor:/opt/ros/jazzy/opt/sdformat_vendor:/opt/ros/jazzy/opt/gz_gui_vendor:/opt/ros/jazzy/opt/gz_transport_vendor:/opt/ros/jazzy/opt/gz_rendering_vendor:/opt/ros/jazzy/opt/gz_plugin_vendor:/opt/ros/jazzy/opt/gz_fuel_tools_vendor:/opt/ros/jazzy/opt/gz_msgs_vendor:/opt/ros/jazzy/opt/gz_common_vendor:/opt/ros/jazzy/opt/gz_math_vendor:/opt/ros/jazzy/opt/gz_utils_vendor:/opt/ros/jazzy/opt/gz_tools_vendor:/opt/ros/jazzy/opt/gz_ogre_next_vendor:/opt/ros/jazzy/opt/gz_dartsim_vendor:/opt/ros/jazzy/opt/gz_cmake_vendor:/home/aditya/ros2_ws/install/my_py_pkg:/opt/ros/jazzy DEBUGINFOD_URLS=https://debuginfod.ubuntu.com VIRTUAL_ENV_PROMPT=(venv-ardupilot) /usr/bin/cmake --build /home/aditya/Dexter/build/dexter_controller -- -j28 -l28
[5.745s] [ 25%] Building CXX object CMakeFiles/slider_control.dir/src/slider_control.cpp.o
[5.791s] [ 25%] Built target ament_cmake_python_symlink_dexter_controller
[5.793s] [ 50%] Building CXX object CMakeFiles/dexter_controller.dir/src/dexter_interface.cpp.o
[6.482s] running egg_info
[6.541s] creating dexter_controller.egg-info
[6.542s] writing dexter_controller.egg-info/PKG-INFO
[6.542s] writing dependency_links to dexter_controller.egg-info/dependency_links.txt
[6.543s] writing top-level names to dexter_controller.egg-info/top_level.txt
[6.543s] writing manifest file 'dexter_controller.egg-info/SOURCES.txt'
[6.714s] reading manifest file 'dexter_controller.egg-info/SOURCES.txt'
[6.716s] writing manifest file 'dexter_controller.egg-info/SOURCES.txt'
[6.806s] [ 50%] Built target ament_cmake_python_build_dexter_controller_egg
[13.041s] /home/aditya/Dexter/dexter_controller/src/dexter_interface.cpp: In member function ‘virtual dexter_controller::CallbackReturn dexter_controller::DexterInterface::on_init(const hardware_interface::HardwareInfo&)’:
[13.041s] /home/aditya/Dexter/dexter_controller/src/dexter_interface.cpp:46:71: warning: ‘virtual rclcpp_lifecycle::node_interfaces::LifecycleNodeInterface::CallbackReturn hardware_interface::HardwareComponentInterface::on_init(const hardware_interface::HardwareInfo&)’ is deprecated: Use on_init(const HardwareComponentInterfaceParams & params) instead. [-Wdeprecated-declarations]
[13.042s]    46 |   CallbackReturn result = hardware_interface::SystemInterface::on_init(hardware_info);
[13.042s]       |                           ~~~~~~~~~~~~~~~~~~~~~~~~~~~~~~~~~~~~~~~~~~~~^~~~~~~~~~~~~~~
[13.042s] In file included from /opt/ros/jazzy/include/hardware_interface/hardware_interface/system_interface.hpp:18,
[13.042s]                  from /home/aditya/Dexter/dexter_controller/include/dexter_controller/dexter_interface.hpp:5,
[13.043s]                  from /home/aditya/Dexter/dexter_controller/src/dexter_interface.cpp:1:
[13.043s] /opt/ros/jazzy/include/hardware_interface/hardware_interface/hardware_component_interface.hpp:140:26: note: declared here
[13.043s]   140 |   virtual CallbackReturn on_init(const HardwareInfo & hardware_info);
[13.043s]       |                          ^~~~~~~
[18.450s] [ 75%] Linking CXX shared library libdexter_controller.so
[19.011s] [ 75%] Built target dexter_controller
[27.308s] [100%] Linking CXX executable slider_control
[28.139s] [100%] Built target slider_control
[28.171s] Invoked command in '/home/aditya/Dexter/build/dexter_controller' returned '0': AMENT_PREFIX_PATH=/home/aditya/Dexter/install/dexter_description:${AMENT_PREFIX_PATH} CMAKE_PREFIX_PATH=/home/aditya/Dexter/install/dexter_description:/home/aditya/ros2_ws/install/my_robot_bringup:/home/aditya/ros2_ws/install/my_cpp_pkg:/home/aditya/ros2_ws/install/my_robot_interfaces:/opt/ros/jazzy/opt/gz_sim_vendor:/opt/ros/jazzy/opt/gz_sensors_vendor:/opt/ros/jazzy/opt/gz_physics_vendor:/opt/ros/jazzy/opt/sdformat_vendor:/opt/ros/jazzy/opt/gz_gui_vendor:/opt/ros/jazzy/opt/gz_transport_vendor:/opt/ros/jazzy/opt/gz_rendering_vendor:/opt/ros/jazzy/opt/gz_plugin_vendor:/opt/ros/jazzy/opt/gz_fuel_tools_vendor:/opt/ros/jazzy/opt/gz_msgs_vendor:/opt/ros/jazzy/opt/gz_common_vendor:/opt/ros/jazzy/opt/gz_math_vendor:/opt/ros/jazzy/opt/gz_utils_vendor:/opt/ros/jazzy/opt/gz_tools_vendor:/opt/ros/jazzy/opt/gz_ogre_next_vendor:/opt/ros/jazzy/opt/gz_dartsim_vendor:/opt/ros/jazzy/opt/gz_cmake_vendor:/home/aditya/ros2_ws/install/my_py_pkg:/opt/ros/jazzy DEBUGINFOD_URLS=https://debuginfod.ubuntu.com VIRTUAL_ENV_PROMPT=(venv-ardupilot) /usr/bin/cmake --build /home/aditya/Dexter/build/dexter_controller -- -j28 -l28
[28.174s] Invoking command in '/home/aditya/Dexter/build/dexter_controller': AMENT_PREFIX_PATH=/home/aditya/Dexter/install/dexter_description:${AMENT_PREFIX_PATH} CMAKE_PREFIX_PATH=/home/aditya/Dexter/install/dexter_description:/home/aditya/ros2_ws/install/my_robot_bringup:/home/aditya/ros2_ws/install/my_cpp_pkg:/home/aditya/ros2_ws/install/my_robot_interfaces:/opt/ros/jazzy/opt/gz_sim_vendor:/opt/ros/jazzy/opt/gz_sensors_vendor:/opt/ros/jazzy/opt/gz_physics_vendor:/opt/ros/jazzy/opt/sdformat_vendor:/opt/ros/jazzy/opt/gz_gui_vendor:/opt/ros/jazzy/opt/gz_transport_vendor:/opt/ros/jazzy/opt/gz_rendering_vendor:/opt/ros/jazzy/opt/gz_plugin_vendor:/opt/ros/jazzy/opt/gz_fuel_tools_vendor:/opt/ros/jazzy/opt/gz_msgs_vendor:/opt/ros/jazzy/opt/gz_common_vendor:/opt/ros/jazzy/opt/gz_math_vendor:/opt/ros/jazzy/opt/gz_utils_vendor:/opt/ros/jazzy/opt/gz_tools_vendor:/opt/ros/jazzy/opt/gz_ogre_next_vendor:/opt/ros/jazzy/opt/gz_dartsim_vendor:/opt/ros/jazzy/opt/gz_cmake_vendor:/home/aditya/ros2_ws/install/my_py_pkg:/opt/ros/jazzy DEBUGINFOD_URLS=https://debuginfod.ubuntu.com VIRTUAL_ENV_PROMPT=(venv-ardupilot) /usr/bin/cmake --install /home/aditya/Dexter/build/dexter_controller
[28.196s] -- Install configuration: ""
[28.197s] -- Execute custom install script
[28.198s] -- Symlinking: /home/aditya/Dexter/install/dexter_controller/share/dexter_controller//dexter_controller.xml
[28.219s] -- Symlinking: /home/aditya/Dexter/install/dexter_controller/share/dexter_controller/environment/pythonpath.sh
[28.245s] -- Symlinking: /home/aditya/Dexter/install/dexter_controller/share/dexter_controller/environment/pythonpath.dsv
[28.270s] -- Symlinking: /home/aditya/Dexter/install/dexter_controller/lib/python3.12/site-packages/dexter_controller-0.0.0-py3.12.egg-info/PKG-INFO
[28.299s] -- Symlinking: /home/aditya/Dexter/install/dexter_controller/lib/python3.12/site-packages/dexter_controller-0.0.0-py3.12.egg-info/SOURCES.txt
[28.327s] -- Symlinking: /home/aditya/Dexter/install/dexter_controller/lib/python3.12/site-packages/dexter_controller-0.0.0-py3.12.egg-info/dependency_links.txt
[28.352s] -- Symlinking: /home/aditya/Dexter/install/dexter_controller/lib/python3.12/site-packages/dexter_controller-0.0.0-py3.12.egg-info/top_level.txt
[28.381s] -- Symlinking: /home/aditya/Dexter/install/dexter_controller/lib/python3.12/site-packages/dexter_controller/__init__.py
[28.405s] -- Symlinking: /home/aditya/Dexter/install/dexter_controller/lib/python3.12/site-packages/dexter_controller/slider_control.py
[28.429s] -- Symlinking: /home/aditya/Dexter/install/dexter_controller/lib/dexter_controller/slider_control
[28.462s] -- Symlinking: /home/aditya/Dexter/install/dexter_controller/lib/libdexter_controller.so
[28.487s] -- Symlinking: /home/aditya/Dexter/install/dexter_controller/include/include/dexter_controller/dexter_interface.hpp
[28.521s] -- Symlinking: /home/aditya/Dexter/install/dexter_controller/share/dexter_controller/launch/controller.launch.py
[28.548s] -- Symlinking: /home/aditya/Dexter/install/dexter_controller/share/dexter_controller/launch/slider_controller.launch.py
[28.573s] -- Symlinking: /home/aditya/Dexter/install/dexter_controller/share/dexter_controller/config/dexter_controllers.yaml
[28.598s] -- Symlinking: /home/aditya/Dexter/install/dexter_controller/lib/dexter_controller/slider_control.py
[28.624s] -- Symlinking: /home/aditya/Dexter/install/dexter_controller/share/dexter_controller/environment/library_path.sh
[28.652s] -- Symlinking: /home/aditya/Dexter/install/dexter_controller/share/dexter_controller/environment/library_path.dsv
[28.681s] -- Symlinking: /home/aditya/Dexter/install/dexter_controller/share/ament_index/resource_index/package_run_dependencies/dexter_controller
[28.708s] -- Symlinking: /home/aditya/Dexter/install/dexter_controller/share/ament_index/resource_index/parent_prefix_path/dexter_controller
[28.733s] -- Symlinking: /home/aditya/Dexter/install/dexter_controller/share/dexter_controller/environment/ament_prefix_path.sh
[28.762s] -- Symlinking: /home/aditya/Dexter/install/dexter_controller/share/dexter_controller/environment/ament_prefix_path.dsv
[28.788s] -- Symlinking: /home/aditya/Dexter/install/dexter_controller/share/dexter_controller/environment/path.sh
[28.816s] -- Symlinking: /home/aditya/Dexter/install/dexter_controller/share/dexter_controller/environment/path.dsv
[28.847s] -- Symlinking: /home/aditya/Dexter/install/dexter_controller/share/dexter_controller/local_setup.bash
[28.874s] -- Symlinking: /home/aditya/Dexter/install/dexter_controller/share/dexter_controller/local_setup.sh
[28.906s] -- Symlinking: /home/aditya/Dexter/install/dexter_controller/share/dexter_controller/local_setup.zsh
[28.932s] -- Symlinking: /home/aditya/Dexter/install/dexter_controller/share/dexter_controller/local_setup.dsv
[28.957s] -- Symlinking: /home/aditya/Dexter/install/dexter_controller/share/dexter_controller/package.dsv
[28.985s] -- Symlinking: /home/aditya/Dexter/install/dexter_controller/share/ament_index/resource_index/packages/dexter_controller
[29.012s] -- Symlinking: /home/aditya/Dexter/install/dexter_controller/share/ament_index/resource_index/hardware_interface__pluginlib__plugin/dexter_controller
[29.043s] -- Symlinking: /home/aditya/Dexter/install/dexter_controller/share/dexter_controller/cmake/ament_cmake_export_include_directories-extras.cmake
[29.072s] -- Symlinking: /home/aditya/Dexter/install/dexter_controller/share/dexter_controller/cmake/ament_cmake_export_libraries-extras.cmake
[29.100s] -- Symlinking: /home/aditya/Dexter/install/dexter_controller/share/dexter_controller/cmake/ament_cmake_export_dependencies-extras.cmake
[29.124s] -- Symlinking: /home/aditya/Dexter/install/dexter_controller/share/dexter_controller/cmake/dexter_controllerConfig.cmake
[29.151s] -- Symlinking: /home/aditya/Dexter/install/dexter_controller/share/dexter_controller/cmake/dexter_controllerConfig-version.cmake
[29.176s] -- Symlinking: /home/aditya/Dexter/install/dexter_controller/share/dexter_controller/package.xml
[29.323s] Listing '/home/aditya/Dexter/install/dexter_controller/lib/python3.12/site-packages/dexter_controller'...
[29.323s] Compiling '/home/aditya/Dexter/install/dexter_controller/lib/python3.12/site-packages/dexter_controller/__init__.py'...
[29.324s] Compiling '/home/aditya/Dexter/install/dexter_controller/lib/python3.12/site-packages/dexter_controller/slider_control.py'...
[29.348s] Invoked command in '/home/aditya/Dexter/build/dexter_controller' returned '0': AMENT_PREFIX_PATH=/home/aditya/Dexter/install/dexter_description:${AMENT_PREFIX_PATH} CMAKE_PREFIX_PATH=/home/aditya/Dexter/install/dexter_description:/home/aditya/ros2_ws/install/my_robot_bringup:/home/aditya/ros2_ws/install/my_cpp_pkg:/home/aditya/ros2_ws/install/my_robot_interfaces:/opt/ros/jazzy/opt/gz_sim_vendor:/opt/ros/jazzy/opt/gz_sensors_vendor:/opt/ros/jazzy/opt/gz_physics_vendor:/opt/ros/jazzy/opt/sdformat_vendor:/opt/ros/jazzy/opt/gz_gui_vendor:/opt/ros/jazzy/opt/gz_transport_vendor:/opt/ros/jazzy/opt/gz_rendering_vendor:/opt/ros/jazzy/opt/gz_plugin_vendor:/opt/ros/jazzy/opt/gz_fuel_tools_vendor:/opt/ros/jazzy/opt/gz_msgs_vendor:/opt/ros/jazzy/opt/gz_common_vendor:/opt/ros/jazzy/opt/gz_math_vendor:/opt/ros/jazzy/opt/gz_utils_vendor:/opt/ros/jazzy/opt/gz_tools_vendor:/opt/ros/jazzy/opt/gz_ogre_next_vendor:/opt/ros/jazzy/opt/gz_dartsim_vendor:/opt/ros/jazzy/opt/gz_cmake_vendor:/home/aditya/ros2_ws/install/my_py_pkg:/opt/ros/jazzy DEBUGINFOD_URLS=https://debuginfod.ubuntu.com VIRTUAL_ENV_PROMPT=(venv-ardupilot) /usr/bin/cmake --install /home/aditya/Dexter/build/dexter_controller
