-- Found ament_cmake: 2.5.5 (/opt/ros/jazzy/share/ament_cmake/cmake)
-- Override CMake install command with custom implementation using symlinks instead of copying resources
-- Found rclcpp: 28.1.16 (/opt/ros/jazzy/share/rclcpp/cmake)
-- Found rosidl_generator_c: 4.6.7 (/opt/ros/jazzy/share/rosidl_generator_c/cmake)
-- Found rosidl_generator_cpp: 4.6.7 (/opt/ros/jazzy/share/rosidl_generator_cpp/cmake)
-- Using all available rosidl_typesupport_c: rosidl_typesupport_fastrtps_c;rosidl_typesupport_introspection_c
-- Using all available rosidl_typesupport_cpp: rosidl_typesupport_fastrtps_cpp;rosidl_typesupport_introspection_cpp
-- Found rmw_implementation_cmake: 7.3.3 (/opt/ros/jazzy/share/rmw_implementation_cmake/cmake)
-- Found rmw_fastrtps_cpp: 8.4.3 (/opt/ros/jazzy/share/rmw_fastrtps_cpp/cmake)
-- Using RMW implementation 'rmw_fastrtps_cpp' as default
-- Found std_msgs: 5.3.6 (/opt/ros/jazzy/share/std_msgs/cmake)
-- Found rclpy: 7.1.9 (/opt/ros/jazzy/share/rclpy/cmake)
-- Configuring done (2.1s)
-- Generating done (0.0s)
-- Build files have been written to: /home/aditya/Dexter/build/dexter_firmware
[  0%] Built target ament_cmake_python_symlink_dexter_firmware
[ 50%] Built target simple_serial_transmitter
[100%] Built target simple_serial_receiver
running egg_info
writing dexter_firmware.egg-info/PKG-INFO
writing dependency_links to dexter_firmware.egg-info/dependency_links.txt
writing top-level names to dexter_firmware.egg-info/top_level.txt
reading manifest file 'dexter_firmware.egg-info/SOURCES.txt'
writing manifest file 'dexter_firmware.egg-info/SOURCES.txt'
[100%] Built target ament_cmake_python_build_dexter_firmware_egg
-- Install configuration: ""
-- Execute custom install script
-- Up-to-date symlink: /home/aditya/Dexter/install/dexter_firmware/share/dexter_firmware/environment/pythonpath.sh
-- Up-to-date symlink: /home/aditya/Dexter/install/dexter_firmware/share/dexter_firmware/environment/pythonpath.dsv
-- Up-to-date symlink: /home/aditya/Dexter/install/dexter_firmware/lib/python3.12/site-packages/dexter_firmware-0.0.0-py3.12.egg-info/PKG-INFO
-- Up-to-date symlink: /home/aditya/Dexter/install/dexter_firmware/lib/python3.12/site-packages/dexter_firmware-0.0.0-py3.12.egg-info/SOURCES.txt
-- Up-to-date symlink: /home/aditya/Dexter/install/dexter_firmware/lib/python3.12/site-packages/dexter_firmware-0.0.0-py3.12.egg-info/dependency_links.txt
-- Up-to-date symlink: /home/aditya/Dexter/install/dexter_firmware/lib/python3.12/site-packages/dexter_firmware-0.0.0-py3.12.egg-info/top_level.txt
-- Up-to-date symlink: /home/aditya/Dexter/install/dexter_firmware/lib/python3.12/site-packages/dexter_firmware/__init__.py
-- Up-to-date symlink: /home/aditya/Dexter/install/dexter_firmware/lib/python3.12/site-packages/dexter_firmware/simple_serial_receiver.py
-- Up-to-date symlink: /home/aditya/Dexter/install/dexter_firmware/lib/python3.12/site-packages/dexter_firmware/simple_serial_transmitter.py
-- Up-to-date symlink: /home/aditya/Dexter/install/dexter_firmware/bin/simple_serial_receiver
-- Up-to-date symlink: /home/aditya/Dexter/install/dexter_firmware/bin/simple_serial_transmitter
-- Up-to-date symlink: /home/aditya/Dexter/install/dexter_firmware/lib/dexter_firmware/simple_serial_transmitter.py
-- Up-to-date symlink: /home/aditya/Dexter/install/dexter_firmware/lib/dexter_firmware/simple_serial_receiver.py
-- Up-to-date symlink: /home/aditya/Dexter/install/dexter_firmware/share/ament_index/resource_index/package_run_dependencies/dexter_firmware
-- Up-to-date symlink: /home/aditya/Dexter/install/dexter_firmware/share/ament_index/resource_index/parent_prefix_path/dexter_firmware
-- Up-to-date symlink: /home/aditya/Dexter/install/dexter_firmware/share/dexter_firmware/environment/ament_prefix_path.sh
-- Up-to-date symlink: /home/aditya/Dexter/install/dexter_firmware/share/dexter_firmware/environment/ament_prefix_path.dsv
-- Up-to-date symlink: /home/aditya/Dexter/install/dexter_firmware/share/dexter_firmware/environment/path.sh
-- Up-to-date symlink: /home/aditya/Dexter/install/dexter_firmware/share/dexter_firmware/environment/path.dsv
-- Up-to-date symlink: /home/aditya/Dexter/install/dexter_firmware/share/dexter_firmware/local_setup.bash
-- Up-to-date symlink: /home/aditya/Dexter/install/dexter_firmware/share/dexter_firmware/local_setup.sh
-- Up-to-date symlink: /home/aditya/Dexter/install/dexter_firmware/share/dexter_firmware/local_setup.zsh
-- Up-to-date symlink: /home/aditya/Dexter/install/dexter_firmware/share/dexter_firmware/local_setup.dsv
-- Symlinking: /home/aditya/Dexter/install/dexter_firmware/share/dexter_firmware/package.dsv
-- Up-to-date symlink: /home/aditya/Dexter/install/dexter_firmware/share/ament_index/resource_index/packages/dexter_firmware
-- Up-to-date symlink: /home/aditya/Dexter/install/dexter_firmware/share/dexter_firmware/cmake/dexter_firmwareConfig.cmake
-- Up-to-date symlink: /home/aditya/Dexter/install/dexter_firmware/share/dexter_firmware/cmake/dexter_firmwareConfig-version.cmake
-- Up-to-date symlink: /home/aditya/Dexter/install/dexter_firmware/share/dexter_firmware/package.xml
Listing '/home/aditya/Dexter/install/dexter_firmware/lib/python3.12/site-packages/dexter_firmware'...
