[0.039s] Invoking command in '/home/aditya/Dexter/build/dexter_firmware': CMAKE_PREFIX_PATH=${CMAKE_PREFIX_PATH}:/home/aditya/Dexter/install/dexter_py_examples:/home/aditya/ros2_ws/install/my_py_pkg:/opt/ros/jazzy DEBUGINFOD_URLS=https://debuginfod.ubuntu.com PS1=\[\e]0;\u@\h: \w\a\]${debian_chroot:+($debian_chroot)}\[\033[01;32m\]\u@\h\[\033[00m\]:\[\033[01;34m\]\w\[\033[00m\]\$ VIRTUAL_ENV_PROMPT=(venv-ardupilot) /usr/bin/cmake /home/aditya/Dexter/dexter_firmware -DCMAKE_INSTALL_PREFIX=/home/aditya/Dexter/install/dexter_firmware
[0.077s] -- Found ament_cmake: 2.5.5 (/opt/ros/jazzy/share/ament_cmake/cmake)
[0.699s] -- Override CMake install command with custom implementation using symlinks instead of copying resources
[0.720s] -- Found rclcpp: 28.1.16 (/opt/ros/jazzy/share/rclcpp/cmake)
[0.806s] -- Found rosidl_generator_c: 4.6.7 (/opt/ros/jazzy/share/rosidl_generator_c/cmake)
[0.832s] -- Found rosidl_generator_cpp: 4.6.7 (/opt/ros/jazzy/share/rosidl_generator_cpp/cmake)
[0.860s] -- Using all available rosidl_typesupport_c: rosidl_typesupport_fastrtps_c;rosidl_typesupport_introspection_c
[0.898s] -- Using all available rosidl_typesupport_cpp: rosidl_typesupport_fastrtps_cpp;rosidl_typesupport_introspection_cpp
[1.110s] -- Found rmw_implementation_cmake: 7.3.3 (/opt/ros/jazzy/share/rmw_implementation_cmake/cmake)
[1.117s] -- Found rmw_fastrtps_cpp: 8.4.3 (/opt/ros/jazzy/share/rmw_fastrtps_cpp/cmake)
[1.340s] -- Using RMW implementation 'rmw_fastrtps_cpp' as default
[1.597s] -- Found std_msgs: 5.3.6 (/opt/ros/jazzy/share/std_msgs/cmake)
[1.637s] -- Found rclpy: 7.1.9 (/opt/ros/jazzy/share/rclpy/cmake)
[2.180s] -- Configuring done (2.1s)
[2.227s] -- Generating done (0.0s)
[2.243s] -- Build files have been written to: /home/aditya/Dexter/build/dexter_firmware
[2.263s] Invoked command in '/home/aditya/Dexter/build/dexter_firmware' returned '0': CMAKE_PREFIX_PATH=${CMAKE_PREFIX_PATH}:/home/aditya/Dexter/install/dexter_py_examples:/home/aditya/ros2_ws/install/my_py_pkg:/opt/ros/jazzy DEBUGINFOD_URLS=https://debuginfod.ubuntu.com PS1=\[\e]0;\u@\h: \w\a\]${debian_chroot:+($debian_chroot)}\[\033[01;32m\]\u@\h\[\033[00m\]:\[\033[01;34m\]\w\[\033[00m\]\$ VIRTUAL_ENV_PROMPT=(venv-ardupilot) /usr/bin/cmake /home/aditya/Dexter/dexter_firmware -DCMAKE_INSTALL_PREFIX=/home/aditya/Dexter/install/dexter_firmware
[2.266s] Invoking command in '/home/aditya/Dexter/build/dexter_firmware': CMAKE_PREFIX_PATH=${CMAKE_PREFIX_PATH}:/home/aditya/Dexter/install/dexter_py_examples:/home/aditya/ros2_ws/install/my_py_pkg:/opt/ros/jazzy DEBUGINFOD_URLS=https://debuginfod.ubuntu.com PS1=\[\e]0;\u@\h: \w\a\]${debian_chroot:+($debian_chroot)}\[\033[01;32m\]\u@\h\[\033[00m\]:\[\033[01;34m\]\w\[\033[00m\]\$ VIRTUAL_ENV_PROMPT=(venv-ardupilot) /usr/bin/cmake --build /home/aditya/Dexter/build/dexter_firmware -- -j28 -l28
[2.448s] [  0%] Built target ament_cmake_python_symlink_dexter_firmware
[2.474s] [ 50%] Built target simple_serial_transmitter
[2.480s] [100%] Built target simple_serial_receiver
[3.290s] running egg_info
[3.343s] writing dexter_firmware.egg-info/PKG-INFO
[3.344s] writing dependency_links to dexter_firmware.egg-info/dependency_links.txt
[3.344s] writing top-level names to dexter_firmware.egg-info/top_level.txt
[3.500s] reading manifest file 'dexter_firmware.egg-info/SOURCES.txt'
[3.502s] writing manifest file 'dexter_firmware.egg-info/SOURCES.txt'
[3.576s] [100%] Built target ament_cmake_python_build_dexter_firmware_egg
[3.607s] Invoked command in '/home/aditya/Dexter/build/dexter_firmware' returned '0': CMAKE_PREFIX_PATH=${CMAKE_PREFIX_PATH}:/home/aditya/Dexter/install/dexter_py_examples:/home/aditya/ros2_ws/install/my_py_pkg:/opt/ros/jazzy DEBUGINFOD_URLS=https://debuginfod.ubuntu.com PS1=\[\e]0;\u@\h: \w\a\]${debian_chroot:+($debian_chroot)}\[\033[01;32m\]\u@\h\[\033[00m\]:\[\033[01;34m\]\w\[\033[00m\]\$ VIRTUAL_ENV_PROMPT=(venv-ardupilot) /usr/bin/cmake --build /home/aditya/Dexter/build/dexter_firmware -- -j28 -l28
[3.610s] Invoking command in '/home/aditya/Dexter/build/dexter_firmware': CMAKE_PREFIX_PATH=${CMAKE_PREFIX_PATH}:/home/aditya/Dexter/install/dexter_py_examples:/home/aditya/ros2_ws/install/my_py_pkg:/opt/ros/jazzy DEBUGINFOD_URLS=https://debuginfod.ubuntu.com PS1=\[\e]0;\u@\h: \w\a\]${debian_chroot:+($debian_chroot)}\[\033[01;32m\]\u@\h\[\033[00m\]:\[\033[01;34m\]\w\[\033[00m\]\$ VIRTUAL_ENV_PROMPT=(venv-ardupilot) /usr/bin/cmake --install /home/aditya/Dexter/build/dexter_firmware
[3.632s] -- Install configuration: ""
[3.632s] -- Execute custom install script
[3.633s] -- Up-to-date symlink: /home/aditya/Dexter/install/dexter_firmware/share/dexter_firmware/environment/pythonpath.sh
[3.634s] -- Up-to-date symlink: /home/aditya/Dexter/install/dexter_firmware/share/dexter_firmware/environment/pythonpath.dsv
[3.635s] -- Up-to-date symlink: /home/aditya/Dexter/install/dexter_firmware/lib/python3.12/site-packages/dexter_firmware-0.0.0-py3.12.egg-info/PKG-INFO
[3.635s] -- Up-to-date symlink: /home/aditya/Dexter/install/dexter_firmware/lib/python3.12/site-packages/dexter_firmware-0.0.0-py3.12.egg-info/SOURCES.txt
[3.635s] -- Up-to-date symlink: /home/aditya/Dexter/install/dexter_firmware/lib/python3.12/site-packages/dexter_firmware-0.0.0-py3.12.egg-info/dependency_links.txt
[3.635s] -- Up-to-date symlink: /home/aditya/Dexter/install/dexter_firmware/lib/python3.12/site-packages/dexter_firmware-0.0.0-py3.12.egg-info/top_level.txt
[3.636s] -- Up-to-date symlink: /home/aditya/Dexter/install/dexter_firmware/lib/python3.12/site-packages/dexter_firmware/__init__.py
[3.637s] -- Up-to-date symlink: /home/aditya/Dexter/install/dexter_firmware/lib/python3.12/site-packages/dexter_firmware/simple_serial_receiver.py
[3.637s] -- Up-to-date symlink: /home/aditya/Dexter/install/dexter_firmware/lib/python3.12/site-packages/dexter_firmware/simple_serial_transmitter.py
[3.637s] -- Up-to-date symlink: /home/aditya/Dexter/install/dexter_firmware/bin/simple_serial_receiver
[3.638s] -- Up-to-date symlink: /home/aditya/Dexter/install/dexter_firmware/bin/simple_serial_transmitter
[3.638s] -- Up-to-date symlink: /home/aditya/Dexter/install/dexter_firmware/lib/dexter_firmware/simple_serial_transmitter.py
[3.638s] -- Up-to-date symlink: /home/aditya/Dexter/install/dexter_firmware/lib/dexter_firmware/simple_serial_receiver.py
[3.638s] -- Up-to-date symlink: /home/aditya/Dexter/install/dexter_firmware/share/ament_index/resource_index/package_run_dependencies/dexter_firmware
[3.639s] -- Up-to-date symlink: /home/aditya/Dexter/install/dexter_firmware/share/ament_index/resource_index/parent_prefix_path/dexter_firmware
[3.639s] -- Up-to-date symlink: /home/aditya/Dexter/install/dexter_firmware/share/dexter_firmware/environment/ament_prefix_path.sh
[3.640s] -- Up-to-date symlink: /home/aditya/Dexter/install/dexter_firmware/share/dexter_firmware/environment/ament_prefix_path.dsv
[3.640s] -- Up-to-date symlink: /home/aditya/Dexter/install/dexter_firmware/share/dexter_firmware/environment/path.sh
[3.640s] -- Up-to-date symlink: /home/aditya/Dexter/install/dexter_firmware/share/dexter_firmware/environment/path.dsv
[3.640s] -- Up-to-date symlink: /home/aditya/Dexter/install/dexter_firmware/share/dexter_firmware/local_setup.bash
[3.641s] -- Up-to-date symlink: /home/aditya/Dexter/install/dexter_firmware/share/dexter_firmware/local_setup.sh
[3.641s] -- Up-to-date symlink: /home/aditya/Dexter/install/dexter_firmware/share/dexter_firmware/local_setup.zsh
[3.641s] -- Up-to-date symlink: /home/aditya/Dexter/install/dexter_firmware/share/dexter_firmware/local_setup.dsv
[3.641s] -- Symlinking: /home/aditya/Dexter/install/dexter_firmware/share/dexter_firmware/package.dsv
[3.672s] -- Up-to-date symlink: /home/aditya/Dexter/install/dexter_firmware/share/ament_index/resource_index/packages/dexter_firmware
[3.673s] -- Up-to-date symlink: /home/aditya/Dexter/install/dexter_firmware/share/dexter_firmware/cmake/dexter_firmwareConfig.cmake
[3.673s] -- Up-to-date symlink: /home/aditya/Dexter/install/dexter_firmware/share/dexter_firmware/cmake/dexter_firmwareConfig-version.cmake
[3.673s] -- Up-to-date symlink: /home/aditya/Dexter/install/dexter_firmware/share/dexter_firmware/package.xml
[3.785s] Listing '/home/aditya/Dexter/install/dexter_firmware/lib/python3.12/site-packages/dexter_firmware'...
[3.811s] Invoked command in '/home/aditya/Dexter/build/dexter_firmware' returned '0': CMAKE_PREFIX_PATH=${CMAKE_PREFIX_PATH}:/home/aditya/Dexter/install/dexter_py_examples:/home/aditya/ros2_ws/install/my_py_pkg:/opt/ros/jazzy DEBUGINFOD_URLS=https://debuginfod.ubuntu.com PS1=\[\e]0;\u@\h: \w\a\]${debian_chroot:+($debian_chroot)}\[\033[01;32m\]\u@\h\[\033[00m\]:\[\033[01;34m\]\w\[\033[00m\]\$ VIRTUAL_ENV_PROMPT=(venv-ardupilot) /usr/bin/cmake --install /home/aditya/Dexter/build/dexter_firmware
