[0.029s] Invoking command in '/home/aditya/Dexter/build/dexter_moveit': AMENT_PREFIX_PATH=/home/aditya/Dexter/install/dexter_description:${AMENT_PREFIX_PATH} CMAKE_PREFIX_PATH=/home/aditya/Dexter/install/dexter_description:/home/aditya/ros2_ws/install/my_robot_bringup:/home/aditya/ros2_ws/install/my_cpp_pkg:/home/aditya/ros2_ws/install/my_robot_interfaces:/opt/ros/jazzy/opt/gz_sim_vendor:/opt/ros/jazzy/opt/gz_sensors_vendor:/opt/ros/jazzy/opt/gz_physics_vendor:/opt/ros/jazzy/opt/sdformat_vendor:/opt/ros/jazzy/opt/gz_gui_vendor:/opt/ros/jazzy/opt/gz_transport_vendor:/opt/ros/jazzy/opt/gz_rendering_vendor:/opt/ros/jazzy/opt/gz_plugin_vendor:/opt/ros/jazzy/opt/gz_fuel_tools_vendor:/opt/ros/jazzy/opt/gz_msgs_vendor:/opt/ros/jazzy/opt/gz_common_vendor:/opt/ros/jazzy/opt/gz_math_vendor:/opt/ros/jazzy/opt/gz_utils_vendor:/opt/ros/jazzy/opt/gz_tools_vendor:/opt/ros/jazzy/opt/gz_ogre_next_vendor:/opt/ros/jazzy/opt/gz_dartsim_vendor:/opt/ros/jazzy/opt/gz_cmake_vendor:/home/aditya/ros2_ws/install/my_py_pkg:/opt/ros/jazzy DEBUGINFOD_URLS=https://debuginfod.ubuntu.com VIRTUAL_ENV_PROMPT=(venv-ardupilot) /usr/bin/cmake /home/aditya/Dexter/dexter_moveit -DAMENT_CMAKE_SYMLINK_INSTALL=1 -DCMAKE_INSTALL_PREFIX=/home/aditya/Dexter/install/dexter_moveit
[0.175s] -- The C compiler identification is GNU 13.3.0
[0.333s] -- The CXX compiler identification is GNU 13.3.0
[0.379s] -- Detecting C compiler ABI info
[0.628s] -- Detecting C compiler ABI info - done
[0.655s] -- Check for working C compiler: /usr/bin/cc - skipped
[0.656s] -- Detecting C compile features
[0.657s] -- Detecting C compile features - done
[0.685s] -- Detecting CXX compiler ABI info
[0.962s] -- Detecting CXX compiler ABI info - done
[0.993s] -- Check for working CXX compiler: /usr/bin/c++ - skipped
[0.995s] -- Detecting CXX compile features
[0.995s] -- Detecting CXX compile features - done
[1.006s] -- Found ament_cmake: 2.5.5 (/opt/ros/jazzy/share/ament_cmake/cmake)
[1.442s] -- Found Python3: /home/aditya/venv-ardupilot/bin/python3 (found version "3.12.3") found components: Interpreter 
[1.661s] -- Override CMake install command with custom implementation using symlinks instead of copying resources
[1.816s] -- Found ament_lint_auto: 0.17.4 (/opt/ros/jazzy/share/ament_lint_auto/cmake)
[2.174s] -- Added test 'copyright' to check source files copyright and LICENSE
[2.179s] -- Added test 'flake8' to check Python code syntax and style conventions
[2.180s] -- Configured 'flake8' exclude dirs and/or files: 
[2.182s] -- Added test 'lint_cmake' to check CMake code style
[2.184s] -- Added test 'pep257' to check Python code against some of the docstring style conventions in PEP 257
[2.188s] -- Added test 'xmllint' to check XML markup files
[2.193s] -- Configuring done (2.1s)
[2.200s] -- Generating done (0.0s)
[2.204s] -- Build files have been written to: /home/aditya/Dexter/build/dexter_moveit
[2.215s] Invoked command in '/home/aditya/Dexter/build/dexter_moveit' returned '0': AMENT_PREFIX_PATH=/home/aditya/Dexter/install/dexter_description:${AMENT_PREFIX_PATH} CMAKE_PREFIX_PATH=/home/aditya/Dexter/install/dexter_description:/home/aditya/ros2_ws/install/my_robot_bringup:/home/aditya/ros2_ws/install/my_cpp_pkg:/home/aditya/ros2_ws/install/my_robot_interfaces:/opt/ros/jazzy/opt/gz_sim_vendor:/opt/ros/jazzy/opt/gz_sensors_vendor:/opt/ros/jazzy/opt/gz_physics_vendor:/opt/ros/jazzy/opt/sdformat_vendor:/opt/ros/jazzy/opt/gz_gui_vendor:/opt/ros/jazzy/opt/gz_transport_vendor:/opt/ros/jazzy/opt/gz_rendering_vendor:/opt/ros/jazzy/opt/gz_plugin_vendor:/opt/ros/jazzy/opt/gz_fuel_tools_vendor:/opt/ros/jazzy/opt/gz_msgs_vendor:/opt/ros/jazzy/opt/gz_common_vendor:/opt/ros/jazzy/opt/gz_math_vendor:/opt/ros/jazzy/opt/gz_utils_vendor:/opt/ros/jazzy/opt/gz_tools_vendor:/opt/ros/jazzy/opt/gz_ogre_next_vendor:/opt/ros/jazzy/opt/gz_dartsim_vendor:/opt/ros/jazzy/opt/gz_cmake_vendor:/home/aditya/ros2_ws/install/my_py_pkg:/opt/ros/jazzy DEBUGINFOD_URLS=https://debuginfod.ubuntu.com VIRTUAL_ENV_PROMPT=(venv-ardupilot) /usr/bin/cmake /home/aditya/Dexter/dexter_moveit -DAMENT_CMAKE_SYMLINK_INSTALL=1 -DCMAKE_INSTALL_PREFIX=/home/aditya/Dexter/install/dexter_moveit
[2.217s] Invoking command in '/home/aditya/Dexter/build/dexter_moveit': AMENT_PREFIX_PATH=/home/aditya/Dexter/install/dexter_description:${AMENT_PREFIX_PATH} CMAKE_PREFIX_PATH=/home/aditya/Dexter/install/dexter_description:/home/aditya/ros2_ws/install/my_robot_bringup:/home/aditya/ros2_ws/install/my_cpp_pkg:/home/aditya/ros2_ws/install/my_robot_interfaces:/opt/ros/jazzy/opt/gz_sim_vendor:/opt/ros/jazzy/opt/gz_sensors_vendor:/opt/ros/jazzy/opt/gz_physics_vendor:/opt/ros/jazzy/opt/sdformat_vendor:/opt/ros/jazzy/opt/gz_gui_vendor:/opt/ros/jazzy/opt/gz_transport_vendor:/opt/ros/jazzy/opt/gz_rendering_vendor:/opt/ros/jazzy/opt/gz_plugin_vendor:/opt/ros/jazzy/opt/gz_fuel_tools_vendor:/opt/ros/jazzy/opt/gz_msgs_vendor:/opt/ros/jazzy/opt/gz_common_vendor:/opt/ros/jazzy/opt/gz_math_vendor:/opt/ros/jazzy/opt/gz_utils_vendor:/opt/ros/jazzy/opt/gz_tools_vendor:/opt/ros/jazzy/opt/gz_ogre_next_vendor:/opt/ros/jazzy/opt/gz_dartsim_vendor:/opt/ros/jazzy/opt/gz_cmake_vendor:/home/aditya/ros2_ws/install/my_py_pkg:/opt/ros/jazzy DEBUGINFOD_URLS=https://debuginfod.ubuntu.com VIRTUAL_ENV_PROMPT=(venv-ardupilot) /usr/bin/cmake --build /home/aditya/Dexter/build/dexter_moveit -- -j28 -l28
[2.333s] Invoked command in '/home/aditya/Dexter/build/dexter_moveit' returned '0': AMENT_PREFIX_PATH=/home/aditya/Dexter/install/dexter_description:${AMENT_PREFIX_PATH} CMAKE_PREFIX_PATH=/home/aditya/Dexter/install/dexter_description:/home/aditya/ros2_ws/install/my_robot_bringup:/home/aditya/ros2_ws/install/my_cpp_pkg:/home/aditya/ros2_ws/install/my_robot_interfaces:/opt/ros/jazzy/opt/gz_sim_vendor:/opt/ros/jazzy/opt/gz_sensors_vendor:/opt/ros/jazzy/opt/gz_physics_vendor:/opt/ros/jazzy/opt/sdformat_vendor:/opt/ros/jazzy/opt/gz_gui_vendor:/opt/ros/jazzy/opt/gz_transport_vendor:/opt/ros/jazzy/opt/gz_rendering_vendor:/opt/ros/jazzy/opt/gz_plugin_vendor:/opt/ros/jazzy/opt/gz_fuel_tools_vendor:/opt/ros/jazzy/opt/gz_msgs_vendor:/opt/ros/jazzy/opt/gz_common_vendor:/opt/ros/jazzy/opt/gz_math_vendor:/opt/ros/jazzy/opt/gz_utils_vendor:/opt/ros/jazzy/opt/gz_tools_vendor:/opt/ros/jazzy/opt/gz_ogre_next_vendor:/opt/ros/jazzy/opt/gz_dartsim_vendor:/opt/ros/jazzy/opt/gz_cmake_vendor:/home/aditya/ros2_ws/install/my_py_pkg:/opt/ros/jazzy DEBUGINFOD_URLS=https://debuginfod.ubuntu.com VIRTUAL_ENV_PROMPT=(venv-ardupilot) /usr/bin/cmake --build /home/aditya/Dexter/build/dexter_moveit -- -j28 -l28
[2.336s] Invoking command in '/home/aditya/Dexter/build/dexter_moveit': AMENT_PREFIX_PATH=/home/aditya/Dexter/install/dexter_description:${AMENT_PREFIX_PATH} CMAKE_PREFIX_PATH=/home/aditya/Dexter/install/dexter_description:/home/aditya/ros2_ws/install/my_robot_bringup:/home/aditya/ros2_ws/install/my_cpp_pkg:/home/aditya/ros2_ws/install/my_robot_interfaces:/opt/ros/jazzy/opt/gz_sim_vendor:/opt/ros/jazzy/opt/gz_sensors_vendor:/opt/ros/jazzy/opt/gz_physics_vendor:/opt/ros/jazzy/opt/sdformat_vendor:/opt/ros/jazzy/opt/gz_gui_vendor:/opt/ros/jazzy/opt/gz_transport_vendor:/opt/ros/jazzy/opt/gz_rendering_vendor:/opt/ros/jazzy/opt/gz_plugin_vendor:/opt/ros/jazzy/opt/gz_fuel_tools_vendor:/opt/ros/jazzy/opt/gz_msgs_vendor:/opt/ros/jazzy/opt/gz_common_vendor:/opt/ros/jazzy/opt/gz_math_vendor:/opt/ros/jazzy/opt/gz_utils_vendor:/opt/ros/jazzy/opt/gz_tools_vendor:/opt/ros/jazzy/opt/gz_ogre_next_vendor:/opt/ros/jazzy/opt/gz_dartsim_vendor:/opt/ros/jazzy/opt/gz_cmake_vendor:/home/aditya/ros2_ws/install/my_py_pkg:/opt/ros/jazzy DEBUGINFOD_URLS=https://debuginfod.ubuntu.com VIRTUAL_ENV_PROMPT=(venv-ardupilot) /usr/bin/cmake --install /home/aditya/Dexter/build/dexter_moveit
[2.362s] -- Install configuration: ""
[2.363s] -- Execute custom install script
[2.365s] -- Symlinking: /home/aditya/Dexter/install/dexter_moveit/share/dexter_moveit/launch/moveit.launch.py
[2.390s] -- Symlinking: /home/aditya/Dexter/install/dexter_moveit/share/dexter_moveit/config/dexter.srdf
[2.417s] -- Symlinking: /home/aditya/Dexter/install/dexter_moveit/share/dexter_moveit/config/initial_positions.yaml
[2.441s] -- Symlinking: /home/aditya/Dexter/install/dexter_moveit/share/dexter_moveit/config/joint_limits.yaml
[2.465s] -- Symlinking: /home/aditya/Dexter/install/dexter_moveit/share/dexter_moveit/config/kinematics.yaml
[2.492s] -- Symlinking: /home/aditya/Dexter/install/dexter_moveit/share/dexter_moveit/config/moveit.rviz
[2.518s] -- Symlinking: /home/aditya/Dexter/install/dexter_moveit/share/dexter_moveit/config/moveit_controllers.yaml
[2.543s] -- Symlinking: /home/aditya/Dexter/install/dexter_moveit/share/dexter_moveit/config/pilz_cartesian_limits.yaml
[2.575s] -- Symlinking: /home/aditya/Dexter/install/dexter_moveit/share/dexter_moveit/config/planning_python_api.yaml
[2.605s] -- Symlinking: /home/aditya/Dexter/install/dexter_moveit/share/ament_index/resource_index/package_run_dependencies/dexter_moveit
[2.637s] -- Symlinking: /home/aditya/Dexter/install/dexter_moveit/share/ament_index/resource_index/parent_prefix_path/dexter_moveit
[2.664s] -- Symlinking: /home/aditya/Dexter/install/dexter_moveit/share/dexter_moveit/environment/ament_prefix_path.sh
[2.689s] -- Symlinking: /home/aditya/Dexter/install/dexter_moveit/share/dexter_moveit/environment/ament_prefix_path.dsv
[2.720s] -- Symlinking: /home/aditya/Dexter/install/dexter_moveit/share/dexter_moveit/environment/path.sh
[2.744s] -- Symlinking: /home/aditya/Dexter/install/dexter_moveit/share/dexter_moveit/environment/path.dsv
[2.771s] -- Symlinking: /home/aditya/Dexter/install/dexter_moveit/share/dexter_moveit/local_setup.bash
[2.795s] -- Symlinking: /home/aditya/Dexter/install/dexter_moveit/share/dexter_moveit/local_setup.sh
[2.820s] -- Symlinking: /home/aditya/Dexter/install/dexter_moveit/share/dexter_moveit/local_setup.zsh
[2.847s] -- Symlinking: /home/aditya/Dexter/install/dexter_moveit/share/dexter_moveit/local_setup.dsv
[2.872s] -- Symlinking: /home/aditya/Dexter/install/dexter_moveit/share/dexter_moveit/package.dsv
[2.896s] -- Symlinking: /home/aditya/Dexter/install/dexter_moveit/share/ament_index/resource_index/packages/dexter_moveit
[2.927s] -- Symlinking: /home/aditya/Dexter/install/dexter_moveit/share/dexter_moveit/cmake/dexter_moveitConfig.cmake
[2.954s] -- Symlinking: /home/aditya/Dexter/install/dexter_moveit/share/dexter_moveit/cmake/dexter_moveitConfig-version.cmake
[2.983s] -- Symlinking: /home/aditya/Dexter/install/dexter_moveit/share/dexter_moveit/package.xml
[3.014s] Invoked command in '/home/aditya/Dexter/build/dexter_moveit' returned '0': AMENT_PREFIX_PATH=/home/aditya/Dexter/install/dexter_description:${AMENT_PREFIX_PATH} CMAKE_PREFIX_PATH=/home/aditya/Dexter/install/dexter_description:/home/aditya/ros2_ws/install/my_robot_bringup:/home/aditya/ros2_ws/install/my_cpp_pkg:/home/aditya/ros2_ws/install/my_robot_interfaces:/opt/ros/jazzy/opt/gz_sim_vendor:/opt/ros/jazzy/opt/gz_sensors_vendor:/opt/ros/jazzy/opt/gz_physics_vendor:/opt/ros/jazzy/opt/sdformat_vendor:/opt/ros/jazzy/opt/gz_gui_vendor:/opt/ros/jazzy/opt/gz_transport_vendor:/opt/ros/jazzy/opt/gz_rendering_vendor:/opt/ros/jazzy/opt/gz_plugin_vendor:/opt/ros/jazzy/opt/gz_fuel_tools_vendor:/opt/ros/jazzy/opt/gz_msgs_vendor:/opt/ros/jazzy/opt/gz_common_vendor:/opt/ros/jazzy/opt/gz_math_vendor:/opt/ros/jazzy/opt/gz_utils_vendor:/opt/ros/jazzy/opt/gz_tools_vendor:/opt/ros/jazzy/opt/gz_ogre_next_vendor:/opt/ros/jazzy/opt/gz_dartsim_vendor:/opt/ros/jazzy/opt/gz_cmake_vendor:/home/aditya/ros2_ws/install/my_py_pkg:/opt/ros/jazzy DEBUGINFOD_URLS=https://debuginfod.ubuntu.com VIRTUAL_ENV_PROMPT=(venv-ardupilot) /usr/bin/cmake --install /home/aditya/Dexter/build/dexter_moveit
